2015-07-27 09:05:48	<?xml version="1.0" encoding="utf-8" ?><error_response><code>15</code><msg>Remote service error</msg><sub_code>isv.logistics-update-company-or-mailno-error:P07</sub_code><sub_msg>未作修改</sub_msg><request_id>10fc192al10y3</request_id></error_response><!--top010178081041.n.et2-->
2015-07-27 09:06:43	<?xml version="1.0" encoding="utf-8" ?><error_response><code>15</code><msg>Remote service error</msg><sub_code>isv.logistics-update-company-or-mailno-error:P07</sub_code><sub_msg>未作修改</sub_msg><request_id>zddrikbweeog</request_id></error_response><!--top010178019138.n.et2-->
2015-07-27 09:07:12	<?xml version="1.0" encoding="utf-8" ?><error_response><code>15</code><msg>Remote service error</msg><sub_code>isv.logistics-update-company-or-mailno-error:P07</sub_code><sub_msg>未作修改</sub_msg><request_id>10fkckpsgqtfx</request_id></error_response><!--top010178081137.n.et2-->
2015-07-27 09:08:02	<?xml version="1.0" encoding="utf-8" ?><error_response><code>15</code><msg>Remote service error</msg><sub_code>isv.logistics-update-company-or-mailno-error:P07</sub_code><sub_msg>未作修改</sub_msg><request_id>zqci69aj4gs4</request_id></error_response><!--top010178040151.n.et2-->
2015-07-27 09:08:23	<?xml version="1.0" encoding="utf-8" ?><error_response><code>15</code><msg>Remote service error</msg><sub_code>isv.logistics-update-company-or-mailno-error:P07</sub_code><sub_msg>未作修改</sub_msg><request_id>ze1xfaxbqkty</request_id></error_response><!--top010178020161.n.et2-->
2015-07-27 09:08:49	<?xml version="1.0" encoding="utf-8" ?><error_response><code>15</code><msg>Remote service error</msg><sub_code>isv.logistics-update-company-or-mailno-error:P07</sub_code><sub_msg>未作修改</sub_msg><request_id>16cf8qmeoy5vv</request_id></error_response><!--top010179171037.s.et2-->
2015-07-27 09:09:30	<?xml version="1.0" encoding="utf-8" ?><error_response><code>15</code><msg>Remote service error</msg><sub_code>isv.logistics-update-company-or-mailno-error:P07</sub_code><sub_msg>未作修改</sub_msg><request_id>zq6vi8tq2uq4</request_id></error_response><!--top010178040086.n.et2-->
2015-07-27 09:10:04	<?xml version="1.0" encoding="utf-8" ?><error_response><code>15</code><msg>Remote service error</msg><sub_code>isv.logistics-update-company-or-mailno-error:P07</sub_code><sub_msg>未作修改</sub_msg><request_id>qm53o3t9stc7</request_id></error_response><!--top010176019178.et2-->
2015-07-27 09:38:37	<?xml version="1.0" encoding="utf-8" ?><error_response><code>15</code><msg>Remote service error</msg><sub_code>isv.logistics-update-company-or-mailno-error:P07</sub_code><sub_msg>未作修改</sub_msg><request_id>zqcbxsf0bovs</request_id></error_response><!--top010178040149.n.et2-->
2015-07-27 09:38:41	<?xml version="1.0" encoding="utf-8" ?><error_response><code>15</code><msg>Remote service error</msg><sub_code>isv.logistics-update-company-or-mailno-error:P07</sub_code><sub_msg>未作修改</sub_msg><request_id>15q04ips6jjlf</request_id></error_response><!--top010179134190.s.et2-->
2015-07-27 09:38:45	<?xml version="1.0" encoding="utf-8" ?><error_response><code>15</code><msg>Remote service error</msg><sub_code>isv.logistics-update-company-or-mailno-error:P07</sub_code><sub_msg>未作修改</sub_msg><request_id>qm30u7rb5v21</request_id></error_response><!--top010176019154.et2-->
2015-07-27 09:39:22	<?xml version="1.0" encoding="utf-8" ?><error_response><code>15</code><msg>Remote service error</msg><sub_code>isv.logistics-update-company-or-mailno-error:P07</sub_code><sub_msg>未作修改</sub_msg><request_id>ze2d0k5at2kh</request_id></error_response><!--top010178020166.n.et2-->
2015-07-27 09:39:35	<?xml version="1.0" encoding="utf-8" ?><error_response><code>15</code><msg>Remote service error</msg><sub_code>isv.logistics-update-company-or-mailno-error:P07</sub_code><sub_msg>未作修改</sub_msg><request_id>ztarwkvhpqtw</request_id></error_response><!--top010178045098.n.et2-->
2015-07-27 09:39:41	<?xml version="1.0" encoding="utf-8" ?><error_response><code>15</code><msg>Remote service error</msg><sub_code>isv.logistics-offline-service-error:AT0011</sub_code><request_id>zddxr2zzfdh1</request_id></error_response><!--top010178019140.n.et2-->
2015-07-27 09:39:50	<?xml version="1.0" encoding="utf-8" ?><error_response><code>15</code><msg>Remote service error</msg><sub_code>isv.logistics-update-company-or-mailno-error:P07</sub_code><sub_msg>未作修改</sub_msg><request_id>ztbdqaytt99a</request_id></error_response><!--top010178045105.n.et2-->
2015-07-27 09:45:41	<?xml version="1.0" encoding="utf-8" ?><error_response><code>15</code><msg>Remote service error</msg><sub_code>isv.trade-not-exist</sub_code><sub_msg>订单不存在：14377170561582</sub_msg><request_id>10fctbb8rjjak</request_id></error_response><!--top010178081050.n.et2-->
2015-07-27 10:44:36	<?xml version="1.0" encoding="utf-8" ?><error_response><code>15</code><msg>Remote service error</msg><sub_code>isv.trade-not-exist</sub_code><sub_msg>订单不存在：2015072407879</sub_msg><request_id>10ficv4jmlj3j</request_id></error_response><!--top010178081114.n.et2-->
2015-07-27 14:15:34	<?xml version="1.0" encoding="utf-8" ?><error_response><code>15</code><msg>Remote service error</msg><sub_code>isv.trade-not-exist</sub_code><sub_msg>订单不存在：2015072407874</sub_msg><request_id>r4kj7jniwocc</request_id></error_response><!--top010176049158.et2-->
2015-07-27 14:15:37	<?xml version="1.0" encoding="utf-8" ?><error_response><code>15</code><msg>Remote service error</msg><sub_code>isv.trade-not-exist</sub_code><sub_msg>订单不存在：14377167827172</sub_msg><request_id>qm4humcocs5m</request_id></error_response><!--top010176019171.et2-->
2015-07-27 15:42:44	<?xml version="1.0" encoding="utf-8" ?><error_response><code>15</code><msg>Remote service error</msg><sub_code>isv.logistics-update-company-or-mailno-error:P07</sub_code><sub_msg>未作修改</sub_msg><request_id>qm33yqwfwcdk</request_id></error_response><!--top010176019155.et2-->
2015-07-27 16:11:28	<?xml version="1.0" encoding="utf-8" ?><error_response><code>15</code><msg>Remote service error</msg><sub_code>isv.logistics-update-company-or-mailno-error:P07</sub_code><sub_msg>未作修改</sub_msg><request_id>10fjeac7b431n</request_id></error_response><!--top010178081126.n.et2-->
2015-07-27 17:25:25	<?xml version="1.0" encoding="utf-8" ?><error_response><code>15</code><msg>Remote service error</msg><sub_code>isv.logistics-update-company-or-mailno-error:P07</sub_code><sub_msg>未作修改</sub_msg><request_id>10fc7hy4tre6p</request_id></error_response><!--top010178081043.n.et2-->
2015-07-27 17:25:47	<?xml version="1.0" encoding="utf-8" ?><error_response><code>15</code><msg>Remote service error</msg><sub_code>isv.logistics-update-company-or-mailno-error:P07</sub_code><sub_msg>未作修改</sub_msg><request_id>ztbdqo49nez4</request_id></error_response><!--top010178045105.n.et2-->
