2015-07-23 08:41:17	<?xml version="1.0" encoding="utf-8" ?><error_response><code>15</code><msg>Remote service error</msg><sub_code>isv.logistics-update-company-or-mailno-error:P07</sub_code><sub_msg>未作修改</sub_msg><request_id>16cegjv8a5z3w</request_id></error_response><!--top010179171028.s.et2-->
2015-07-23 08:43:06	<?xml version="1.0" encoding="utf-8" ?><error_response><code>15</code><msg>Remote service error</msg><sub_code>isv.logistics-update-company-or-mailno-error:P07</sub_code><sub_msg>未作修改</sub_msg><request_id>zddo9s7tq2sf</request_id></error_response><!--top010178019137.n.et2-->
2015-07-23 08:43:33	<?xml version="1.0" encoding="utf-8" ?><error_response><code>15</code><msg>Remote service error</msg><sub_code>isv.logistics-update-company-or-mailno-error:P07</sub_code><sub_msg>未作修改</sub_msg><request_id>15q8yfabna418</request_id></error_response><!--top010179135036.s.et2-->
2015-07-23 08:43:39	<?xml version="1.0" encoding="utf-8" ?><error_response><code>15</code><msg>Remote service error</msg><sub_code>isv.logistics-update-company-or-mailno-error:P07</sub_code><sub_msg>未作修改</sub_msg><request_id>10fi09j2rjty5</request_id></error_response><!--top010178081110.n.et2-->
2015-07-23 08:44:15	<?xml version="1.0" encoding="utf-8" ?><error_response><code>15</code><msg>Remote service error</msg><sub_code>isv.logistics-update-company-or-mailno-error:P07</sub_code><sub_msg>未作修改</sub_msg><request_id>qm4xb2rosqd3</request_id></error_response><!--top010176019176.et2-->
2015-07-23 08:45:46	<?xml version="1.0" encoding="utf-8" ?><error_response><code>15</code><msg>Remote service error</msg><sub_code>isv.logistics-update-company-or-mailno-error:P07</sub_code><sub_msg>未作修改</sub_msg><request_id>12lrux7fa3xgi</request_id></error_response><!--top010178208133.n.et2-->
2015-07-23 08:46:32	<?xml version="1.0" encoding="utf-8" ?><error_response><code>15</code><msg>Remote service error</msg><sub_code>isv.logistics-update-company-or-mailno-error:P07</sub_code><sub_msg>未作修改</sub_msg><request_id>r4l80qqt0970</request_id></error_response><!--top010176049166.et2-->
2015-07-23 08:46:50	<?xml version="1.0" encoding="utf-8" ?><error_response><code>15</code><msg>Remote service error</msg><sub_code>isv.logistics-update-company-or-mailno-error:P07</sub_code><sub_msg>未作修改</sub_msg><request_id>12l7uoamv0c2w</request_id></error_response><!--top010178207158.n.et2-->
2015-07-23 08:47:13	<?xml version="1.0" encoding="utf-8" ?><error_response><code>15</code><msg>Remote service error</msg><sub_code>isv.logistics-update-company-or-mailno-error:P07</sub_code><sub_msg>未作修改</sub_msg><request_id>10fby0abmm46y</request_id></error_response><!--top010178081040.n.et2-->
2015-07-23 08:47:17	<?xml version="1.0" encoding="utf-8" ?><error_response><code>15</code><msg>Remote service error</msg><sub_code>isv.logistics-update-company-or-mailno-error:P07</sub_code><sub_msg>未作修改</sub_msg><request_id>12jrmjqfgws6s</request_id></error_response><!--top010178205067.n.et2-->
2015-07-23 08:50:47	<?xml version="1.0" encoding="utf-8" ?><error_response><code>15</code><msg>Remote service error</msg><sub_code>isv.logistics-offline-service-error:B60</sub_code><sub_msg>运单号不符合规则或已经被使用</sub_msg><request_id>qm48d3zygipt</request_id></error_response><!--top010176019168.et2-->
2015-07-23 08:52:52	<?xml version="1.0" encoding="utf-8" ?><error_response><code>15</code><msg>Remote service error</msg><sub_code>isv.logistics-update-company-or-mailno-error:P07</sub_code><sub_msg>未作修改</sub_msg><request_id>10fj7wziale8w</request_id></error_response><!--top010178081124.n.et2-->
2015-07-23 08:54:14	<?xml version="1.0" encoding="utf-8" ?><error_response><code>15</code><msg>Remote service error</msg><sub_code>isv.logistics-update-company-or-mailno-error:P07</sub_code><sub_msg>未作修改</sub_msg><request_id>r4kpb9quu0vq</request_id></error_response><!--top010176049160.et2-->
2015-07-23 08:57:35	<?xml version="1.0" encoding="utf-8" ?><error_response><code>15</code><msg>Remote service error</msg><sub_code>isv.logistics-update-company-or-mailno-error:P07</sub_code><sub_msg>未作修改</sub_msg><request_id>qm3srvudwf58</request_id></error_response><!--top010176019163.et2-->
2015-07-23 08:57:44	<?xml version="1.0" encoding="utf-8" ?><error_response><code>15</code><msg>Remote service error</msg><sub_code>isv.logistics-update-company-or-mailno-error:P07</sub_code><sub_msg>未作修改</sub_msg><request_id>qm3d6ni1jp3w</request_id></error_response><!--top010176019158.et2-->
2015-07-23 08:58:03	<?xml version="1.0" encoding="utf-8" ?><error_response><code>15</code><msg>Remote service error</msg><sub_code>isv.logistics-update-company-or-mailno-error:P07</sub_code><sub_msg>未作修改</sub_msg><request_id>1476mod25jg2p</request_id></error_response><!--top010179045188.s.et2-->
2015-07-23 08:58:42	<?xml version="1.0" encoding="utf-8" ?><error_response><code>15</code><msg>Remote service error</msg><sub_code>isv.logistics-update-company-or-mailno-error:P07</sub_code><sub_msg>未作修改</sub_msg><request_id>10fje5hesxrj7</request_id></error_response><!--top010178081126.n.et2-->
2015-07-23 09:00:52	<?xml version="1.0" encoding="utf-8" ?><error_response><code>15</code><msg>Remote service error</msg><sub_code>isv.logistics-update-company-or-mailno-error:P07</sub_code><sub_msg>未作修改</sub_msg><request_id>1475bwo3kmitm</request_id></error_response><!--top010179045173.s.et2-->
2015-07-23 09:00:54	<?xml version="1.0" encoding="utf-8" ?><error_response><code>15</code><msg>Remote service error</msg><sub_code>isv.logistics-update-company-or-mailno-error:P07</sub_code><sub_msg>未作修改</sub_msg><request_id>1476gfvegr5kb</request_id></error_response><!--top010179045186.s.et2-->
2015-07-23 10:28:31	<?xml version="1.0" encoding="utf-8" ?><error_response><code>15</code><msg>Remote service error</msg><sub_code>isv.trade-not-exist</sub_code><sub_msg>订单不存在：1112664237117869</sub_msg><request_id>ztbahkw8970q</request_id></error_response><!--top010178045104.n.et2-->
2015-07-23 10:28:32	<?xml version="1.0" encoding="utf-8" ?><error_response><code>15</code><msg>Remote service error</msg><sub_code>isv.trade-not-exist</sub_code><sub_msg>订单不存在：1112664237117869</sub_msg><request_id>10fi9mcn89cu2</request_id></error_response><!--top010178081113.n.et2-->
2015-07-23 14:18:39	<?xml version="1.0" encoding="utf-8" ?><error_response><code>15</code><msg>Remote service error</msg><sub_code>isv.trade-not-exist</sub_code><sub_msg>订单不存在：1157433173468943</sub_msg><request_id>zq6vdyz3itxl</request_id></error_response><!--top010178040086.n.et2-->
2015-07-23 15:32:06	<?xml version="1.0" encoding="utf-8" ?><error_response><code>15</code><msg>Remote service error</msg><sub_code>isv.logistics-update-company-or-mailno-error:P07</sub_code><sub_msg>未作修改</sub_msg><request_id>10cgsj6ct9314</request_id></error_response><!--top010178076129.n.et2-->
2015-07-23 16:15:10	<?xml version="1.0" encoding="utf-8" ?><error_response><code>15</code><msg>Remote service error</msg><sub_code>isv.logistics-update-company-or-mailno-error:P06</sub_code><sub_msg>当前订单状态不支持修改</sub_msg><request_id>zqci22rrg13l</request_id></error_response><!--top010178040151.n.et2-->
2015-07-23 16:16:02	<?xml version="1.0" encoding="utf-8" ?><error_response><code>15</code><msg>Remote service error</msg><sub_code>isv.logistics-update-company-or-mailno-error:P07</sub_code><sub_msg>未作修改</sub_msg><request_id>zqdvy0pe4fr4</request_id></error_response><!--top010178040167.n.et2-->
2015-07-23 16:17:26	<?xml version="1.0" encoding="utf-8" ?><error_response><code>15</code><msg>Remote service error</msg><sub_code>isv.logistics-offline-service-error:AT0011</sub_code><request_id>r4lki2y5i78w</request_id></error_response><!--top010176049170.et2-->
2015-07-23 16:25:51	<?xml version="1.0" encoding="utf-8" ?><error_response><code>15</code><msg>Remote service error</msg><sub_code>isv.logistics-update-company-or-mailno-error:P07</sub_code><sub_msg>未作修改</sub_msg><request_id>zq77v21jaksj</request_id></error_response><!--top010178040090.n.et2-->
2015-07-23 17:51:42	<?xml version="1.0" encoding="utf-8" ?><error_response><code>15</code><msg>Remote service error</msg><sub_code>isv.trade-not-exist</sub_code><sub_msg>订单不存在：4965148030546</sub_msg><request_id>ztb49fnyj46f</request_id></error_response><!--top010178045102.n.et2-->
