2015-07-22 08:38:07	<?xml version="1.0" encoding="utf-8" ?><error_response><code>15</code><msg>Remote service error</msg><sub_code>isv.logistics-update-company-or-mailno-error:P07</sub_code><sub_msg>未作修改</sub_msg><request_id>10fiyj3u7mlpm</request_id></error_response><!--top010178081121.n.et2-->
2015-07-22 08:38:13	<?xml version="1.0" encoding="utf-8" ?><error_response><code>15</code><msg>Remote service error</msg><sub_code>isv.logistics-update-company-or-mailno-error:P07</sub_code><sub_msg>未作修改</sub_msg><request_id>r4kymv99z7oh</request_id></error_response><!--top010176049163.et2-->
2015-07-22 08:39:16	<?xml version="1.0" encoding="utf-8" ?><error_response><code>15</code><msg>Remote service error</msg><sub_code>isv.logistics-update-company-or-mailno-error:P07</sub_code><sub_msg>未作修改</sub_msg><request_id>r4kvimf1e0qe</request_id></error_response><!--top010176049162.et2-->
2015-07-22 08:42:24	<?xml version="1.0" encoding="utf-8" ?><error_response><code>15</code><msg>Remote service error</msg><sub_code>isv.logistics-update-company-or-mailno-error:P07</sub_code><sub_msg>未作修改</sub_msg><request_id>101ywut6bmhli</request_id></error_response><!--top010178059118.n.et2-->
2015-07-22 08:42:58	<?xml version="1.0" encoding="utf-8" ?><error_response><code>15</code><msg>Remote service error</msg><sub_code>isv.logistics-update-company-or-mailno-error:P07</sub_code><sub_msg>未作修改</sub_msg><request_id>r4kpa4s7frvg</request_id></error_response><!--top010176049160.et2-->
2015-07-22 08:48:27	<?xml version="1.0" encoding="utf-8" ?><error_response><code>15</code><msg>Remote service error</msg><sub_code>isv.trade-not-exist</sub_code><sub_msg>订单不存在：1437467395107</sub_msg><request_id>101yzz27ra0p4</request_id></error_response><!--top010178059119.n.et2-->
2015-07-22 08:52:28	<?xml version="1.0" encoding="utf-8" ?><error_response><code>15</code><msg>Remote service error</msg><sub_code>isv.logistics-update-company-or-mailno-error:P07</sub_code><sub_msg>未作修改</sub_msg><request_id>12ckkpppgw65q</request_id></error_response><!--top010178193148.n.et2-->
2015-07-22 08:59:56	<?xml version="1.0" encoding="utf-8" ?><error_response><code>15</code><msg>Remote service error</msg><sub_code>isv.logistics-offline-service-error:AT0011</sub_code><request_id>1476svq7h67eo</request_id></error_response><!--top010179045190.s.et2-->
2015-07-22 09:01:43	<?xml version="1.0" encoding="utf-8" ?><error_response><code>15</code><msg>Remote service error</msg><sub_code>isv.logistics-update-company-or-mailno-error:P07</sub_code><sub_msg>未作修改</sub_msg><request_id>10fkcf2ey0se5</request_id></error_response><!--top010178081137.n.et2-->
2015-07-22 09:02:20	<?xml version="1.0" encoding="utf-8" ?><error_response><code>15</code><msg>Remote service error</msg><sub_code>isv.logistics-offline-service-error:CONSIGN_GET_LOCK_ERROR</sub_code><request_id>zqcewd1h2lz2</request_id></error_response><!--top010178040150.n.et2-->
2015-07-22 09:03:10	<?xml version="1.0" encoding="utf-8" ?><error_response><code>15</code><msg>Remote service error</msg><sub_code>isv.logistics-update-company-or-mailno-error:P07</sub_code><sub_msg>未作修改</sub_msg><request_id>zqcewd2bqsje</request_id></error_response><!--top010178040150.n.et2-->
2015-07-22 09:03:37	<?xml version="1.0" encoding="utf-8" ?><error_response><code>15</code><msg>Remote service error</msg><sub_code>isv.logistics-update-company-or-mailno-error:P07</sub_code><sub_msg>未作修改</sub_msg><request_id>10f30tslk8e7a</request_id></error_response><!--top010178080193.n.et2-->
2015-07-22 09:03:47	<?xml version="1.0" encoding="utf-8" ?><error_response><code>15</code><msg>Remote service error</msg><sub_code>isv.logistics-update-company-or-mailno-error:P07</sub_code><sub_msg>未作修改</sub_msg><request_id>1476dahywadxe</request_id></error_response><!--top010179045185.s.et2-->
2015-07-22 09:04:00	<?xml version="1.0" encoding="utf-8" ?><error_response><code>15</code><msg>Remote service error</msg><sub_code>isv.logistics-update-company-or-mailno-error:P07</sub_code><sub_msg>未作修改</sub_msg><request_id>16cf8kz1u6lea</request_id></error_response><!--top010179171037.s.et2-->
2015-07-22 09:04:39	<?xml version="1.0" encoding="utf-8" ?><error_response><code>15</code><msg>Remote service error</msg><sub_code>isv.logistics-update-company-or-mailno-error:P07</sub_code><sub_msg>未作修改</sub_msg><request_id>13yk4rzzeqmbh</request_id></error_response><!--top010179031187.s.et2-->
2015-07-22 09:05:03	<?xml version="1.0" encoding="utf-8" ?><error_response><code>15</code><msg>Remote service error</msg><sub_code>isv.logistics-update-company-or-mailno-error:P07</sub_code><sub_msg>未作修改</sub_msg><request_id>10fk32bwfzbsn</request_id></error_response><!--top010178081134.n.et2-->
2015-07-22 09:08:35	<?xml version="1.0" encoding="utf-8" ?><error_response><code>15</code><msg>Remote service error</msg><sub_code>isv.logistics-offline-service-error:AT0011</sub_code><request_id>14sq7xhqkvcrm</request_id></error_response><!--top010179080183.s.et2-->
2015-07-22 10:25:35	<?xml version="1.0" encoding="utf-8" ?><error_response><code>15</code><msg>Remote service error</msg><sub_code>isv.logistics-update-company-or-mailno-error:P07</sub_code><sub_msg>未作修改</sub_msg><request_id>14758rcz5my79</request_id></error_response><!--top010179045172.s.et2-->
2015-07-22 10:25:48	<?xml version="1.0" encoding="utf-8" ?><error_response><code>15</code><msg>Remote service error</msg><sub_code>isv.logistics-update-company-or-mailno-error:P07</sub_code><sub_msg>未作修改</sub_msg><request_id>1475bvluoodvp</request_id></error_response><!--top010179045173.s.et2-->
2015-07-22 10:25:50	<?xml version="1.0" encoding="utf-8" ?><error_response><code>15</code><msg>Remote service error</msg><sub_code>isv.logistics-update-company-or-mailno-error:P07</sub_code><sub_msg>未作修改</sub_msg><request_id>ze2fz73ulphv</request_id></error_response><!--top010178020167.n.et2-->
2015-07-22 10:26:27	<?xml version="1.0" encoding="utf-8" ?><error_response><code>15</code><msg>Remote service error</msg><sub_code>isv.logistics-update-company-or-mailno-error:P07</sub_code><sub_msg>未作修改</sub_msg><request_id>ze2m7ov2po24</request_id></error_response><!--top010178020169.n.et2-->
2015-07-22 10:26:28	<?xml version="1.0" encoding="utf-8" ?><error_response><code>15</code><msg>Remote service error</msg><sub_code>isv.logistics-update-company-or-mailno-error:P07</sub_code><sub_msg>未作修改</sub_msg><request_id>zt91e1l8o8mz</request_id></error_response><!--top010178045078.n.et2-->
2015-07-22 10:26:30	<?xml version="1.0" encoding="utf-8" ?><error_response><code>15</code><msg>Remote service error</msg><sub_code>isv.logistics-update-company-or-mailno-error:P07</sub_code><sub_msg>未作修改</sub_msg><request_id>12cl9nrbe0x47</request_id></error_response><!--top010178193156.n.et2-->
2015-07-22 10:26:32	<?xml version="1.0" encoding="utf-8" ?><error_response><code>15</code><msg>Remote service error</msg><sub_code>isv.logistics-update-company-or-mailno-error:P07</sub_code><sub_msg>未作修改</sub_msg><request_id>14sqb1st33c2z</request_id></error_response><!--top010179080184.s.et2-->
2015-07-22 10:27:01	<?xml version="1.0" encoding="utf-8" ?><error_response><code>15</code><msg>Remote service error</msg><sub_code>isv.logistics-offline-service-error:AT0011</sub_code><request_id>zt9tg9fgqr8k</request_id></error_response><!--top010178045087.n.et2-->
2015-07-22 10:27:02	<?xml version="1.0" encoding="utf-8" ?><error_response><code>15</code><msg>Remote service error</msg><sub_code>isv.logistics-update-company-or-mailno-error:P07</sub_code><sub_msg>未作修改</sub_msg><request_id>zt9wkiary5w5</request_id></error_response><!--top010178045088.n.et2-->
2015-07-22 10:27:44	<?xml version="1.0" encoding="utf-8" ?><error_response><code>15</code><msg>Remote service error</msg><sub_code>isv.logistics-offline-service-error:AT0011</sub_code><request_id>r4kct89gzxkk</request_id></error_response><!--top010176049156.et2-->
2015-07-22 10:27:45	<?xml version="1.0" encoding="utf-8" ?><error_response><code>15</code><msg>Remote service error</msg><sub_code>isv.logistics-update-company-or-mailno-error:P07</sub_code><sub_msg>未作修改</sub_msg><request_id>14763xtqbzlbm</request_id></error_response><!--top010179045182.s.et2-->
2015-07-22 10:27:56	<?xml version="1.0" encoding="utf-8" ?><error_response><code>15</code><msg>Remote service error</msg><sub_code>isv.logistics-update-company-or-mailno-error:P07</sub_code><sub_msg>未作修改</sub_msg><request_id>14sqb1suhye55</request_id></error_response><!--top010179080184.s.et2-->
2015-07-22 11:01:37	<?xml version="1.0" encoding="utf-8" ?><error_response><code>15</code><msg>Remote service error</msg><sub_code>isv.logistics-offline-service-error:AT0011</sub_code><request_id>10fd2igrv52xv</request_id></error_response><!--top010178081053.n.et2-->
2015-07-22 11:21:42	<?xml version="1.0" encoding="utf-8" ?><error_response><code>15</code><msg>Remote service error</msg><sub_code>isv.logistics-update-company-or-mailno-error:P07</sub_code><sub_msg>未作修改</sub_msg><request_id>qm2rbwu2fxx1</request_id></error_response><!--top010176019151.et2-->
2015-07-22 11:27:05	<?xml version="1.0" encoding="utf-8" ?><error_response><code>15</code><msg>Remote service error</msg><sub_code>isv.logistics-offline-service-error:CONSIGN_FAIL</sub_code><request_id>r4lqp7uj50rc</request_id></error_response><!--top010176049172.et2-->
2015-07-22 11:27:11	<?xml version="1.0" encoding="utf-8" ?><error_response><code>15</code><msg>Remote service error</msg><sub_code>isv.trade-not-exist</sub_code><sub_msg>订单不存在：1112721975172392</sub_msg><request_id>15py7rqhy2t4y</request_id></error_response><!--top010179134168.s.et2-->
2015-07-22 11:42:51	<?xml version="1.0" encoding="utf-8" ?><error_response><code>15</code><msg>Remote service error</msg><sub_code>isv.logistics-update-company-or-mailno-error:P07</sub_code><sub_msg>未作修改</sub_msg><request_id>zqcl4zb6f32z</request_id></error_response><!--top010178040152.n.et2-->
2015-07-22 11:44:25	<?xml version="1.0" encoding="utf-8" ?><error_response><code>15</code><msg>Remote service error</msg><sub_code>isv.logistics-update-company-or-mailno-error:P07</sub_code><sub_msg>未作修改</sub_msg><request_id>r4kyn0ih0dh8</request_id></error_response><!--top010176049163.et2-->
2015-07-22 11:57:15	<?xml version="1.0" encoding="utf-8" ?><error_response><code>15</code><msg>Remote service error</msg><sub_code>isv.logistics-update-company-or-mailno-error:P07</sub_code><sub_msg>未作修改</sub_msg><request_id>zddxljnt9jy2</request_id></error_response><!--top010178019140.n.et2-->
2015-07-22 11:58:02	<?xml version="1.0" encoding="utf-8" ?><error_response><code>15</code><msg>Remote service error</msg><sub_code>isv.logistics-update-company-or-mailno-error:P07</sub_code><sub_msg>未作修改</sub_msg><request_id>10fi08jx3bxd8</request_id></error_response><!--top010178081110.n.et2-->
2015-07-22 15:04:48	<?xml version="1.0" encoding="utf-8" ?><error_response><code>15</code><msg>Remote service error</msg><sub_code>isv.logistics-update-company-or-mailno-error:P07</sub_code><sub_msg>未作修改</sub_msg><request_id>qm50ehqgrbxv</request_id></error_response><!--top010176019177.et2-->
2015-07-22 15:07:58	<?xml version="1.0" encoding="utf-8" ?><error_response><code>15</code><msg>Remote service error</msg><sub_code>isv.logistics-update-company-or-mailno-error:P07</sub_code><sub_msg>未作修改</sub_msg><request_id>r4lttmy9rfl9</request_id></error_response><!--top010176049173.et2-->
2015-07-22 15:14:48	<?xml version="1.0" encoding="utf-8" ?><error_response><code>15</code><msg>Remote service error</msg><sub_code>isv.logistics-update-company-or-mailno-error:P07</sub_code><sub_msg>未作修改</sub_msg><request_id>zqdvwubzaodc</request_id></error_response><!--top010178040167.n.et2-->
2015-07-22 15:15:13	<?xml version="1.0" encoding="utf-8" ?><error_response><code>15</code><msg>Remote service error</msg><sub_code>isv.logistics-update-company-or-mailno-error:P07</sub_code><sub_msg>未作修改</sub_msg><request_id>ztb13xqgm2cd</request_id></error_response><!--top010178045101.n.et2-->
2015-07-22 15:15:18	<?xml version="1.0" encoding="utf-8" ?><error_response><code>15</code><msg>Remote service error</msg><sub_code>isv.logistics-update-company-or-mailno-error:P07</sub_code><sub_msg>未作修改</sub_msg><request_id>r4le8et8madk</request_id></error_response><!--top010176049168.et2-->
2015-07-22 15:16:51	<?xml version="1.0" encoding="utf-8" ?><error_response><code>15</code><msg>Remote service error</msg><sub_code>isv.logistics-offline-service-error:CONSIGN_GET_LOCK_ERROR</sub_code><request_id>15pzrwcmn8zsb</request_id></error_response><!--top010179134186.s.et2-->
2015-07-22 16:26:29	<?xml version="1.0" encoding="utf-8" ?><error_response><code>15</code><msg>Remote service error</msg><sub_code>isv.logistics-update-company-or-mailno-error:P07</sub_code><sub_msg>未作修改</sub_msg><request_id>qm36xds8vnya</request_id></error_response><!--top010176019156.et2-->
2015-07-22 16:26:34	<?xml version="1.0" encoding="utf-8" ?><error_response><code>15</code><msg>Remote service error</msg><sub_code>isv.logistics-update-company-or-mailno-error:P07</sub_code><sub_msg>未作修改</sub_msg><request_id>ztac60skvpnc</request_id></error_response><!--top010178045093.n.et2-->
2015-07-22 16:26:36	<?xml version="1.0" encoding="utf-8" ?><error_response><code>15</code><msg>Remote service error</msg><sub_code>isv.logistics-update-company-or-mailno-error:P07</sub_code><sub_msg>未作修改</sub_msg><request_id>r4l4vq7sv75d</request_id></error_response><!--top010176049165.et2-->
2015-07-22 16:26:45	<?xml version="1.0" encoding="utf-8" ?><error_response><code>15</code><msg>Remote service error</msg><sub_code>isv.logistics-update-company-or-mailno-error:P07</sub_code><sub_msg>未作修改</sub_msg><request_id>101yzzf5g69ki</request_id></error_response><!--top010178059119.n.et2-->
2015-07-22 16:26:46	<?xml version="1.0" encoding="utf-8" ?><error_response><code>15</code><msg>Remote service error</msg><sub_code>isv.logistics-update-company-or-mailno-error:P07</sub_code><sub_msg>未作修改</sub_msg><request_id>16c76mep5iroz</request_id></error_response><!--top010179170200.s.et2-->
2015-07-22 16:26:48	<?xml version="1.0" encoding="utf-8" ?><error_response><code>15</code><msg>Remote service error</msg><sub_code>isv.logistics-update-company-or-mailno-error:P07</sub_code><sub_msg>未作修改</sub_msg><request_id>qm4r1tfwlv0f</request_id></error_response><!--top010176019174.et2-->
2015-07-22 16:26:54	<?xml version="1.0" encoding="utf-8" ?><error_response><code>15</code><msg>Remote service error</msg><sub_code>isv.logistics-update-company-or-mailno-error:P07</sub_code><sub_msg>未作修改</sub_msg><request_id>10fjzyfi44erv</request_id></error_response><!--top010178081133.n.et2-->
2015-07-22 16:27:27	<?xml version="1.0" encoding="utf-8" ?><error_response><code>15</code><msg>Remote service error</msg><sub_code>isv.logistics-update-company-or-mailno-error:P07</sub_code><sub_msg>未作修改</sub_msg><request_id>1476gf3d05lzf</request_id></error_response><!--top010179045186.s.et2-->
2015-07-22 16:27:55	<?xml version="1.0" encoding="utf-8" ?><error_response><code>15</code><msg>Remote service error</msg><sub_code>isv.logistics-offline-service-error:B60</sub_code><sub_msg>运单号不符合规则或已经被使用</sub_msg><request_id>10fi9li57s2ig</request_id></error_response><!--top010178081113.n.et2-->
2015-07-22 16:29:33	<?xml version="1.0" encoding="utf-8" ?><error_response><code>15</code><msg>Remote service error</msg><sub_code>isv.logistics-update-company-or-mailno-error:P07</sub_code><sub_msg>未作修改</sub_msg><request_id>qm4ktbs3myo3</request_id></error_response><!--top010176019172.et2-->
2015-07-22 16:29:47	<?xml version="1.0" encoding="utf-8" ?><error_response><code>15</code><msg>Remote service error</msg><sub_code>isv.logistics-update-company-or-mailno-error:P07</sub_code><sub_msg>未作修改</sub_msg><request_id>10fbuv9v5jc2y</request_id></error_response><!--top010178081039.n.et2-->
2015-07-22 16:30:23	<?xml version="1.0" encoding="utf-8" ?><error_response><code>15</code><msg>Remote service error</msg><sub_code>isv.logistics-update-company-or-mailno-error:P07</sub_code><sub_msg>未作修改</sub_msg><request_id>qm53it0qfnig</request_id></error_response><!--top010176019178.et2-->
2015-07-22 17:14:56	<?xml version="1.0" encoding="utf-8" ?><error_response><code>15</code><msg>Remote service error</msg><sub_code>isv.trade-not-exist</sub_code><sub_msg>订单不存在：1112721975172392</sub_msg><request_id>qm3minhyeycx</request_id></error_response><!--top010176019161.et2-->
2015-07-22 17:49:27	<?xml version="1.0" encoding="utf-8" ?><error_response><code>15</code><msg>Remote service error</msg><sub_code>isv.logistics-update-company-or-mailno-error:P07</sub_code><sub_msg>未作修改</sub_msg><request_id>r4lkh0wgdcbf</request_id></error_response><!--top010176049170.et2-->
2015-07-22 18:02:10	<?xml version="1.0" encoding="utf-8" ?><error_response><code>15</code><msg>Remote service error</msg><sub_code>isv.logistics-update-company-or-mailno-error:P07</sub_code><sub_msg>未作修改</sub_msg><request_id>qm3ga73crzdb</request_id></error_response><!--top010176019159.et2-->
