2015-08-18 10:52:45	<?xml version="1.0" encoding="utf-8" ?><error_response><code>15</code><msg>Remote service error</msg><sub_code>isv.logistics-update-company-or-mailno-error:P06</sub_code><sub_msg>当前订单状态不支持修改</sub_msg><request_id>qm3k8l8hdjid</request_id></error_response><!--top010176019160.et2-->
2015-08-18 10:54:22	<?xml version="1.0" encoding="utf-8" ?><error_response><code>15</code><msg>Remote service error</msg><sub_code>isv.logistics-update-company-or-mailno-error:P07</sub_code><sub_msg>未作修改</sub_msg><request_id>1475vfl9nitox</request_id></error_response><!--top010179045179.s.et2-->
2015-08-18 10:57:20	<?xml version="1.0" encoding="utf-8" ?><error_response><code>15</code><msg>Remote service error</msg><sub_code>isv.logistics-update-company-or-mailno-error:P07</sub_code><sub_msg>未作修改</sub_msg><request_id>12kbe9d2870lf</request_id></error_response><!--top010178206039.n.et2-->
2015-08-18 10:57:41	<?xml version="1.0" encoding="utf-8" ?><error_response><code>15</code><msg>Remote service error</msg><sub_code>CD07</sub_code><sub_msg>物流订单状态不为新建状态,无需发货处理</sub_msg><request_id>zqciv6k5h8wn</request_id></error_response><!--top010178040151.n.et2-->
2015-08-18 10:58:36	<?xml version="1.0" encoding="utf-8" ?><error_response><code>15</code><msg>Remote service error</msg><sub_code>isv.logistics-update-company-or-mailno-error:P07</sub_code><sub_msg>未作修改</sub_msg><request_id>10fcbaq9axldk</request_id></error_response><!--top010178081044.n.et2-->
2015-08-18 10:58:46	<?xml version="1.0" encoding="utf-8" ?><error_response><code>15</code><msg>Remote service error</msg><sub_code>isv.logistics-update-company-or-mailno-error:P07</sub_code><sub_msg>未作修改</sub_msg><request_id>ztaytz0rjw04</request_id></error_response><!--top010178045100.n.et2-->
2015-08-18 10:58:48	<?xml version="1.0" encoding="utf-8" ?><error_response><code>15</code><msg>Remote service error</msg><sub_code>isv.logistics-update-company-or-mailno-error:P07</sub_code><sub_msg>未作修改</sub_msg><request_id>ztavpq5hqapt</request_id></error_response><!--top010178045099.n.et2-->
2015-08-18 10:58:53	<?xml version="1.0" encoding="utf-8" ?><error_response><code>15</code><msg>Remote service error</msg><sub_code>isv.logistics-update-company-or-mailno-error:P07</sub_code><sub_msg>未作修改</sub_msg><request_id>12lp3ys41ety6</request_id></error_response><!--top010178208101.n.et2-->
2015-08-18 10:59:46	<?xml version="1.0" encoding="utf-8" ?><error_response><code>15</code><msg>Remote service error</msg><sub_code>isv.logistics-update-company-or-mailno-error:P07</sub_code><sub_msg>未作修改</sub_msg><request_id>10fi12zo2axxx</request_id></error_response><!--top010178081110.n.et2-->
2015-08-18 10:59:51	<?xml version="1.0" encoding="utf-8" ?><error_response><code>15</code><msg>Remote service error</msg><sub_code>P06</sub_code><sub_msg>当前订单状态不支持修改</sub_msg><request_id>10fjbuoplhgep</request_id></error_response><!--top010178081125.n.et2-->
2015-08-18 11:04:45	<?xml version="1.0" encoding="utf-8" ?><error_response><code>15</code><msg>Remote service error</msg><sub_code>isv.logistics-update-company-or-mailno-error:P07</sub_code><sub_msg>未作修改</sub_msg><request_id>15q8pw0g7di35</request_id></error_response><!--top010179135033.s.et2-->
2015-08-18 11:04:51	<?xml version="1.0" encoding="utf-8" ?><error_response><code>15</code><msg>Remote service error</msg><sub_code>isv.logistics-update-company-or-mailno-error:P07</sub_code><sub_msg>未作修改</sub_msg><request_id>101yezxdghg89</request_id></error_response><!--top010178059112.n.et2-->
2015-08-18 11:08:06	<?xml version="1.0" encoding="utf-8" ?><error_response><code>15</code><msg>Remote service error</msg><sub_code>isv.logistics-update-company-or-mailno-error:P07</sub_code><sub_msg>未作修改</sub_msg><request_id>r4l5pymc5bar</request_id></error_response><!--top010176049165.et2-->
2015-08-18 11:08:47	<?xml version="1.0" encoding="utf-8" ?><error_response><code>15</code><msg>Remote service error</msg><sub_code>isv.logistics-update-company-or-mailno-error:P07</sub_code><sub_msg>未作修改</sub_msg><request_id>15q0nx3pq0cw0</request_id></error_response><!--top010179134196.s.et2-->
2015-08-18 11:10:08	<?xml version="1.0" encoding="utf-8" ?><error_response><code>15</code><msg>Remote service error</msg><sub_code>isv.logistics-update-company-or-mailno-error:P07</sub_code><sub_msg>未作修改</sub_msg><request_id>10fcnrq27cok6</request_id></error_response><!--top010178081048.n.et2-->
2015-08-18 11:10:39	<?xml version="1.0" encoding="utf-8" ?><error_response><code>15</code><msg>Remote service error</msg><sub_code>isv.logistics-update-company-or-mailno-error:P07</sub_code><sub_msg>未作修改</sub_msg><request_id>r4loffwpk1ff</request_id></error_response><!--top010176049171.et2-->
2015-08-18 11:11:29	<?xml version="1.0" encoding="utf-8" ?><error_response><code>15</code><msg>Remote service error</msg><sub_code>isv.logistics-update-company-or-mailno-error:P07</sub_code><sub_msg>未作修改</sub_msg><request_id>10fidjzh5eang</request_id></error_response><!--top010178081114.n.et2-->
2015-08-18 11:17:11	<?xml version="1.0" encoding="utf-8" ?><error_response><code>15</code><msg>Remote service error</msg><sub_code>isv.logistics-update-company-or-mailno-error:P07</sub_code><sub_msg>未作修改</sub_msg><request_id>14764sciqhtyr</request_id></error_response><!--top010179045182.s.et2-->
2015-08-18 15:18:01	<?xml version="1.0" encoding="utf-8" ?><error_response><code>15</code><msg>Remote service error</msg><sub_code>isv.logistics-update-company-or-mailno-error:P07</sub_code><sub_msg>未作修改</sub_msg><request_id>15pzvv2xak4do</request_id></error_response><!--top010179134187.s.et2-->
2015-08-18 15:29:59	<?xml version="1.0" encoding="utf-8" ?><error_response><code>15</code><msg>Remote service error</msg><sub_code>P06</sub_code><sub_msg>当前订单状态不支持修改</sub_msg><request_id>r4kt96j9catp</request_id></error_response><!--top010176049161.et2-->
2015-08-18 17:37:55	<?xml version="1.0" encoding="utf-8" ?><error_response><code>15</code><msg>Remote service error</msg><sub_code>B60</sub_code><sub_msg>MUMTB#您输入的运单号有误或被重复使用，请核对后重新输入</sub_msg><request_id>10fijss4edqhj</request_id></error_response><!--top010178081116.n.et2-->
