2015-08-17 10:50:35	<?xml version="1.0" encoding="utf-8" ?><error_response><code>15</code><msg>Remote service error</msg><sub_code>isv.logistics-update-company-or-mailno-error:P07</sub_code><sub_msg>未作修改</sub_msg><request_id>zq8jepq3s2l1</request_id></error_response><!--top010178040105.n.et2-->
2015-08-17 11:00:01	<?xml version="1.0" encoding="utf-8" ?><error_response><code>15</code><msg>Remote service error</msg><sub_code>isv.logistics-update-company-or-mailno-error:P07</sub_code><sub_msg>未作修改</sub_msg><request_id>qm54bwg0qfpx</request_id></error_response><!--top010176019178.et2-->
2015-08-17 11:21:47	<?xml version="1.0" encoding="utf-8" ?><error_response><code>15</code><msg>Remote service error</msg><sub_code>isv.logistics-update-company-or-mailno-error:P07</sub_code><sub_msg>未作修改</sub_msg><request_id>zq7hzs68pznc</request_id></error_response><!--top010178040093.n.et2-->
2015-08-17 11:23:42	<?xml version="1.0" encoding="utf-8" ?><error_response><code>15</code><msg>Remote service error</msg><sub_code>isv.logistics-update-company-or-mailno-error:P07</sub_code><sub_msg>未作修改</sub_msg><request_id>r4lxr28nwth3</request_id></error_response><!--top010176049174.et2-->
2015-08-17 11:24:21	<?xml version="1.0" encoding="utf-8" ?><error_response><code>15</code><msg>Remote service error</msg><sub_code>isv.logistics-update-company-or-mailno-error:P07</sub_code><sub_msg>未作修改</sub_msg><request_id>15q0u4h8y377c</request_id></error_response><!--top010179134198.s.et2-->
2015-08-17 11:28:58	<?xml version="1.0" encoding="utf-8" ?><error_response><code>15</code><msg>Remote service error</msg><sub_code>isv.logistics-update-company-or-mailno-error:P07</sub_code><sub_msg>未作修改</sub_msg><request_id>r4kzgctr6pzz</request_id></error_response><!--top010176049163.et2-->
2015-08-17 11:32:10	<?xml version="1.0" encoding="utf-8" ?><error_response><code>15</code><msg>Remote service error</msg><sub_code>isv.logistics-offline-service-error:CONSIGN_FAIL</sub_code><request_id>qm31i0hksn3l</request_id></error_response><!--top010176019154.et2-->
2015-08-17 11:32:34	<?xml version="1.0" encoding="utf-8" ?><error_response><code>15</code><msg>Remote service error</msg><sub_code>isv.logistics-offline-service-error:AT0011</sub_code><request_id>zq8jeqwrnbaw</request_id></error_response><!--top010178040105.n.et2-->
2015-08-17 11:36:50	<?xml version="1.0" encoding="utf-8" ?><error_response><code>15</code><msg>Remote service error</msg><sub_code>isp.top-remote-connection-timeout</sub_code><sub_msg>远程服务调用超时</sub_msg><request_id>zqdwq0xfp87f</request_id></error_response><!--top010178040167.n.et2-->
2015-08-17 11:49:47	<?xml version="1.0" encoding="utf-8" ?><error_response><code>15</code><msg>Remote service error</msg><sub_code>isv.logistics-update-company-or-mailno-error:P07</sub_code><sub_msg>未作修改</sub_msg><request_id>10fc85e6t9cpq</request_id></error_response><!--top010178081043.n.et2-->
2015-08-17 11:50:00	<?xml version="1.0" encoding="utf-8" ?><error_response><code>15</code><msg>Remote service error</msg><sub_code>isv.logistics-update-company-or-mailno-error:P07</sub_code><sub_msg>未作修改</sub_msg><request_id>101yobkm0yvmb</request_id></error_response><!--top010178059115.n.et2-->
2015-08-17 11:50:11	<?xml version="1.0" encoding="utf-8" ?><error_response><code>15</code><msg>Remote service error</msg><sub_code>isv.logistics-update-company-or-mailno-error:P07</sub_code><sub_msg>未作修改</sub_msg><request_id>16cf35yr3ohz1</request_id></error_response><!--top010179171035.s.et2-->
2015-08-17 11:50:31	<?xml version="1.0" encoding="utf-8" ?><error_response><code>15</code><msg>Remote service error</msg><sub_code>isv.logistics-update-company-or-mailno-error:P07</sub_code><sub_msg>未作修改</sub_msg><request_id>zt9u9ojap8uu</request_id></error_response><!--top010178045087.n.et2-->
2015-08-17 13:47:00	<?xml version="1.0" encoding="utf-8" ?><error_response><code>15</code><msg>Remote service error</msg><sub_code>isv.logistics-update-company-or-mailno-error:P07</sub_code><sub_msg>未作修改</sub_msg><request_id>qm2v9mjz9t67</request_id></error_response><!--top010176019152.et2-->
2015-08-17 13:56:29	<?xml version="1.0" encoding="utf-8" ?><error_response><code>15</code><msg>Remote service error</msg><sub_code>isv.logistics-update-company-or-mailno-error:P07</sub_code><sub_msg>未作修改</sub_msg><request_id>qm54c1fc34d4</request_id></error_response><!--top010176019178.et2-->
2015-08-17 14:12:14	<?xml version="1.0" encoding="utf-8" ?><error_response><code>15</code><msg>Remote service error</msg><sub_code>isv.logistics-offline-service-error:B60</sub_code><sub_msg>运单号不符合规则或已经被使用</sub_msg><request_id>zdds6ihcuq04</request_id></error_response><!--top010178019138.n.et2-->
2015-08-17 14:14:15	<?xml version="1.0" encoding="utf-8" ?><error_response><code>15</code><msg>Remote service error</msg><sub_code>isv.logistics-update-company-or-mailno-error:P07</sub_code><sub_msg>未作修改</sub_msg><request_id>r4li5yphfvko</request_id></error_response><!--top010176049169.et2-->
2015-08-17 14:31:48	<?xml version="1.0" encoding="utf-8" ?><error_response><code>15</code><msg>Remote service error</msg><sub_code>isp.top-remote-connection-timeout</sub_code><sub_msg>远程服务调用超时</sub_msg><request_id>12lks1i0ba6rl</request_id></error_response><!--top010178208051.n.et2-->
2015-08-17 14:36:24	<?xml version="1.0" encoding="utf-8" ?><error_response><code>15</code><msg>Remote service error</msg><sub_code>isv.logistics-update-company-or-mailno-error:P07</sub_code><sub_msg>未作修改</sub_msg><request_id>10fau9kzdci1a</request_id></error_response><!--top010178081027.n.et2-->
2015-08-17 14:55:55	<?xml version="1.0" encoding="utf-8" ?><error_response><code>15</code><msg>Remote service error</msg><sub_code>isp.top-remote-connection-timeout</sub_code><sub_msg>远程服务调用超时</sub_msg><request_id>15q9l1j0tt72o</request_id></error_response><!--top010179135043.s.et2-->
2015-08-17 14:56:46	<?xml version="1.0" encoding="utf-8" ?><error_response><code>15</code><msg>Remote service error</msg><sub_code>isv.logistics-update-company-or-mailno-error:P07</sub_code><sub_msg>未作修改</sub_msg><request_id>15q9hxa6fjmu4</request_id></error_response><!--top010179135042.s.et2-->
2015-08-17 15:20:31	<?xml version="1.0" encoding="utf-8" ?><error_response><code>520</code><msg>Remote service error</msg><sub_code>isp.top-remote-connection-timeout</sub_code><sub_msg>远程服务调用超时</sub_msg><request_id>ztbeea3yuvgf</request_id></error_response><!--top010178045105.n.et2-->
2015-08-17 16:44:56	<?xml version="1.0" encoding="utf-8" ?><error_response><code>15</code><msg>Remote service error</msg><sub_code>isv.logistics-update-company-or-mailno-error:P07</sub_code><sub_msg>未作修改</sub_msg><request_id>zoxrpya0iay7</request_id></error_response><!--top010178038077.n.et2-->
2015-08-17 16:44:58	<?xml version="1.0" encoding="utf-8" ?><error_response><code>15</code><msg>Remote service error</msg><sub_code>isv.logistics-update-company-or-mailno-error:P07</sub_code><sub_msg>未作修改</sub_msg><request_id>13yk5lpq4p4vj</request_id></error_response><!--top010179031187.s.et2-->
2015-08-17 16:44:59	<?xml version="1.0" encoding="utf-8" ?><error_response><code>15</code><msg>Remote service error</msg><sub_code>isv.logistics-update-company-or-mailno-error:P07</sub_code><sub_msg>未作修改</sub_msg><request_id>15pyl2bp0u9uk</request_id></error_response><!--top010179134172.s.et2-->
2015-08-17 16:45:05	<?xml version="1.0" encoding="utf-8" ?><error_response><code>15</code><msg>Remote service error</msg><sub_code>isv.logistics-update-company-or-mailno-error:P07</sub_code><sub_msg>未作修改</sub_msg><request_id>zq8a294f0vyq</request_id></error_response><!--top010178040102.n.et2-->
2015-08-17 16:46:02	<?xml version="1.0" encoding="utf-8" ?><error_response><code>15</code><msg>Remote service error</msg><sub_code>isv.logistics-update-company-or-mailno-error:P07</sub_code><sub_msg>未作修改</sub_msg><request_id>13yk5lpr7goq7</request_id></error_response><!--top010179031187.s.et2-->
2015-08-17 16:55:54	<?xml version="1.0" encoding="utf-8" ?><error_response><code>15</code><msg>Remote service error</msg><sub_code>isv.trade-not-exist</sub_code><sub_msg>订单不存在：13967902937</sub_msg><request_id>12l8nj4d9ln3i</request_id></error_response><!--top010178207167.n.et2-->
2015-08-17 17:18:19	<?xml version="1.0" encoding="utf-8" ?><error_response><code>15</code><msg>Remote service error</msg><sub_code>P06</sub_code><sub_msg>当前订单状态不支持修改</sub_msg><request_id>10fchie2j3pm4</request_id></error_response><!--top010178081046.n.et2-->
2015-08-17 17:40:29	<?xml version="1.0" encoding="utf-8" ?><error_response><code>15</code><msg>Remote service error</msg><sub_code>isv.logistics-update-company-or-mailno-error:P07</sub_code><sub_msg>未作修改</sub_msg><request_id>10fc1x6ckwh7y</request_id></error_response><!--top010178081041.n.et2-->
2015-08-17 17:40:36	<?xml version="1.0" encoding="utf-8" ?><error_response><code>15</code><msg>Remote service error</msg><sub_code>isv.logistics-offline-service-error:B60</sub_code><sub_msg>运单号不符合规则或已经被使用</sub_msg><request_id>r4kq3wphk7mp</request_id></error_response><!--top010176049160.et2-->
2015-08-17 17:40:40	<?xml version="1.0" encoding="utf-8" ?><error_response><code>15</code><msg>Remote service error</msg><sub_code>isv.logistics-offline-service-error:B60</sub_code><sub_msg>运单号不符合规则或已经被使用</sub_msg><request_id>zq7o8kltm4vl</request_id></error_response><!--top010178040095.n.et2-->
2015-08-17 18:33:45	<?xml version="1.0" encoding="utf-8" ?><error_response><code>15</code><msg>Remote service error</msg><sub_code>isv.logistics-update-company-or-mailno-error:P06</sub_code><sub_msg>当前订单状态不支持修改</sub_msg><request_id>15q80x9ivhhqq</request_id></error_response><!--top010179135025.s.et2-->
2015-08-17 18:35:08	<?xml version="1.0" encoding="utf-8" ?><error_response><code>15</code><msg>Remote service error</msg><sub_code>isv.logistics-update-company-or-mailno-error:P06</sub_code><sub_msg>当前订单状态不支持修改</sub_msg><request_id>15q0u4tenonw3</request_id></error_response><!--top010179134198.s.et2-->
2015-08-17 18:35:16	<?xml version="1.0" encoding="utf-8" ?><error_response><code>15</code><msg>Remote service error</msg><sub_code>isv.logistics-update-company-or-mailno-error:P06</sub_code><sub_msg>当前订单状态不支持修改</sub_msg><request_id>10wjknicpein4</request_id></error_response><!--top010178109026.n.et2-->
2015-08-17 18:35:21	<?xml version="1.0" encoding="utf-8" ?><error_response><code>15</code><msg>Remote service error</msg><sub_code>isv.logistics-update-company-or-mailno-error:P06</sub_code><sub_msg>当前订单状态不支持修改</sub_msg><request_id>ze1lmgz9itsz</request_id></error_response><!--top010178020157.n.et2-->
2015-08-17 18:35:34	<?xml version="1.0" encoding="utf-8" ?><error_response><code>15</code><msg>Remote service error</msg><sub_code>isv.logistics-update-company-or-mailno-error:P06</sub_code><sub_msg>当前订单状态不支持修改</sub_msg><request_id>101yez5g8c8br</request_id></error_response><!--top010178059112.n.et2-->
2015-08-17 18:35:47	<?xml version="1.0" encoding="utf-8" ?><error_response><code>15</code><msg>Remote service error</msg><sub_code>isv.logistics-update-company-or-mailno-error:P06</sub_code><sub_msg>当前订单状态不支持修改</sub_msg><request_id>15pzspuzrnw6w</request_id></error_response><!--top010179134186.s.et2-->
2015-08-17 18:35:52	<?xml version="1.0" encoding="utf-8" ?><error_response><code>15</code><msg>Remote service error</msg><sub_code>P06</sub_code><sub_msg>当前订单状态不支持修改</sub_msg><request_id>ztbba6r7yil0</request_id></error_response><!--top010178045104.n.et2-->
2015-08-17 18:35:56	<?xml version="1.0" encoding="utf-8" ?><error_response><code>15</code><msg>Remote service error</msg><sub_code>isv.logistics-update-company-or-mailno-error:P06</sub_code><sub_msg>当前订单状态不支持修改</sub_msg><request_id>zqciueulgvmo</request_id></error_response><!--top010178040151.n.et2-->
2015-08-17 18:36:00	<?xml version="1.0" encoding="utf-8" ?><error_response><code>15</code><msg>Remote service error</msg><sub_code>isv.logistics-update-company-or-mailno-error:P06</sub_code><sub_msg>当前订单状态不支持修改</sub_msg><request_id>zqbnny5p3ynf</request_id></error_response><!--top010178040141.n.et2-->
2015-08-17 20:33:03	<?xml version="1.0" encoding="utf-8" ?><error_response><code>15</code><msg>Remote service error</msg><sub_code>isv.trade-not-exist</sub_code><sub_msg>订单不存在：1207391872779114</sub_msg><request_id>10fjxnqbwhups</request_id></error_response><!--top010178081132.n.et2-->
