2015-10-12 06:00:04	{"error_response":{"code":29,"msg":"Invalid app Key","sub_code":"isv.appkey-not-exists","request_id":"zqcb8azdvv5m"}}
2015-10-12 09:30:08	{"error_response":{"code":29,"msg":"Invalid app Key","sub_code":"isv.appkey-not-exists","request_id":"qm4zuk8tsdjz"}}
2015-10-12 09:30:17	{"error_response":{"code":29,"msg":"Invalid app Key","sub_code":"isv.appkey-not-exists","request_id":"r4l7fzahae2u"}}
2015-10-12 09:30:25	{"error_response":{"code":29,"msg":"Invalid app Key","sub_code":"isv.appkey-not-exists","request_id":"13ozl0ae7b8tq"}}
2015-10-12 09:50:03	{"error_response":{"code":29,"msg":"Invalid app Key","sub_code":"isv.appkey-not-exists","request_id":"10fj47zkb4w8h"}}
2015-10-12 10:00:06	{"error_response":{"code":29,"msg":"Invalid app Key","sub_code":"isv.appkey-not-exists","request_id":"z2b5zhtp12pf"}}
2015-10-12 10:00:07	{"error_response":{"code":29,"msg":"Invalid app Key","sub_code":"isv.appkey-not-exists","request_id":"101yju7uhk6b5"}}
2015-10-12 10:00:15	{"error_response":{"code":29,"msg":"Invalid app Key","sub_code":"isv.appkey-not-exists","request_id":"12js1k85be1rs"}}
2015-10-12 10:00:30	{"error_response":{"code":29,"msg":"Invalid app Key","sub_code":"isv.appkey-not-exists","request_id":"13yu5wyczhld3"}}
2015-10-12 10:25:03	{"error_response":{"code":29,"msg":"Invalid app Key","sub_code":"isv.appkey-not-exists","request_id":"r4klmar26p40"}}
2015-10-12 10:30:03	{"error_response":{"code":29,"msg":"Invalid app Key","sub_code":"isv.appkey-not-exists","request_id":"11igdm1wecabd"}}
2015-10-12 10:30:12	{"error_response":{"code":29,"msg":"Invalid app Key","sub_code":"isv.appkey-not-exists","request_id":"ztaxfsryolia"}}
2015-10-12 10:50:03	{"error_response":{"code":29,"msg":"Invalid app Key","sub_code":"isv.appkey-not-exists","request_id":"zq779zvjohpp"}}
2015-10-12 10:50:11	{"error_response":{"code":29,"msg":"Invalid app Key","sub_code":"isv.appkey-not-exists","request_id":"10fj7ca4pwihy"}}
2015-10-12 10:50:20	{"error_response":{"code":29,"msg":"Invalid app Key","sub_code":"isv.appkey-not-exists","request_id":"z2buxi74a6eo"}}
2015-10-12 10:50:28	{"error_response":{"code":29,"msg":"Invalid app Key","sub_code":"isv.appkey-not-exists","request_id":"ziomsc1fsju8"}}
2015-10-12 11:25:02	{"error_response":{"code":29,"msg":"Invalid app Key","sub_code":"isv.appkey-not-exists","request_id":"r4kc9lu4dnz9"}}
2015-10-12 11:50:03	{"error_response":{"code":29,"msg":"Invalid app Key","sub_code":"isv.appkey-not-exists","request_id":"11iethoic62wd"}}
2015-10-12 12:00:03	{"error_response":{"code":29,"msg":"Invalid app Key","sub_code":"isv.appkey-not-exists","request_id":"ziomse053of9"}}
2015-10-12 12:30:02	{"error_response":{"code":29,"msg":"Invalid app Key","sub_code":"isv.appkey-not-exists","request_id":"r4klmea1x4w5"}}
2015-10-12 12:30:10	{"error_response":{"code":29,"msg":"Invalid app Key","sub_code":"isv.appkey-not-exists","request_id":"qm4awqde742r"}}
2015-10-12 12:50:03	{"error_response":{"code":29,"msg":"Invalid app Key","sub_code":"isv.appkey-not-exists","request_id":"14760a0u17b1o"}}
2015-10-12 13:00:02	{"error_response":{"code":29,"msg":"Invalid app Key","sub_code":"isv.appkey-not-exists","request_id":"qm3iuje2icyl"}}
2015-10-12 13:25:02	{"error_response":{"code":29,"msg":"Invalid app Key","sub_code":"isv.appkey-not-exists","request_id":"r4ljx5e761w9"}}
2015-10-12 13:25:10	{"error_response":{"code":29,"msg":"Invalid app Key","sub_code":"isv.appkey-not-exists","request_id":"101yzflzcp6mi"}}
2015-10-12 13:30:02	{"error_response":{"code":29,"msg":"Invalid app Key","sub_code":"isv.appkey-not-exists","request_id":"z26u3ca76844"}}
2015-10-12 13:30:10	{"error_response":{"code":29,"msg":"Invalid app Key","sub_code":"isv.appkey-not-exists","request_id":"12cl948gfiz3b"}}
2015-10-12 13:30:33	{"error_response":{"code":29,"msg":"Invalid app Key","sub_code":"isv.appkey-not-exists","request_id":"1476fvaboh9vr"}}
2015-10-12 13:30:42	{"error_response":{"code":29,"msg":"Invalid app Key","sub_code":"isv.appkey-not-exists","request_id":"12cktj04h6z4y"}}
2015-10-12 13:50:02	{"error_response":{"code":29,"msg":"Invalid app Key","sub_code":"isv.appkey-not-exists","request_id":"14smwwolplab5"}}
2015-10-12 13:50:11	{"error_response":{"code":29,"msg":"Invalid app Key","sub_code":"isv.appkey-not-exists","request_id":"z29v7za1ltcd"}}
2015-10-12 14:00:03	{"error_response":{"code":29,"msg":"Invalid app Key","sub_code":"isv.appkey-not-exists","request_id":"11ififr4tagut"}}
2015-10-12 14:00:03	{"error_response":{"code":29,"msg":"Invalid app Key","sub_code":"isv.appkey-not-exists","request_id":"zq77a58m3ss6"}}
2015-10-12 14:25:02	{"error_response":{"code":29,"msg":"Invalid app Key","sub_code":"isv.appkey-not-exists","request_id":"16c762n7vyjac"}}
2015-10-12 14:25:11	{"error_response":{"code":29,"msg":"Invalid app Key","sub_code":"isv.appkey-not-exists","request_id":"qm3lyunvj6zf"}}
2015-10-12 14:30:03	{"error_response":{"code":29,"msg":"Invalid app Key","sub_code":"isv.appkey-not-exists","request_id":"z2a7ozvqt64c"}}
2015-10-12 14:50:02	{"error_response":{"code":29,"msg":"Invalid app Key","sub_code":"isv.appkey-not-exists","request_id":"15q06xw6at8x2"}}
2015-10-12 14:50:11	{"error_response":{"code":29,"msg":"Invalid app Key","sub_code":"isv.appkey-not-exists","request_id":"qm2qseoba2b9"}}
2015-10-12 14:50:18	{"error_response":{"code":29,"msg":"Invalid app Key","sub_code":"isv.appkey-not-exists","request_id":"16ce9qv7vo18d"}}
2015-10-12 14:50:26	{"error_response":{"code":29,"msg":"Invalid app Key","sub_code":"isv.appkey-not-exists","request_id":"15q9msqy16u0c"}}
2015-10-12 15:00:03	{"error_response":{"code":29,"msg":"Invalid app Key","sub_code":"isv.appkey-not-exists","request_id":"15q8oi1njf544"}}
2015-10-12 15:25:02	{"error_response":{"code":29,"msg":"Invalid app Key","sub_code":"isv.appkey-not-exists","request_id":"11igdma84ocai"}}
2015-10-12 15:30:04	{"error_response":{"code":29,"msg":"Invalid app Key","sub_code":"isv.appkey-not-exists","request_id":"15q03tofo5opa"}}
2015-10-12 16:00:07	{"error_response":{"code":29,"msg":"Invalid app Key","sub_code":"isv.appkey-not-exists","request_id":"11ig49klvukpf"}}
2015-10-12 16:00:16	{"error_response":{"code":29,"msg":"Invalid app Key","sub_code":"isv.appkey-not-exists","request_id":"15q9abtfsnx88"}}
2015-10-12 16:30:03	{"error_response":{"code":29,"msg":"Invalid app Key","sub_code":"isv.appkey-not-exists","request_id":"qm4awx54l4cv"}}
2015-10-12 16:30:12	{"error_response":{"code":29,"msg":"Invalid app Key","sub_code":"isv.appkey-not-exists","request_id":"15q9jokw3yisa"}}
2015-10-12 16:30:21	{"error_response":{"code":29,"msg":"Invalid app Key","sub_code":"isv.appkey-not-exists","request_id":"z24esl13wn60"}}
2015-10-12 16:30:29	{"error_response":{"code":29,"msg":"Invalid app Key","sub_code":"isv.appkey-not-exists","request_id":"rp96omv41ayq"}}
2015-10-12 16:30:37	{"error_response":{"code":29,"msg":"Invalid app Key","sub_code":"isv.appkey-not-exists","request_id":"rp99svqjprv7"}}
2015-10-12 16:30:47	{"error_response":{"code":29,"msg":"Invalid app Key","sub_code":"isv.appkey-not-exists","request_id":"ztar7l7rjv2a"}}
2015-10-12 16:30:55	{"error_response":{"code":29,"msg":"Invalid app Key","sub_code":"isv.appkey-not-exists","request_id":"1476fvfeyb1il"}}
2015-10-12 16:50:09	{"error_response":{"code":29,"msg":"Invalid app Key","sub_code":"isv.appkey-not-exists","request_id":"101ydm1ok5jnh"}}
2015-10-12 16:50:17	{"error_response":{"code":29,"msg":"Invalid app Key","sub_code":"isv.appkey-not-exists","request_id":"15q00phtw65ua"}}
2015-10-12 17:00:05	{"error_response":{"code":29,"msg":"Invalid app Key","sub_code":"isv.appkey-not-exists","request_id":"14pdaq9e206r7"}}
2015-10-12 17:00:14	{"error_response":{"code":29,"msg":"Invalid app Key","sub_code":"isv.appkey-not-exists","request_id":"14smwwtyyud2q"}}
2015-10-12 17:00:23	{"error_response":{"code":29,"msg":"Invalid app Key","sub_code":"isv.appkey-not-exists","request_id":"z29s3vs0i52t"}}
2015-10-12 17:00:31	{"error_response":{"code":29,"msg":"Invalid app Key","sub_code":"isv.appkey-not-exists","request_id":"11ie7o76qi7m5"}}
2015-10-12 17:25:02	{"error_response":{"code":29,"msg":"Invalid app Key","sub_code":"isv.appkey-not-exists","request_id":"12ckqexvaqp9t"}}
2015-10-12 17:30:03	{"error_response":{"code":29,"msg":"Invalid app Key","sub_code":"isv.appkey-not-exists","request_id":"z24l14gdc7qj"}}
2015-10-12 17:30:12	{"error_response":{"code":29,"msg":"Invalid app Key","sub_code":"isv.appkey-not-exists","request_id":"11igmz4d74hlx"}}
2015-10-12 18:00:03	{"error_response":{"code":29,"msg":"Invalid app Key","sub_code":"isv.appkey-not-exists","request_id":"z296a7dkl8j9"}}
2015-10-12 18:00:12	{"error_response":{"code":29,"msg":"Invalid app Key","sub_code":"isv.appkey-not-exists","request_id":"qm44ohy4xvil"}}
2015-10-12 18:30:02	{"error_response":{"code":29,"msg":"Invalid app Key","sub_code":"isv.appkey-not-exists","request_id":"z28hc99ntf5s"}}
2015-10-12 18:30:10	{"error_response":{"code":29,"msg":"Invalid app Key","sub_code":"isv.appkey-not-exists","request_id":"r4ldow9nl9xs"}}
2015-10-12 20:00:04	{"error_response":{"code":29,"msg":"Invalid app Key","sub_code":"isv.appkey-not-exists","request_id":"z25d3gih1jec"}}
2015-10-12 20:00:12	{"error_response":{"code":29,"msg":"Invalid app Key","sub_code":"isv.appkey-not-exists","request_id":"zqcnpy69011z"}}
2015-10-12 20:30:02	{"error_response":{"code":29,"msg":"Invalid app Key","sub_code":"isv.appkey-not-exists","request_id":"z2bll7ya4dm3"}}
2015-10-12 20:30:11	{"error_response":{"code":29,"msg":"Invalid app Key","sub_code":"isv.appkey-not-exists","request_id":"14smnk9aekx54"}}
2015-10-12 22:30:02	{"error_response":{"code":29,"msg":"Invalid app Key","sub_code":"isv.appkey-not-exists","request_id":"13oz8jwx6ygz5"}}
2015-10-12 22:30:11	{"error_response":{"code":29,"msg":"Invalid app Key","sub_code":"isv.appkey-not-exists","request_id":"11igq3lpb2fbd"}}
2015-10-12 23:00:03	{"error_response":{"code":29,"msg":"Invalid app Key","sub_code":"isv.appkey-not-exists","request_id":"qm44oqetd0bg"}}
