2015-07-25 09:46:59	<?xml version="1.0" encoding="utf-8" ?><error_response><code>15</code><msg>Remote service error</msg><sub_code>isv.logistics-update-company-or-mailno-error:P07</sub_code><sub_msg>未作修改</sub_msg><request_id>zq833grl6aoo</request_id></error_response><!--top010178040100.n.et2-->
2015-07-25 09:47:07	<?xml version="1.0" encoding="utf-8" ?><error_response><code>15</code><msg>Remote service error</msg><sub_code>isv.logistics-offline-service-error:AT0011</sub_code><request_id>rp74hgla8b6l</request_id></error_response><!--top010176083028.n.et2-->
2015-07-25 11:38:36	<?xml version="1.0" encoding="utf-8" ?><error_response><code>15</code><msg>Remote service error</msg><sub_code>isv.trade-not-exist</sub_code><sub_msg>订单不存在：1172146439189746</sub_msg><request_id>10ficsws3iznr</request_id></error_response><!--top010178081114.n.et2-->
2015-07-25 14:17:53	<?xml version="1.0" encoding="utf-8" ?><error_response><code>15</code><msg>Remote service error</msg><sub_code>isv.logistics-update-company-or-mailno-error:P07</sub_code><sub_msg>未作修改</sub_msg><request_id>qm3a4wyfpocs</request_id></error_response><!--top010176019157.et2-->
2015-07-25 14:17:57	<?xml version="1.0" encoding="utf-8" ?><error_response><code>15</code><msg>Remote service error</msg><sub_code>isv.logistics-update-company-or-mailno-error:P07</sub_code><sub_msg>未作修改</sub_msg><request_id>zqbq20xdk078</request_id></error_response><!--top010178040142.n.et2-->
2015-07-25 15:41:44	<?xml version="1.0" encoding="utf-8" ?><error_response><code>15</code><msg>Remote service error</msg><sub_code>isv.trade-not-exist</sub_code><sub_msg>订单不存在：1113590761275189</sub_msg><request_id>12lp37wmu4vku</request_id></error_response><!--top010178208101.n.et2-->
2015-07-25 16:38:38	<?xml version="1.0" encoding="utf-8" ?><error_response><code>15</code><msg>Remote service error</msg><sub_code>isv.logistics-update-company-or-mailno-error:P07</sub_code><sub_msg>未作修改</sub_msg><request_id>15q0qaifkwr8c</request_id></error_response><!--top010179134197.s.et2-->
2015-07-25 16:38:38	<?xml version="1.0" encoding="utf-8" ?><error_response><code>15</code><msg>Remote service error</msg><sub_code>isv.logistics-update-company-or-mailno-error:P07</sub_code><sub_msg>未作修改</sub_msg><request_id>zqb145xyox5z</request_id></error_response><!--top010178040134.n.et2-->
2015-07-25 16:38:39	<?xml version="1.0" encoding="utf-8" ?><error_response><code>15</code><msg>Remote service error</msg><sub_code>isv.logistics-update-company-or-mailno-error:P07</sub_code><sub_msg>未作修改</sub_msg><request_id>10fdi7ckdol6s</request_id></error_response><!--top010178081058.n.et2-->
2015-07-25 16:38:39	<?xml version="1.0" encoding="utf-8" ?><error_response><code>15</code><msg>Remote service error</msg><sub_code>isv.logistics-update-company-or-mailno-error:P07</sub_code><sub_msg>未作修改</sub_msg><request_id>101z9fk0zz984</request_id></error_response><!--top010178059122.n.et2-->
2015-07-25 16:38:39	<?xml version="1.0" encoding="utf-8" ?><error_response><code>15</code><msg>Remote service error</msg><sub_code>isv.logistics-update-company-or-mailno-error:P07</sub_code><sub_msg>未作修改</sub_msg><request_id>14sqhdyzd2qmh</request_id></error_response><!--top010179080186.s.et2-->
2015-07-25 16:38:40	<?xml version="1.0" encoding="utf-8" ?><error_response><code>15</code><msg>Remote service error</msg><sub_code>isv.logistics-update-company-or-mailno-error:P07</sub_code><sub_msg>未作修改</sub_msg><request_id>r4kvmdvqs9u6</request_id></error_response><!--top010176049162.et2-->
2015-07-25 16:39:42	<?xml version="1.0" encoding="utf-8" ?><error_response><code>15</code><msg>Remote service error</msg><sub_code>isv.logistics-update-company-or-mailno-error:P07</sub_code><sub_msg>未作修改</sub_msg><request_id>r4lb7m99wdvk</request_id></error_response><!--top010176049167.et2-->
2015-07-25 17:00:20	<?xml version="1.0" encoding="utf-8" ?><error_response><code>15</code><msg>Remote service error</msg><sub_code>isv.logistics-update-company-or-mailno-error:P07</sub_code><sub_msg>未作修改</sub_msg><request_id>zta60xxvggkt</request_id></error_response><!--top010178045091.n.et2-->
2015-07-25 17:25:09	<?xml version="1.0" encoding="utf-8" ?><error_response><code>15</code><msg>Remote service error</msg><sub_code>isv.logistics-update-company-or-mailno-error:P06</sub_code><sub_msg>当前订单状态不支持修改</sub_msg><request_id>ztbdoet8xiq6</request_id></error_response><!--top010178045105.n.et2-->
2015-07-25 17:25:18	<?xml version="1.0" encoding="utf-8" ?><error_response><code>15</code><msg>Remote service error</msg><sub_code>isv.logistics-update-company-or-mailno-error:P06</sub_code><sub_msg>当前订单状态不支持修改</sub_msg><request_id>zqcl8mwpfwfq</request_id></error_response><!--top010178040152.n.et2-->
2015-07-25 17:25:33	<?xml version="1.0" encoding="utf-8" ?><error_response><code>15</code><msg>Remote service error</msg><sub_code>isv.logistics-update-company-or-mailno-error:P06</sub_code><sub_msg>当前订单状态不支持修改</sub_msg><request_id>13yk4vs1yrrjj</request_id></error_response><!--top010179031187.s.et2-->
2015-07-25 17:25:51	<?xml version="1.0" encoding="utf-8" ?><error_response><code>15</code><msg>Remote service error</msg><sub_code>isv.logistics-update-company-or-mailno-error:P07</sub_code><sub_msg>未作修改</sub_msg><request_id>15pykce15dx53</request_id></error_response><!--top010179134172.s.et2-->
2015-07-25 17:26:00	<?xml version="1.0" encoding="utf-8" ?><error_response><code>15</code><msg>Remote service error</msg><sub_code>isv.logistics-update-company-or-mailno-error:P07</sub_code><sub_msg>未作修改</sub_msg><request_id>10fjqp4huq3kz</request_id></error_response><!--top010178081130.n.et2-->
2015-07-25 17:47:42	<?xml version="1.0" encoding="utf-8" ?><error_response><code>15</code><msg>Remote service error</msg><sub_code>isv.logistics-offline-service-error:AT0011</sub_code><request_id>1475uoth1p12p</request_id></error_response><!--top010179045179.s.et2-->
