2015-07-15 08:43:14	<?xml version="1.0" encoding="utf-8" ?><error_response><code>15</code><msg>Remote service error</msg><sub_code>isv.logistics-offline-service-error:AT0011</sub_code><request_id>ztaun8f87qz7</request_id></error_response><!--top010178045099.n.et2-->
2015-07-15 14:03:06	<?xml version="1.0" encoding="utf-8" ?><error_response><code>15</code><msg>Remote service error</msg><sub_code>isv.logistics-update-company-or-mailno-error:P07</sub_code><sub_msg>未作修改</sub_msg><request_id>zddxdqpcgeq6</request_id></error_response><!--top010178019140.n.et2-->
2015-07-15 14:05:27	<?xml version="1.0" encoding="utf-8" ?><error_response><code>15</code><msg>Remote service error</msg><sub_code>isv.logistics-offline-service-error:B60</sub_code><sub_msg>运单号不符合规则或已经被使用</sub_msg><request_id>zq8f9d3hmnll</request_id></error_response><!--top010178040104.n.et2-->
2015-07-15 14:06:33	<?xml version="1.0" encoding="utf-8" ?><error_response><code>15</code><msg>Remote service error</msg><sub_code>isv.logistics-offline-service-error:B60</sub_code><sub_msg>运单号不符合规则或已经被使用</sub_msg><request_id>14pdhadrk29w4</request_id></error_response><!--top010179075069.s.et2-->
2015-07-15 14:07:23	<?xml version="1.0" encoding="utf-8" ?><error_response><code>15</code><msg>Remote service error</msg><sub_code>isv.logistics-offline-service-error:B60</sub_code><sub_msg>运单号不符合规则或已经被使用</sub_msg><request_id>zq6v4xi3yuxz</request_id></error_response><!--top010178040086.n.et2-->
2015-07-15 14:16:16	<?xml version="1.0" encoding="utf-8" ?><error_response><code>15</code><msg>Remote service error</msg><sub_code>isv.logistics-update-company-or-mailno-error:P10</sub_code><sub_msg>运单号错误或已经被使用</sub_msg><request_id>zqbpqqfrcffr</request_id></error_response><!--top010178040142.n.et2-->
2015-07-15 14:47:12	<?xml version="1.0" encoding="utf-8" ?><error_response><code>15</code><msg>Remote service error</msg><sub_code>isv.logistics-update-company-or-mailno-error:P07</sub_code><sub_msg>未作修改</sub_msg><request_id>10fjqdpkkvht7</request_id></error_response><!--top010178081130.n.et2-->
2015-07-15 14:47:29	<?xml version="1.0" encoding="utf-8" ?><error_response><code>15</code><msg>Remote service error</msg><sub_code>isv.logistics-update-company-or-mailno-error:P07</sub_code><sub_msg>未作修改</sub_msg><request_id>ze1kl1aertnm</request_id></error_response><!--top010178020157.n.et2-->
2015-07-15 14:48:00	<?xml version="1.0" encoding="utf-8" ?><error_response><code>15</code><msg>Remote service error</msg><sub_code>isv.logistics-offline-service-error:CONSIGN_FAIL</sub_code><request_id>14pd7xobqjlzq</request_id></error_response><!--top010179075066.s.et2-->
2015-07-15 14:48:02	<?xml version="1.0" encoding="utf-8" ?><error_response><code>15</code><msg>Remote service error</msg><sub_code>isv.logistics-offline-service-error:CONSIGN_FAIL</sub_code><request_id>12ckqqkyzjf5n</request_id></error_response><!--top010178193150.n.et2-->
2015-07-15 14:49:06	<?xml version="1.0" encoding="utf-8" ?><error_response><code>15</code><msg>Remote service error</msg><sub_code>isv.logistics-offline-service-error:B60</sub_code><sub_msg>运单号不符合规则或已经被使用</sub_msg><request_id>zqcbkhg6o1oi</request_id></error_response><!--top010178040149.n.et2-->
2015-07-15 14:49:19	<?xml version="1.0" encoding="utf-8" ?><error_response><code>15</code><msg>Remote service error</msg><sub_code>isv.logistics-update-company-or-mailno-error:P07</sub_code><sub_msg>未作修改</sub_msg><request_id>10ewv8o4fb9ft</request_id></error_response><!--top010178080122.n.et2-->
2015-07-15 14:49:46	<?xml version="1.0" encoding="utf-8" ?><error_response><code>15</code><msg>Remote service error</msg><sub_code>isv.logistics-update-company-or-mailno-error:P07</sub_code><sub_msg>未作修改</sub_msg><request_id>1476mflu0evbt</request_id></error_response><!--top010179045188.s.et2-->
2015-07-15 15:42:42	<?xml version="1.0" encoding="utf-8" ?><error_response><code>15</code><msg>Remote service error</msg><sub_code>isv.logistics-update-company-or-mailno-error:P07</sub_code><sub_msg>未作修改</sub_msg><request_id>qm4kldy5emo6</request_id></error_response><!--top010176019172.et2-->
2015-07-15 15:42:47	<?xml version="1.0" encoding="utf-8" ?><error_response><code>15</code><msg>Remote service error</msg><sub_code>isv.logistics-update-company-or-mailno-error:P07</sub_code><sub_msg>未作修改</sub_msg><request_id>r4lwq0ale5oc</request_id></error_response><!--top010176049174.et2-->
2015-07-15 15:43:03	<?xml version="1.0" encoding="utf-8" ?><error_response><code>15</code><msg>Remote service error</msg><sub_code>isv.logistics-update-company-or-mailno-error:P07</sub_code><sub_msg>未作修改</sub_msg><request_id>10fkfbq3oyqah</request_id></error_response><!--top010178081138.n.et2-->
2015-07-15 15:44:44	<?xml version="1.0" encoding="utf-8" ?><error_response><code>15</code><msg>Remote service error</msg><sub_code>isv.logistics-update-company-or-mailno-error:P07</sub_code><sub_msg>未作修改</sub_msg><request_id>qm33l786o99h</request_id></error_response><!--top010176019155.et2-->
2015-07-15 15:44:49	<?xml version="1.0" encoding="utf-8" ?><error_response><code>15</code><msg>Remote service error</msg><sub_code>isv.logistics-update-company-or-mailno-error:P07</sub_code><sub_msg>未作修改</sub_msg><request_id>16cfbhmq2f6nn</request_id></error_response><!--top010179171038.s.et2-->
2015-07-15 16:12:18	<?xml version="1.0" encoding="utf-8" ?><error_response><code>15</code><msg>Remote service error</msg><sub_code>isv.logistics-update-company-or-mailno-error:P07</sub_code><sub_msg>未作修改</sub_msg><request_id>1476g76f9rglg</request_id></error_response><!--top010179045186.s.et2-->
2015-07-15 16:12:22	<?xml version="1.0" encoding="utf-8" ?><error_response><code>15</code><msg>Remote service error</msg><sub_code>isv.logistics-update-company-or-mailno-error:P07</sub_code><sub_msg>未作修改</sub_msg><request_id>zq7dui8wgmmu</request_id></error_response><!--top010178040092.n.et2-->
2015-07-15 16:12:28	<?xml version="1.0" encoding="utf-8" ?><error_response><code>15</code><msg>Remote service error</msg><sub_code>isv.logistics-update-company-or-mailno-error:P07</sub_code><sub_msg>未作修改</sub_msg><request_id>15q864e0l5l18</request_id></error_response><!--top010179135027.s.et2-->
2015-07-15 17:02:39	<?xml version="1.0" encoding="utf-8" ?><error_response><code>15</code><msg>Remote service error</msg><sub_code>isv.logistics-update-company-or-mailno-error:P07</sub_code><sub_msg>未作修改</sub_msg><request_id>12lkr0d0bp8sa</request_id></error_response><!--top010178208051.n.et2-->
2015-07-15 17:02:39	<?xml version="1.0" encoding="utf-8" ?><error_response><code>15</code><msg>Remote service error</msg><sub_code>isv.logistics-update-company-or-mailno-error:P07</sub_code><sub_msg>未作修改</sub_msg><request_id>zq7n7a9vs3m8</request_id></error_response><!--top010178040095.n.et2-->
2015-07-15 17:02:53	<?xml version="1.0" encoding="utf-8" ?><error_response><code>15</code><msg>Remote service error</msg><sub_code>isv.logistics-update-company-or-mailno-error:P07</sub_code><sub_msg>未作修改</sub_msg><request_id>zt9t8o3db286</request_id></error_response><!--top010178045087.n.et2-->
2015-07-15 17:16:49	<?xml version="1.0" encoding="utf-8" ?><error_response><code>15</code><msg>Remote service error</msg><sub_code>isv.logistics-update-company-or-mailno-error:P07</sub_code><sub_msg>未作修改</sub_msg><request_id>qm53axtkgxuu</request_id></error_response><!--top010176019178.et2-->
