2015-09-01 09:00:03	{"error_response":{"code":29,"msg":"Invalid app Key","sub_code":"isv.appkey-not-exists","request_id":"10fc8m727trzy"}}
2015-09-01 09:25:02	{"error_response":{"code":29,"msg":"Invalid app Key","sub_code":"isv.appkey-not-exists","request_id":"12l7vxhhc731s"}}
2015-09-01 09:30:03	{"error_response":{"code":29,"msg":"Invalid app Key","sub_code":"isv.appkey-not-exists","request_id":"10fkgtmhvogsj"}}
2015-09-01 09:30:10	{"error_response":{"code":29,"msg":"Invalid app Key","sub_code":"isv.appkey-not-exists","request_id":"ztat17stqnqb"}}
2015-09-01 10:00:03	{"error_response":{"code":29,"msg":"Invalid app Key","sub_code":"isv.appkey-not-exists","request_id":"ze21o8g18itv"}}
2015-09-01 10:00:11	{"error_response":{"code":29,"msg":"Invalid app Key","sub_code":"isv.appkey-not-exists","request_id":"10fiqgpyks0y6"}}
2015-09-01 10:00:19	{"error_response":{"code":29,"msg":"Invalid app Key","sub_code":"isv.appkey-not-exists","request_id":"10fe23f0oz2jx"}}
2015-09-01 10:30:02	{"error_response":{"code":29,"msg":"Invalid app Key","sub_code":"isv.appkey-not-exists","request_id":"14sqikl239dmg"}}
2015-09-01 11:00:03	{"error_response":{"code":29,"msg":"Invalid app Key","sub_code":"isv.appkey-not-exists","request_id":"101yrwpqg2fta"}}
2015-09-01 11:30:03	{"error_response":{"code":29,"msg":"Invalid app Key","sub_code":"isv.appkey-not-exists","request_id":"1475yzo5vyseg"}}
2015-09-01 12:00:02	{"error_response":{"code":29,"msg":"Invalid app Key","sub_code":"isv.appkey-not-exists","request_id":"zq8aiyqnz4lu"}}
2015-09-01 12:00:21	{"error_response":{"code":29,"msg":"Invalid app Key","sub_code":"isv.appkey-not-exists","request_id":"10fkgtqqlvv9v"}}
2015-09-01 13:00:03	{"error_response":{"code":29,"msg":"Invalid app Key","sub_code":"isv.appkey-not-exists","request_id":"12jrnt3bzap6h"}}
2015-09-01 13:00:17	{"error_response":{"code":29,"msg":"Invalid app Key","sub_code":"isv.appkey-not-exists","request_id":"ztat1dqbnaj3"}}
2015-09-01 14:00:03	{"error_response":{"code":29,"msg":"Invalid app Key","sub_code":"isv.appkey-not-exists","request_id":"13yk62iqfhjgv"}}
2015-09-01 14:00:21	{"error_response":{"code":29,"msg":"Invalid app Key","sub_code":"isv.appkey-not-exists","request_id":"qm31z2c0g7gr"}}
2015-09-01 14:30:02	{"error_response":{"code":29,"msg":"Invalid app Key","sub_code":"isv.appkey-not-exists","request_id":"16cebkt3pv7e1"}}
2015-09-01 14:30:10	{"error_response":{"code":29,"msg":"Invalid app Key","sub_code":"isv.appkey-not-exists","request_id":"rp9bmqsl23bj"}}
2015-09-01 14:50:03	{"error_response":{"code":29,"msg":"Invalid app Key","sub_code":"isv.appkey-not-exists","request_id":"10feekmo9qia7"}}
2015-09-01 15:00:03	{"error_response":{"code":29,"msg":"Invalid app Key","sub_code":"isv.appkey-not-exists","request_id":"10fiqgyf9rooc"}}
2015-09-01 15:25:02	{"error_response":{"code":29,"msg":"Invalid app Key","sub_code":"isv.appkey-not-exists","request_id":"1475jemg6fo2t"}}
2015-09-01 15:30:02	{"error_response":{"code":29,"msg":"Invalid app Key","sub_code":"isv.appkey-not-exists","request_id":"ztbbqz69o6cy"}}
2015-09-01 16:25:02	{"error_response":{"code":29,"msg":"Invalid app Key","sub_code":"isv.appkey-not-exists","request_id":"qm3nswi3rpk4"}}
2015-09-01 16:30:02	{"error_response":{"code":29,"msg":"Invalid app Key","sub_code":"isv.appkey-not-exists","request_id":"ze2e5ixhf3vq"}}
2015-09-01 16:30:15	{"error_response":{"code":29,"msg":"Invalid app Key","sub_code":"isv.appkey-not-exists","request_id":"ztbev9qqzib6"}}
2015-09-01 17:00:03	{"error_response":{"code":29,"msg":"Invalid app Key","sub_code":"isv.appkey-not-exists","request_id":"qm387p57cv5j"}}
2015-09-01 17:00:11	{"error_response":{"code":29,"msg":"Invalid app Key","sub_code":"isv.appkey-not-exists","request_id":"15pyfas1r4xzy"}}
2015-09-01 21:30:01	{"error_response":{"code":29,"msg":"Invalid app Key","sub_code":"isv.appkey-not-exists","request_id":"zt8q7v95id5m"}}
2015-09-01 22:30:02	{"error_response":{"code":29,"msg":"Invalid app Key","sub_code":"isv.appkey-not-exists","request_id":"zddsnu71h018"}}
2015-09-01 22:50:02	{"error_response":{"code":29,"msg":"Invalid app Key","sub_code":"isv.appkey-not-exists","request_id":"14sqfgx2pld71"}}
2015-09-01 23:00:03	{"error_response":{"code":29,"msg":"Invalid app Key","sub_code":"isv.appkey-not-exists","request_id":"zqdx7hvkwg5b"}}
