2015-07-16 08:51:15	<?xml version="1.0" encoding="utf-8" ?><error_response><code>15</code><msg>Remote service error</msg><sub_code>isv.logistics-update-company-or-mailno-error:P07</sub_code><sub_msg>未作修改</sub_msg><request_id>10fj7p2yb3ggx</request_id></error_response><!--top010178081124.n.et2-->
2015-07-16 08:52:09	<?xml version="1.0" encoding="utf-8" ?><error_response><code>15</code><msg>Remote service error</msg><sub_code>isv.logistics-update-company-or-mailno-error:P07</sub_code><sub_msg>未作修改</sub_msg><request_id>10fcghv633ulm</request_id></error_response><!--top010178081046.n.et2-->
2015-07-16 08:56:27	<?xml version="1.0" encoding="utf-8" ?><error_response><code>15</code><msg>Remote service error</msg><sub_code>isv.logistics-update-company-or-mailno-error:P07</sub_code><sub_msg>未作修改</sub_msg><request_id>zt91776mcts8</request_id></error_response><!--top010178045078.n.et2-->
2015-07-16 08:57:05	<?xml version="1.0" encoding="utf-8" ?><error_response><code>15</code><msg>Remote service error</msg><sub_code>isv.logistics-update-company-or-mailno-error:P07</sub_code><sub_msg>未作修改</sub_msg><request_id>r4klz4g3w4wm</request_id></error_response><!--top010176049159.et2-->
2015-07-16 09:10:51	<?xml version="1.0" encoding="utf-8" ?><error_response><code>15</code><msg>Remote service error</msg><sub_code>isv.logistics-update-company-or-mailno-error:P07</sub_code><sub_msg>未作修改</sub_msg><request_id>16cegbzjzqhee</request_id></error_response><!--top010179171028.s.et2-->
2015-07-16 09:16:03	<?xml version="1.0" encoding="utf-8" ?><error_response><code>15</code><msg>Remote service error</msg><sub_code>isv.logistics-offline-service-error:CONSIGN_FAIL</sub_code><request_id>15py1cd6wiju8</request_id></error_response><!--top010179134166.s.et2-->
2015-07-16 09:17:54	<?xml version="1.0" encoding="utf-8" ?><error_response><code>15</code><msg>Remote service error</msg><sub_code>isv.logistics-offline-service-error:CONSIGN_FAIL</sub_code><request_id>r4ks7mrspn34</request_id></error_response><!--top010176049161.et2-->
2015-07-16 09:23:55	<?xml version="1.0" encoding="utf-8" ?><error_response><code>15</code><msg>Remote service error</msg><sub_code>isv.logistics-offline-service-error:AT0011</sub_code><request_id>qm2r51n8ji04</request_id></error_response><!--top010176019151.et2-->
2015-07-16 09:27:35	<?xml version="1.0" encoding="utf-8" ?><error_response><code>15</code><msg>Remote service error</msg><sub_code>isv.logistics-offline-service-error:AT0011</sub_code><request_id>r4kiuwfstp3z</request_id></error_response><!--top010176049158.et2-->
2015-07-16 09:34:03	<?xml version="1.0" encoding="utf-8" ?><error_response><code>15</code><msg>Remote service error</msg><sub_code>isv.logistics-update-company-or-mailno-error:P07</sub_code><sub_msg>未作修改</sub_msg><request_id>ztaf365kq14h</request_id></error_response><!--top010178045094.n.et2-->
2015-07-16 09:35:04	<?xml version="1.0" encoding="utf-8" ?><error_response><code>15</code><msg>Remote service error</msg><sub_code>isv.logistics-offline-service-error:AT0011</sub_code><request_id>101zihsvraubn</request_id></error_response><!--top010178059125.n.et2-->
2015-07-16 09:37:59	<?xml version="1.0" encoding="utf-8" ?><error_response><code>15</code><msg>Remote service error</msg><sub_code>isv.logistics-offline-service-error:CONSIGN_FAIL</sub_code><request_id>13yufmkid0gfw</request_id></error_response><!--top010179032050.s.et2-->
2015-07-16 09:44:57	<?xml version="1.0" encoding="utf-8" ?><error_response><code>15</code><msg>Remote service error</msg><sub_code>isv.logistics-update-company-or-mailno-error:P07</sub_code><sub_msg>未作修改</sub_msg><request_id>15pz5vlb6eng4</request_id></error_response><!--top010179134179.s.et2-->
2015-07-16 09:58:37	<?xml version="1.0" encoding="utf-8" ?><error_response><code>15</code><msg>Remote service error</msg><sub_code>isv.logistics-update-company-or-mailno-error:P07</sub_code><sub_msg>未作修改</sub_msg><request_id>qm4hi00fgs5a</request_id></error_response><!--top010176019171.et2-->
2015-07-16 10:45:11	<?xml version="1.0" encoding="utf-8" ?><error_response><code>15</code><msg>Remote service error</msg><sub_code>isv.logistics-update-company-or-mailno-error:P07</sub_code><sub_msg>未作修改</sub_msg><request_id>15q9aogq2uyy4</request_id></error_response><!--top010179135040.s.et2-->
2015-07-16 10:45:12	<?xml version="1.0" encoding="utf-8" ?><error_response><code>15</code><msg>Remote service error</msg><sub_code>isv.logistics-update-company-or-mailno-error:P07</sub_code><sub_msg>未作修改</sub_msg><request_id>12jrskezjvxs3</request_id></error_response><!--top010178205069.n.et2-->
2015-07-16 10:45:14	<?xml version="1.0" encoding="utf-8" ?><error_response><code>15</code><msg>Remote service error</msg><sub_code>isv.logistics-update-company-or-mailno-error:P07</sub_code><sub_msg>未作修改</sub_msg><request_id>15q8y7h8xszem</request_id></error_response><!--top010179135036.s.et2-->
2015-07-16 11:02:44	<?xml version="1.0" encoding="utf-8" ?><error_response><code>15</code><msg>Remote service error</msg><sub_code>isv.logistics-update-company-or-mailno-error:P07</sub_code><sub_msg>未作修改</sub_msg><request_id>15pyk1xf4uniu</request_id></error_response><!--top010179134172.s.et2-->
2015-07-16 11:11:06	<?xml version="1.0" encoding="utf-8" ?><error_response><code>15</code><msg>Remote service error</msg><sub_code>isv.logistics-update-company-or-mailno-error:P07</sub_code><sub_msg>未作修改</sub_msg><request_id>zt97fsq12i82</request_id></error_response><!--top010178045080.n.et2-->
2015-07-16 11:17:59	<?xml version="1.0" encoding="utf-8" ?><error_response><code>15</code><msg>Remote service error</msg><sub_code>isv.logistics-update-company-or-mailno-error:P07</sub_code><sub_msg>未作修改</sub_msg><request_id>12ckqrjorkmta</request_id></error_response><!--top010178193150.n.et2-->
2015-07-16 11:18:04	<?xml version="1.0" encoding="utf-8" ?><error_response><code>15</code><msg>Remote service error</msg><sub_code>isv.logistics-update-company-or-mailno-error:P07</sub_code><sub_msg>未作修改</sub_msg><request_id>13yu69wq87z1o</request_id></error_response><!--top010179032047.s.et2-->
2015-07-16 13:59:38	<?xml version="1.0" encoding="utf-8" ?><error_response><code>15</code><msg>Remote service error</msg><sub_code>isv.logistics-update-company-or-mailno-error:P07</sub_code><sub_msg>未作修改</sub_msg><request_id>10wc9qgxl7ghb</request_id></error_response><!--top010178108198.n.et2-->
2015-07-16 14:01:52	<?xml version="1.0" encoding="utf-8" ?><error_response><code>15</code><msg>Remote service error</msg><sub_code>isv.logistics-update-company-or-mailno-error:P07</sub_code><sub_msg>未作修改</sub_msg><request_id>12jrskkjdiy6f</request_id></error_response><!--top010178205069.n.et2-->
2015-07-16 14:02:12	<?xml version="1.0" encoding="utf-8" ?><error_response><code>15</code><msg>Remote service error</msg><sub_code>isv.logistics-update-company-or-mailno-error:P07</sub_code><sub_msg>未作修改</sub_msg><request_id>qm4quxhth1pv</request_id></error_response><!--top010176019174.et2-->
2015-07-16 14:03:51	<?xml version="1.0" encoding="utf-8" ?><error_response><code>15</code><msg>Remote service error</msg><sub_code>isv.logistics-update-company-or-mailno-error:P07</sub_code><sub_msg>未作修改</sub_msg><request_id>r4lh5tss4xuo</request_id></error_response><!--top010176049169.et2-->
2015-07-16 14:03:53	<?xml version="1.0" encoding="utf-8" ?><error_response><code>15</code><msg>Remote service error</msg><sub_code>isv.logistics-update-company-or-mailno-error:P07</sub_code><sub_msg>未作修改</sub_msg><request_id>zqco2kamhpla</request_id></error_response><!--top010178040153.n.et2-->
2015-07-16 14:04:44	<?xml version="1.0" encoding="utf-8" ?><error_response><code>15</code><msg>Remote service error</msg><sub_code>isv.logistics-update-company-or-mailno-error:P07</sub_code><sub_msg>未作修改</sub_msg><request_id>14pdhbicx127q</request_id></error_response><!--top010179075069.s.et2-->
2015-07-16 14:50:26	<?xml version="1.0" encoding="utf-8" ?><error_response><code>15</code><msg>Remote service error</msg><sub_code>isv.logistics-update-company-or-mailno-error:P07</sub_code><sub_msg>未作修改</sub_msg><request_id>15pz5vtxl4i1p</request_id></error_response><!--top010179134179.s.et2-->
2015-07-16 14:50:41	<?xml version="1.0" encoding="utf-8" ?><error_response><code>15</code><msg>Remote service error</msg><sub_code>isv.logistics-update-company-or-mailno-error:P07</sub_code><sub_msg>未作修改</sub_msg><request_id>r4l7t4ih02qq</request_id></error_response><!--top010176049166.et2-->
2015-07-16 15:33:36	<?xml version="1.0" encoding="utf-8" ?><error_response><code>15</code><msg>Remote service error</msg><sub_code>isv.logistics-update-company-or-mailno-error:P07</sub_code><sub_msg>未作修改</sub_msg><request_id>ztb0x6dzys4h</request_id></error_response><!--top010178045101.n.et2-->
2015-07-16 15:36:50	<?xml version="1.0" encoding="utf-8" ?><error_response><code>15</code><msg>Remote service error</msg><sub_code>isv.logistics-update-company-or-mailno-error:P07</sub_code><sub_msg>未作修改</sub_msg><request_id>15q0mw20rqhp0</request_id></error_response><!--top010179134196.s.et2-->
2015-07-16 15:49:47	<?xml version="1.0" encoding="utf-8" ?><error_response><code>15</code><msg>Remote service error</msg><sub_code>isv.logistics-update-company-or-mailno-error:P07</sub_code><sub_msg>未作修改</sub_msg><request_id>zt8uz140wfgj</request_id></error_response><!--top010178045076.n.et2-->
2015-07-16 16:50:49	<?xml version="1.0" encoding="utf-8" ?><error_response><code>15</code><msg>Remote service error</msg><sub_code>isv.trade-not-exist</sub_code><sub_msg>订单不存在：1158647201062603</sub_msg><request_id>10fjwnffyzzre</request_id></error_response><!--top010178081132.n.et2-->
