2015-07-04 00:00:04	{"error_response":{"code":29,"msg":"Invalid app Key","sub_code":"isv.appkey-not-exists","request_id":"r4kuxw6121ab"}}
2015-07-04 01:50:02	{"error_response":{"code":29,"msg":"Invalid app Key","sub_code":"isv.appkey-not-exists","request_id":"10fe08f67rzmi"}}
2015-07-04 03:00:04	{"error_response":{"code":29,"msg":"Invalid app Key","sub_code":"isv.appkey-not-exists","request_id":"zt9prcckqir8"}}
2015-07-04 07:30:03	{"error_response":{"code":29,"msg":"Invalid app Key","sub_code":"isv.appkey-not-exists","request_id":"14pdgxnhkn3u4"}}
2015-07-04 07:50:03	{"error_response":{"code":29,"msg":"Invalid app Key","sub_code":"isv.appkey-not-exists","request_id":"ze1qgs5qeupq"}}
2015-07-04 09:25:04	{"error_response":{"code":29,"msg":"Invalid app Key","sub_code":"isv.appkey-not-exists","request_id":"10fcslbueyjaj"}}
2015-07-04 09:50:03	{"error_response":{"code":29,"msg":"Invalid app Key","sub_code":"isv.appkey-not-exists","request_id":"ztable08ltdy"}}
2015-07-04 09:50:10	{"error_response":{"code":29,"msg":"Invalid app Key","sub_code":"isv.appkey-not-exists","request_id":"101zi49ksnel0"}}
2015-07-04 09:50:16	{"error_response":{"code":29,"msg":"Invalid app Key","sub_code":"isv.appkey-not-exists","request_id":"12lp2jx6ozuu3"}}
2015-07-04 09:50:23	{"error_response":{"code":29,"msg":"Invalid app Key","sub_code":"isv.appkey-not-exists","request_id":"1475qwhlpyqho"}}
2015-07-04 10:00:03	{"error_response":{"code":29,"msg":"Invalid app Key","sub_code":"isv.appkey-not-exists","request_id":"1475hjr9nv0kb"}}
2015-07-04 10:00:04	{"error_response":{"code":29,"msg":"Invalid app Key","sub_code":"isv.appkey-not-exists","request_id":"zqbm9v90ikm7"}}
2015-07-04 10:00:18	{"error_response":{"code":29,"msg":"Invalid app Key","sub_code":"isv.appkey-not-exists","request_id":"15pyjobxel7hp"}}
2015-07-04 10:00:21	{"error_response":{"code":29,"msg":"Invalid app Key","sub_code":"isv.appkey-not-exists","request_id":"ztb9w3uyoi7x"}}
2015-07-04 10:00:36	{"error_response":{"code":29,"msg":"Invalid app Key","sub_code":"isv.appkey-not-exists","request_id":"qm36craowhlg"}}
2015-07-04 10:00:38	{"error_response":{"code":29,"msg":"Invalid app Key","sub_code":"isv.appkey-not-exists","request_id":"16cej2q3ks2bz"}}
2015-07-04 10:30:03	{"error_response":{"code":29,"msg":"Invalid app Key","sub_code":"isv.appkey-not-exists","request_id":"qm41j8tkpeyf"}}
2015-07-04 10:30:09	{"error_response":{"code":29,"msg":"Invalid app Key","sub_code":"isv.appkey-not-exists","request_id":"ziojnf1mx3gr"}}
2015-07-04 10:30:15	{"error_response":{"code":29,"msg":"Invalid app Key","sub_code":"isv.appkey-not-exists","request_id":"10fjzdtu9s4q3"}}
2015-07-04 10:30:22	{"error_response":{"code":29,"msg":"Invalid app Key","sub_code":"isv.appkey-not-exists","request_id":"1475bbadvad71"}}
2015-07-04 10:30:28	{"error_response":{"code":29,"msg":"Invalid app Key","sub_code":"isv.appkey-not-exists","request_id":"qm36cs51nbcx"}}
2015-07-04 10:50:03	{"error_response":{"code":29,"msg":"Invalid app Key","sub_code":"isv.appkey-not-exists","request_id":"qm4ztyy630bz"}}
2015-07-04 11:00:04	{"error_response":{"code":29,"msg":"Invalid app Key","sub_code":"isv.appkey-not-exists","request_id":"r4kfd6g6i1kf"}}
2015-07-04 11:00:20	{"error_response":{"code":29,"msg":"Invalid app Key","sub_code":"isv.appkey-not-exists","request_id":"12jrs6vomnsdn"}}
2015-07-04 11:00:32	{"error_response":{"code":29,"msg":"Invalid app Key","sub_code":"isv.appkey-not-exists","request_id":"rp96npzzgww1"}}
2015-07-04 11:25:04	{"error_response":{"code":29,"msg":"Invalid app Key","sub_code":"isv.appkey-not-exists","request_id":"15q9gjfuwahgy"}}
2015-07-04 11:50:03	{"error_response":{"code":29,"msg":"Invalid app Key","sub_code":"isv.appkey-not-exists","request_id":"qm44njy638c0"}}
2015-07-04 11:50:10	{"error_response":{"code":29,"msg":"Invalid app Key","sub_code":"isv.appkey-not-exists","request_id":"10wc9ctjqdl1e"}}
2015-07-04 11:50:16	{"error_response":{"code":29,"msg":"Invalid app Key","sub_code":"isv.appkey-not-exists","request_id":"12l7u2zkm3k9k"}}
2015-07-04 11:50:23	{"error_response":{"code":29,"msg":"Invalid app Key","sub_code":"isv.appkey-not-exists","request_id":"r4ldnxfkslqv"}}
2015-07-04 11:50:30	{"error_response":{"code":29,"msg":"Invalid app Key","sub_code":"isv.appkey-not-exists","request_id":"10f3m3bsrg3qh"}}
2015-07-04 11:50:37	{"error_response":{"code":29,"msg":"Invalid app Key","sub_code":"isv.appkey-not-exists","request_id":"10wjmdrges3mx"}}
2015-07-04 11:50:44	{"error_response":{"code":29,"msg":"Invalid app Key","sub_code":"isv.appkey-not-exists","request_id":"zq93ut5v82vy"}}
2015-07-04 11:50:51	{"error_response":{"code":29,"msg":"Invalid app Key","sub_code":"isv.appkey-not-exists","request_id":"14pd7l48ohne4"}}
2015-07-04 12:00:03	{"error_response":{"code":29,"msg":"Invalid app Key","sub_code":"isv.appkey-not-exists","request_id":"15q06x3tpr7n5"}}
2015-07-04 12:00:04	{"error_response":{"code":29,"msg":"Invalid app Key","sub_code":"isv.appkey-not-exists","request_id":"15q8oh90sii8z"}}
2015-07-04 12:00:16	{"error_response":{"code":29,"msg":"Invalid app Key","sub_code":"isv.appkey-not-exists","request_id":"qm52y9st2s6w"}}
2015-07-04 12:00:22	{"error_response":{"code":29,"msg":"Invalid app Key","sub_code":"isv.appkey-not-exists","request_id":"10fcph7cxcxuk"}}
2015-07-04 13:00:04	{"error_response":{"code":29,"msg":"Invalid app Key","sub_code":"isv.appkey-not-exists","request_id":"zq779fzsgowc"}}
2015-07-04 13:00:10	{"error_response":{"code":29,"msg":"Invalid app Key","sub_code":"isv.appkey-not-exists","request_id":"ze1k8j69evbn"}}
2015-07-04 13:30:03	{"error_response":{"code":29,"msg":"Invalid app Key","sub_code":"isv.appkey-not-exists","request_id":"16c761y455rya"}}
2015-07-04 13:30:09	{"error_response":{"code":29,"msg":"Invalid app Key","sub_code":"isv.appkey-not-exists","request_id":"zqcb804v37af"}}
2015-07-04 13:50:04	{"error_response":{"code":29,"msg":"Invalid app Key","sub_code":"isv.appkey-not-exists","request_id":"r4kfdb8wte4n"}}
2015-07-04 13:50:11	{"error_response":{"code":29,"msg":"Invalid app Key","sub_code":"isv.appkey-not-exists","request_id":"10fi9123hbxfv"}}
2015-07-04 13:50:17	{"error_response":{"code":29,"msg":"Invalid app Key","sub_code":"isv.appkey-not-exists","request_id":"10as28xtswixz"}}
2015-07-04 13:50:23	{"error_response":{"code":29,"msg":"Invalid app Key","sub_code":"isv.appkey-not-exists","request_id":"15q0sqx0wlir7"}}
2015-07-04 14:00:04	{"error_response":{"code":29,"msg":"Invalid app Key","sub_code":"isv.appkey-not-exists","request_id":"14sq7dedb0oa6"}}
2015-07-04 14:00:10	{"error_response":{"code":29,"msg":"Invalid app Key","sub_code":"isv.appkey-not-exists","request_id":"10fecpz9aivlk"}}
2015-07-04 14:00:17	{"error_response":{"code":29,"msg":"Invalid app Key","sub_code":"isv.appkey-not-exists","request_id":"15q7zjdgklze6"}}
2015-07-04 14:25:04	{"error_response":{"code":29,"msg":"Invalid app Key","sub_code":"isv.appkey-not-exists","request_id":"10fjdkads73ny"}}
2015-07-04 14:25:10	{"error_response":{"code":29,"msg":"Invalid app Key","sub_code":"isv.appkey-not-exists","request_id":"15q0pmp4y00s9"}}
2015-07-04 14:25:16	{"error_response":{"code":29,"msg":"Invalid app Key","sub_code":"isv.appkey-not-exists","request_id":"ztb0jkq9hwkz"}}
2015-07-04 14:30:04	{"error_response":{"code":29,"msg":"Invalid app Key","sub_code":"isv.appkey-not-exists","request_id":"1475qwphws0a1"}}
2015-07-04 14:30:10	{"error_response":{"code":29,"msg":"Invalid app Key","sub_code":"isv.appkey-not-exists","request_id":"r4kc93idcv75"}}
2015-07-04 15:00:03	{"error_response":{"code":29,"msg":"Invalid app Key","sub_code":"isv.appkey-not-exists","request_id":"ze1k8mk2ifw2"}}
2015-07-04 15:00:25	{"error_response":{"code":29,"msg":"Invalid app Key","sub_code":"isv.appkey-not-exists","request_id":"zt9jjexxatpo"}}
2015-07-04 15:30:03	{"error_response":{"code":29,"msg":"Invalid app Key","sub_code":"isv.appkey-not-exists","request_id":"ze1wpmvqlq4n"}}
2015-07-04 15:30:10	{"error_response":{"code":29,"msg":"Invalid app Key","sub_code":"isv.appkey-not-exists","request_id":"zddb7nzmgzjo"}}
2015-07-04 15:30:16	{"error_response":{"code":29,"msg":"Invalid app Key","sub_code":"isv.appkey-not-exists","request_id":"r4lzhtq2qn9q"}}
2015-07-04 15:30:23	{"error_response":{"code":29,"msg":"Invalid app Key","sub_code":"isv.appkey-not-exists","request_id":"16cfb578b3b7b"}}
2015-07-04 15:30:31	{"error_response":{"code":29,"msg":"Invalid app Key","sub_code":"isv.appkey-not-exists","request_id":"13ysls4h45aoc"}}
2015-07-04 15:30:38	{"error_response":{"code":29,"msg":"Invalid app Key","sub_code":"isv.appkey-not-exists","request_id":"qm2nnje9fxe5"}}
2015-07-04 15:50:02	{"error_response":{"code":29,"msg":"Invalid app Key","sub_code":"isv.appkey-not-exists","request_id":"14766i03nm827"}}
2015-07-04 15:50:09	{"error_response":{"code":29,"msg":"Invalid app Key","sub_code":"isv.appkey-not-exists","request_id":"10wcfli26fh43"}}
2015-07-04 15:50:16	{"error_response":{"code":29,"msg":"Invalid app Key","sub_code":"isv.appkey-not-exists","request_id":"10fcmd4z87799"}}
2015-07-04 16:00:04	{"error_response":{"code":29,"msg":"Invalid app Key","sub_code":"isv.appkey-not-exists","request_id":"r4ky2w4sdcxf"}}
2015-07-04 16:00:16	{"error_response":{"code":29,"msg":"Invalid app Key","sub_code":"isv.appkey-not-exists","request_id":"10fc9w5s7ajfz"}}
2015-07-04 16:25:03	{"error_response":{"code":29,"msg":"Invalid app Key","sub_code":"isv.appkey-not-exists","request_id":"15py0z5kk2f19"}}
2015-07-04 16:30:03	{"error_response":{"code":29,"msg":"Invalid app Key","sub_code":"isv.appkey-not-exists","request_id":"10fe0940e9gtj"}}
2015-07-04 16:50:08	{"error_response":{"code":29,"msg":"Invalid app Key","sub_code":"isv.appkey-not-exists","request_id":"14sqdm0wp8lwq"}}
2015-07-04 17:00:03	{"error_response":{"code":29,"msg":"Invalid app Key","sub_code":"isv.appkey-not-exists","request_id":"zoxqcacxq4qy"}}
2015-07-04 17:30:03	{"error_response":{"code":29,"msg":"Invalid app Key","sub_code":"isv.appkey-not-exists","request_id":"15pymsxhoo25e"}}
2015-07-04 17:30:09	{"error_response":{"code":29,"msg":"Invalid app Key","sub_code":"isv.appkey-not-exists","request_id":"15q8uq02sfv16"}}
2015-07-04 17:30:16	{"error_response":{"code":29,"msg":"Invalid app Key","sub_code":"isv.appkey-not-exists","request_id":"ze1wpq9vx9xv"}}
2015-07-04 17:30:22	{"error_response":{"code":29,"msg":"Invalid app Key","sub_code":"isv.appkey-not-exists","request_id":"zddtx8ljs1bn"}}
2015-07-04 18:00:03	{"error_response":{"code":29,"msg":"Invalid app Key","sub_code":"isv.appkey-not-exists","request_id":"ztb0jqsi8svb"}}
2015-07-04 18:00:10	{"error_response":{"code":29,"msg":"Invalid app Key","sub_code":"isv.appkey-not-exists","request_id":"ztahu9ku8u69"}}
2015-07-04 18:00:17	{"error_response":{"code":29,"msg":"Invalid app Key","sub_code":"isv.appkey-not-exists","request_id":"zmzhoj0mai6a"}}
2015-07-04 18:00:24	{"error_response":{"code":29,"msg":"Invalid app Key","sub_code":"isv.appkey-not-exists","request_id":"r4m2m6tx1804"}}
2015-07-04 18:30:02	{"error_response":{"code":29,"msg":"Invalid app Key","sub_code":"isv.appkey-not-exists","request_id":"10fc0jjeho9d1"}}
2015-07-04 19:30:02	{"error_response":{"code":29,"msg":"Invalid app Key","sub_code":"isv.appkey-not-exists","request_id":"10fixzan6w8j2"}}
2015-07-04 19:30:09	{"error_response":{"code":29,"msg":"Invalid app Key","sub_code":"isv.appkey-not-exists","request_id":"qm2tw7w83feh"}}
2015-07-04 20:00:03	{"error_response":{"code":29,"msg":"Invalid app Key","sub_code":"isv.appkey-not-exists","request_id":"15q8uq4b3p9rg"}}
2015-07-04 20:00:21	{"error_response":{"code":29,"msg":"Invalid app Key","sub_code":"isv.appkey-not-exists","request_id":"qm3lygkkto98"}}
2015-07-04 20:50:02	{"error_response":{"code":29,"msg":"Invalid app Key","sub_code":"isv.appkey-not-exists","request_id":"ze296ve2h7dj"}}
2015-07-04 20:50:09	{"error_response":{"code":29,"msg":"Invalid app Key","sub_code":"isv.appkey-not-exists","request_id":"qm3s6zprwp2q"}}
2015-07-04 21:00:03	{"error_response":{"code":29,"msg":"Invalid app Key","sub_code":"isv.appkey-not-exists","request_id":"1475qx0i68q5f"}}
2015-07-04 21:00:03	{"error_response":{"code":29,"msg":"Invalid app Key","sub_code":"isv.appkey-not-exists","request_id":"10fkbvb3efl2t"}}
2015-07-04 21:25:02	{"error_response":{"code":29,"msg":"Invalid app Key","sub_code":"isv.appkey-not-exists","request_id":"14sqahzsqj2bg"}}
2015-07-04 22:00:03	{"error_response":{"code":29,"msg":"Invalid app Key","sub_code":"isv.appkey-not-exists","request_id":"12cl93zanhcm3"}}
2015-07-04 22:00:03	{"error_response":{"code":29,"msg":"Invalid app Key","sub_code":"isv.appkey-not-exists","request_id":"zqcnpe05ryf6"}}
2015-07-04 23:00:04	{"error_response":{"code":29,"msg":"Invalid app Key","sub_code":"isv.appkey-not-exists","request_id":"101ygpxfuxygw"}}
2015-07-04 23:00:15	{"error_response":{"code":29,"msg":"Invalid app Key","sub_code":"isv.appkey-not-exists","request_id":"15q0pn3obcztw"}}
2015-07-04 23:50:02	{"error_response":{"code":29,"msg":"Invalid app Key","sub_code":"isv.appkey-not-exists","request_id":"12js1k80ltdgb"}}
