2015-08-15 14:02:53	<?xml version="1.0" encoding="utf-8" ?><error_response><code>15</code><msg>Remote service error</msg><sub_code>isv.logistics-update-company-or-mailno-error:P07</sub_code><sub_msg>未作修改</sub_msg><request_id>10fcnoh064qoo</request_id></error_response><!--top010178081048.n.et2-->
2015-08-15 14:04:51	<?xml version="1.0" encoding="utf-8" ?><error_response><code>15</code><msg>Remote service error</msg><sub_code>isv.logistics-update-company-or-mailno-error:P07</sub_code><sub_msg>未作修改</sub_msg><request_id>zqbnlh7smlu5</request_id></error_response><!--top010178040141.n.et2-->
2015-08-15 14:07:02	<?xml version="1.0" encoding="utf-8" ?><error_response><code>15</code><msg>Remote service error</msg><sub_code>isv.logistics-update-company-or-mailno-error:P07</sub_code><sub_msg>未作修改</sub_msg><request_id>101yxm5srufp8</request_id></error_response><!--top010178059118.n.et2-->
2015-08-15 14:07:30	<?xml version="1.0" encoding="utf-8" ?><error_response><code>15</code><msg>Remote service error</msg><sub_code>isv.logistics-update-company-or-mailno-error:P07</sub_code><sub_msg>未作修改</sub_msg><request_id>16ceb1likm0bi</request_id></error_response><!--top010179171026.s.et2-->
2015-08-15 14:08:20	<?xml version="1.0" encoding="utf-8" ?><error_response><code>15</code><msg>Remote service error</msg><sub_code>isv.logistics-update-company-or-mailno-error:P07</sub_code><sub_msg>未作修改</sub_msg><request_id>qm3wmcaudot3</request_id></error_response><!--top010176019164.et2-->
2015-08-15 14:08:38	<?xml version="1.0" encoding="utf-8" ?><error_response><code>15</code><msg>Remote service error</msg><sub_code>isv.logistics-update-company-or-mailno-error:P07</sub_code><sub_msg>未作修改</sub_msg><request_id>1475ivdcapfuv</request_id></error_response><!--top010179045175.s.et2-->
2015-08-15 14:09:44	<?xml version="1.0" encoding="utf-8" ?><error_response><code>15</code><msg>Remote service error</msg><sub_code>isv.logistics-update-company-or-mailno-error:P07</sub_code><sub_msg>未作修改</sub_msg><request_id>12lkrz83kc8n2</request_id></error_response><!--top010178208051.n.et2-->
2015-08-15 14:09:50	<?xml version="1.0" encoding="utf-8" ?><error_response><code>15</code><msg>Remote service error</msg><sub_code>isv.logistics-offline-service-error:AT0011</sub_code><request_id>ztb4z87x5yhl</request_id></error_response><!--top010178045102.n.et2-->
2015-08-15 14:10:14	<?xml version="1.0" encoding="utf-8" ?><error_response><code>15</code><msg>Remote service error</msg><sub_code>isv.logistics-update-company-or-mailno-error:P07</sub_code><sub_msg>未作修改</sub_msg><request_id>zt9xbs26gstz</request_id></error_response><!--top010178045088.n.et2-->
2015-08-15 14:15:42	<?xml version="1.0" encoding="utf-8" ?><error_response><code>15</code><msg>Remote service error</msg><sub_code>isv.logistics-update-company-or-mailno-error:P07</sub_code><sub_msg>未作修改</sub_msg><request_id>101zjfw4nps85</request_id></error_response><!--top010178059125.n.et2-->
2015-08-15 14:15:47	<?xml version="1.0" encoding="utf-8" ?><error_response><code>15</code><msg>Remote service error</msg><sub_code>isv.logistics-update-company-or-mailno-error:P07</sub_code><sub_msg>未作修改</sub_msg><request_id>zqdwnw4me6pi</request_id></error_response><!--top010178040167.n.et2-->
2015-08-15 17:07:12	<?xml version="1.0" encoding="utf-8" ?><error_response><code>15</code><msg>Remote service error</msg><sub_code>isv.logistics-update-company-or-mailno-error:P07</sub_code><sub_msg>未作修改</sub_msg><request_id>10fbvmedsb4av</request_id></error_response><!--top010178081039.n.et2-->
2015-08-15 17:07:59	<?xml version="1.0" encoding="utf-8" ?><error_response><code>15</code><msg>Remote service error</msg><sub_code>isv.logistics-update-company-or-mailno-error:P07</sub_code><sub_msg>未作修改</sub_msg><request_id>10f3neztem9uv</request_id></error_response><!--top010178080200.n.et2-->
2015-08-15 17:08:09	<?xml version="1.0" encoding="utf-8" ?><error_response><code>15</code><msg>Remote service error</msg><sub_code>isv.logistics-update-company-or-mailno-error:P07</sub_code><sub_msg>未作修改</sub_msg><request_id>12js2vbqas2ht</request_id></error_response><!--top010178205072.n.et2-->
2015-08-15 17:09:59	<?xml version="1.0" encoding="utf-8" ?><error_response><code>15</code><msg>Remote service error</msg><sub_code>isv.logistics-update-company-or-mailno-error:P07</sub_code><sub_msg>未作修改</sub_msg><request_id>10fjxlbb6v2sx</request_id></error_response><!--top010178081132.n.et2-->
2015-08-15 17:10:12	<?xml version="1.0" encoding="utf-8" ?><error_response><code>15</code><msg>Remote service error</msg><sub_code>isv.logistics-offline-service-error:CONSIGN_GET_LOCK_ERROR</sub_code><request_id>15pzvrs5pnxan</request_id></error_response><!--top010179134187.s.et2-->
2015-08-15 17:10:18	<?xml version="1.0" encoding="utf-8" ?><error_response><code>15</code><msg>Remote service error</msg><sub_code>isv.logistics-update-company-or-mailno-error:P07</sub_code><sub_msg>未作修改</sub_msg><request_id>ze1lk5agh49w</request_id></error_response><!--top010178020157.n.et2-->
2015-08-15 17:10:57	<?xml version="1.0" encoding="utf-8" ?><error_response><code>15</code><msg>Remote service error</msg><sub_code>isv.logistics-offline-service-error:CONSIGN_GET_LOCK_ERROR</sub_code><request_id>r4lxp2r49aal</request_id></error_response><!--top010176049174.et2-->
2015-08-15 17:12:40	<?xml version="1.0" encoding="utf-8" ?><error_response><code>15</code><msg>Remote service error</msg><sub_code>isv.logistics-update-company-or-mailno-error:P06</sub_code><sub_msg>当前订单状态不支持修改</sub_msg><request_id>ze1rsn3gx3fu</request_id></error_response><!--top010178020159.n.et2-->
2015-08-15 17:12:44	<?xml version="1.0" encoding="utf-8" ?><error_response><code>15</code><msg>Remote service error</msg><sub_code>isv.logistics-update-company-or-mailno-error:P06</sub_code><sub_msg>当前订单状态不支持修改</sub_msg><request_id>zde1h4w9cjqu</request_id></error_response><!--top010178019141.n.et2-->
2015-08-15 17:15:49	<?xml version="1.0" encoding="utf-8" ?><error_response><code>15</code><msg>Remote service error</msg><sub_code>isv.logistics-offline-service-error:AT0011</sub_code><request_id>101z0qjzw3xtm</request_id></error_response><!--top010178059119.n.et2-->
2015-08-15 17:16:17	<?xml version="1.0" encoding="utf-8" ?><error_response><code>15</code><msg>Remote service error</msg><sub_code>isv.logistics-update-company-or-mailno-error:P07</sub_code><sub_msg>未作修改</sub_msg><request_id>14sqexgpbqk8y</request_id></error_response><!--top010179080185.s.et2-->
2015-08-15 17:16:44	<?xml version="1.0" encoding="utf-8" ?><error_response><code>15</code><msg>Remote service error</msg><sub_code>isv.logistics-offline-service-error:CONSIGN_GET_LOCK_ERROR</sub_code><request_id>zddirnsjpx7s</request_id></error_response><!--top010178019135.n.et2-->
2015-08-15 17:17:05	<?xml version="1.0" encoding="utf-8" ?><error_response><code>15</code><msg>Remote service error</msg><sub_code>isv.logistics-update-company-or-mailno-error:P07</sub_code><sub_msg>未作修改</sub_msg><request_id>12lp3vourblal</request_id></error_response><!--top010178208101.n.et2-->
2015-08-15 17:24:41	<?xml version="1.0" encoding="utf-8" ?><error_response><code>15</code><msg>Remote service error</msg><sub_code>isv.logistics-update-company-or-mailno-error:P07</sub_code><sub_msg>未作修改</sub_msg><request_id>15pzg6k7xwvrh</request_id></error_response><!--top010179134182.s.et2-->
2015-08-15 17:42:15	<?xml version="1.0" encoding="utf-8" ?><error_response><code>15</code><msg>Remote service error</msg><sub_code>isv.logistics-update-company-or-mailno-error:P07</sub_code><sub_msg>未作修改</sub_msg><request_id>ze27dwa0a4yb</request_id></error_response><!--top010178020164.n.et2-->
2015-08-15 18:05:29	<?xml version="1.0" encoding="utf-8" ?><error_response><code>15</code><msg>Remote service error</msg><sub_code>isv.logistics-offline-service-error:AT0011</sub_code><request_id>ztasife62jo3</request_id></error_response><!--top010178045098.n.et2-->
2015-08-15 18:05:47	<?xml version="1.0" encoding="utf-8" ?><error_response><code>15</code><msg>Remote service error</msg><sub_code>isv.logistics-update-company-or-mailno-error:P07</sub_code><sub_msg>未作修改</sub_msg><request_id>15py8j57kchpf</request_id></error_response><!--top010179134168.s.et2-->
