2015-08-03 00:00:05	{"error_response":{"code":29,"msg":"Invalid app Key","sub_code":"isv.appkey-not-exists","request_id":"10fkfwfq6ixul"}}
2015-08-03 01:00:04	{"error_response":{"code":29,"msg":"Invalid app Key","sub_code":"isv.appkey-not-exists","request_id":"14pdeqyxrfkmo"}}
2015-08-03 03:30:04	{"error_response":{"code":29,"msg":"Invalid app Key","sub_code":"isv.appkey-not-exists","request_id":"ze1xmxvwtmev"}}
2015-08-03 07:50:03	{"error_response":{"code":29,"msg":"Invalid app Key","sub_code":"isv.appkey-not-exists","request_id":"r4kd6njjqxh9"}}
2015-08-03 08:00:05	{"error_response":{"code":29,"msg":"Invalid app Key","sub_code":"isv.appkey-not-exists","request_id":"r4kjf5kc9jb0"}}
2015-08-03 08:30:05	{"error_response":{"code":29,"msg":"Invalid app Key","sub_code":"isv.appkey-not-exists","request_id":"12l8n2x2lzc5d"}}
2015-08-03 08:50:02	{"error_response":{"code":29,"msg":"Invalid app Key","sub_code":"isv.appkey-not-exists","request_id":"r4l8d5xh6yof"}}
2015-08-03 09:00:05	{"error_response":{"code":29,"msg":"Invalid app Key","sub_code":"isv.appkey-not-exists","request_id":"12lkrlfmmbj8o"}}
2015-08-03 09:30:04	{"error_response":{"code":29,"msg":"Invalid app Key","sub_code":"isv.appkey-not-exists","request_id":"15pzfsn3dy34q"}}
2015-08-03 09:30:12	{"error_response":{"code":29,"msg":"Invalid app Key","sub_code":"isv.appkey-not-exists","request_id":"zddrqhi36v6n"}}
2015-08-03 09:30:19	{"error_response":{"code":29,"msg":"Invalid app Key","sub_code":"isv.appkey-not-exists","request_id":"13yu6u5a7dazy"}}
2015-08-03 09:50:03	{"error_response":{"code":29,"msg":"Invalid app Key","sub_code":"isv.appkey-not-exists","request_id":"10fi0m01c60pr"}}
2015-08-03 10:00:03	{"error_response":{"code":29,"msg":"Invalid app Key","sub_code":"isv.appkey-not-exists","request_id":"ze1l69ezoewq"}}
2015-08-03 10:25:02	{"error_response":{"code":29,"msg":"Invalid app Key","sub_code":"isv.appkey-not-exists","request_id":"zq6mdguxvhky"}}
2015-08-03 10:25:10	{"error_response":{"code":29,"msg":"Invalid app Key","sub_code":"isv.appkey-not-exists","request_id":"ztb1h9a1g1ml"}}
2015-08-03 10:25:18	{"error_response":{"code":29,"msg":"Invalid app Key","sub_code":"isv.appkey-not-exists","request_id":"15q0tomk9ania"}}
2015-08-03 10:30:03	{"error_response":{"code":29,"msg":"Invalid app Key","sub_code":"isv.appkey-not-exists","request_id":"ze1res026se9"}}
2015-08-03 10:30:10	{"error_response":{"code":29,"msg":"Invalid app Key","sub_code":"isv.appkey-not-exists","request_id":"12l8n30gn2j0s"}}
2015-08-03 10:30:18	{"error_response":{"code":29,"msg":"Invalid app Key","sub_code":"isv.appkey-not-exists","request_id":"1475llwbfrify"}}
2015-08-03 10:50:03	{"error_response":{"code":29,"msg":"Invalid app Key","sub_code":"isv.appkey-not-exists","request_id":"1475y2wcp6ewd"}}
2015-08-03 11:00:03	{"error_response":{"code":29,"msg":"Invalid app Key","sub_code":"isv.appkey-not-exists","request_id":"15pz6fz0xfhbz"}}
2015-08-03 11:00:04	{"error_response":{"code":29,"msg":"Invalid app Key","sub_code":"isv.appkey-not-exists","request_id":"12cla1bzsd764"}}
2015-08-03 11:00:31	{"error_response":{"code":29,"msg":"Invalid app Key","sub_code":"isv.appkey-not-exists","request_id":"ze2a4a2srmn5"}}
2015-08-03 11:25:03	{"error_response":{"code":29,"msg":"Invalid app Key","sub_code":"isv.appkey-not-exists","request_id":"12ckhz4vi9jwe"}}
2015-08-03 11:25:10	{"error_response":{"code":29,"msg":"Invalid app Key","sub_code":"isv.appkey-not-exists","request_id":"14sq56wgd952r"}}
2015-08-03 11:25:18	{"error_response":{"code":29,"msg":"Invalid app Key","sub_code":"isv.appkey-not-exists","request_id":"10wjtk3t0wz9e"}}
2015-08-03 11:25:26	{"error_response":{"code":29,"msg":"Invalid app Key","sub_code":"isv.appkey-not-exists","request_id":"15q8pf3dclf66"}}
2015-08-03 11:30:03	{"error_response":{"code":29,"msg":"Invalid app Key","sub_code":"isv.appkey-not-exists","request_id":"ze2gcsnesch6"}}
2015-08-03 12:00:05	{"error_response":{"code":29,"msg":"Invalid app Key","sub_code":"isv.appkey-not-exists","request_id":"10fid336nmrv3"}}
2015-08-03 12:30:03	{"error_response":{"code":29,"msg":"Invalid app Key","sub_code":"isv.appkey-not-exists","request_id":"15q0zx7tm1ura"}}
2015-08-03 12:50:03	{"error_response":{"code":29,"msg":"Invalid app Key","sub_code":"isv.appkey-not-exists","request_id":"ztas4mrd7te8"}}
2015-08-03 12:50:11	{"error_response":{"code":29,"msg":"Invalid app Key","sub_code":"isv.appkey-not-exists","request_id":"r4lxbbnupisk"}}
2015-08-03 13:00:05	{"error_response":{"code":29,"msg":"Invalid app Key","sub_code":"isv.appkey-not-exists","request_id":"zdduuwandivx"}}
2015-08-03 13:00:12	{"error_response":{"code":29,"msg":"Invalid app Key","sub_code":"isv.appkey-not-exists","request_id":"r4lr2u7fzx9b"}}
2015-08-03 13:25:03	{"error_response":{"code":29,"msg":"Invalid app Key","sub_code":"isv.appkey-not-exists","request_id":"zde47nlwuazv"}}
2015-08-03 14:25:02	{"error_response":{"code":29,"msg":"Invalid app Key","sub_code":"isv.appkey-not-exists","request_id":"12kbgwu4p4ojc"}}
2015-08-03 14:30:04	{"error_response":{"code":29,"msg":"Invalid app Key","sub_code":"isv.appkey-not-exists","request_id":"14sqejsa4mqom"}}
2015-08-03 14:30:11	{"error_response":{"code":29,"msg":"Invalid app Key","sub_code":"isv.appkey-not-exists","request_id":"10fipk6wd9lk8"}}
2015-08-03 14:30:19	{"error_response":{"code":29,"msg":"Invalid app Key","sub_code":"isv.appkey-not-exists","request_id":"r4l596nxlt4u"}}
2015-08-03 14:30:26	{"error_response":{"code":29,"msg":"Invalid app Key","sub_code":"isv.appkey-not-exists","request_id":"101yhnedrzipp"}}
2015-08-03 14:50:03	{"error_response":{"code":29,"msg":"Invalid app Key","sub_code":"isv.appkey-not-exists","request_id":"ze2mlg17q7xg"}}
2015-08-03 14:50:03	{"error_response":{"code":29,"msg":"Invalid app Key","sub_code":"isv.appkey-not-exists","request_id":"ztafnqo475sm"}}
2015-08-03 15:00:03	{"error_response":{"code":29,"msg":"Invalid app Key","sub_code":"isv.appkey-not-exists","request_id":"12cl3t111j227"}}
2015-08-03 15:00:04	{"error_response":{"code":29,"msg":"Invalid app Key","sub_code":"isv.appkey-not-exists","request_id":"zq8iz3qx5h5i"}}
2015-08-03 15:00:20	{"error_response":{"code":29,"msg":"Invalid app Key","sub_code":"isv.appkey-not-exists","request_id":"r4kpnz5ygjqn"}}
2015-08-03 15:00:34	{"error_response":{"code":29,"msg":"Invalid app Key","sub_code":"isv.appkey-not-exists","request_id":"10fjei6plsz4z"}}
2015-08-03 15:00:44	{"error_response":{"code":29,"msg":"Invalid app Key","sub_code":"isv.appkey-not-exists","request_id":"zqcliomjcrdi"}}
2015-08-03 15:00:51	{"error_response":{"code":29,"msg":"Invalid app Key","sub_code":"isv.appkey-not-exists","request_id":"zqdwado42qzw"}}
2015-08-03 15:00:59	{"error_response":{"code":29,"msg":"Invalid app Key","sub_code":"isv.appkey-not-exists","request_id":"10fkcswaadh3x"}}
2015-08-03 15:01:06	{"error_response":{"code":29,"msg":"Invalid app Key","sub_code":"isv.appkey-not-exists","request_id":"ztacji41toem"}}
2015-08-03 15:30:04	{"error_response":{"code":29,"msg":"Invalid app Key","sub_code":"isv.appkey-not-exists","request_id":"zta6b16vr4tr"}}
2015-08-03 15:30:11	{"error_response":{"code":29,"msg":"Invalid app Key","sub_code":"isv.appkey-not-exists","request_id":"10cgsvldyux0i"}}
2015-08-03 15:30:19	{"error_response":{"code":29,"msg":"Invalid app Key","sub_code":"isv.appkey-not-exists","request_id":"ztav905ij9we"}}
2015-08-03 15:30:27	{"error_response":{"code":29,"msg":"Invalid app Key","sub_code":"isv.appkey-not-exists","request_id":"qm3w8uvyvwck"}}
2015-08-03 15:30:34	{"error_response":{"code":29,"msg":"Invalid app Key","sub_code":"isv.appkey-not-exists","request_id":"r4l598d5mp1k"}}
2015-08-03 15:30:42	{"error_response":{"code":29,"msg":"Invalid app Key","sub_code":"isv.appkey-not-exists","request_id":"10wcaav3kiozz"}}
2015-08-03 15:30:49	{"error_response":{"code":29,"msg":"Invalid app Key","sub_code":"isv.appkey-not-exists","request_id":"15pz9kfjd3st3"}}
2015-08-03 15:30:57	{"error_response":{"code":29,"msg":"Invalid app Key","sub_code":"isv.appkey-not-exists","request_id":"15q9b90dwfkx6"}}
2015-08-03 15:50:02	{"error_response":{"code":29,"msg":"Invalid app Key","sub_code":"isv.appkey-not-exists","request_id":"12jrmwhg5eb3v"}}
2015-08-03 15:50:03	{"error_response":{"code":29,"msg":"Invalid app Key","sub_code":"isv.appkey-not-exists","request_id":"15q9nq0ehe5uh"}}
2015-08-03 15:50:03	{"error_response":{"code":29,"msg":"Invalid app Key","sub_code":"isv.appkey-not-exists","request_id":"12lp3i2o0vcdd"}}
2015-08-03 16:00:16	{"error_response":{"code":29,"msg":"Invalid app Key","sub_code":"isv.appkey-not-exists","request_id":"zoxra3zxjxb1"}}
2015-08-03 16:00:24	{"error_response":{"code":29,"msg":"Invalid app Key","sub_code":"isv.appkey-not-exists","request_id":"14sqejutx9i9j"}}
2015-08-03 16:00:38	{"error_response":{"code":29,"msg":"Invalid app Key","sub_code":"isv.appkey-not-exists","request_id":"ztb7q0hi5yym"}}
2015-08-03 16:00:52	{"error_response":{"code":29,"msg":"Invalid app Key","sub_code":"isv.appkey-not-exists","request_id":"15q89u2sqgs1c"}}
2015-08-03 16:30:03	{"error_response":{"code":29,"msg":"Invalid app Key","sub_code":"isv.appkey-not-exists","request_id":"qm2olgedueul"}}
2015-08-03 16:50:02	{"error_response":{"code":29,"msg":"Invalid app Key","sub_code":"isv.appkey-not-exists","request_id":"ztbdyjmahxyy"}}
2015-08-03 16:50:03	{"error_response":{"code":29,"msg":"Invalid app Key","sub_code":"isv.appkey-not-exists","request_id":"15py85jcau9nu"}}
2015-08-03 17:00:04	{"error_response":{"code":29,"msg":"Invalid app Key","sub_code":"isv.appkey-not-exists","request_id":"10wjk7mnagnl8"}}
2015-08-03 17:00:20	{"error_response":{"code":29,"msg":"Invalid app Key","sub_code":"isv.appkey-not-exists","request_id":"zioed3n9g0i3"}}
2015-08-03 17:25:03	{"error_response":{"code":29,"msg":"Invalid app Key","sub_code":"isv.appkey-not-exists","request_id":"zddomm1axie7"}}
2015-08-03 17:30:04	{"error_response":{"code":29,"msg":"Invalid app Key","sub_code":"isv.appkey-not-exists","request_id":"zt9tu53mel7p"}}
2015-08-03 18:00:03	{"error_response":{"code":29,"msg":"Invalid app Key","sub_code":"isv.appkey-not-exists","request_id":"ze2a4lx37psl"}}
2015-08-03 18:30:03	{"error_response":{"code":29,"msg":"Invalid app Key","sub_code":"isv.appkey-not-exists","request_id":"1476wdywcze8z"}}
2015-08-03 18:50:02	{"error_response":{"code":29,"msg":"Invalid app Key","sub_code":"isv.appkey-not-exists","request_id":"ze1rf643mwv4"}}
2015-08-03 18:50:09	{"error_response":{"code":29,"msg":"Invalid app Key","sub_code":"isv.appkey-not-exists","request_id":"147617irtx7ne"}}
2015-08-03 19:30:03	{"error_response":{"code":29,"msg":"Invalid app Key","sub_code":"isv.appkey-not-exists","request_id":"101z9punvk2yg"}}
2015-08-03 20:00:04	{"error_response":{"code":29,"msg":"Invalid app Key","sub_code":"isv.appkey-not-exists","request_id":"101yejetf0c4d"}}
2015-08-03 21:00:03	{"error_response":{"code":29,"msg":"Invalid app Key","sub_code":"isv.appkey-not-exists","request_id":"16cek141cxftt"}}
2015-08-03 22:00:04	{"error_response":{"code":29,"msg":"Invalid app Key","sub_code":"isv.appkey-not-exists","request_id":"10fj8a0t9ooz0"}}
2015-08-03 23:30:03	{"error_response":{"code":29,"msg":"Invalid app Key","sub_code":"isv.appkey-not-exists","request_id":"13ysmqdc46mqq"}}
