2015-08-14 08:41:12	<?xml version="1.0" encoding="utf-8" ?><error_response><code>15</code><msg>Remote service error</msg><sub_code>isv.logistics-update-company-or-mailno-error:P07</sub_code><sub_msg>未作修改</sub_msg><request_id>10esk9xlaldoc</request_id></error_response><!--top010178080072.n.et2-->
2015-08-14 08:42:30	<?xml version="1.0" encoding="utf-8" ?><error_response><code>15</code><msg>Remote service error</msg><sub_code>isv.logistics-update-company-or-mailno-error:P07</sub_code><sub_msg>未作修改</sub_msg><request_id>15py8hko0hkg6</request_id></error_response><!--top010179134168.s.et2-->
2015-08-14 08:44:28	<?xml version="1.0" encoding="utf-8" ?><error_response><code>15</code><msg>Remote service error</msg><sub_code>isv.logistics-update-company-or-mailno-error:P07</sub_code><sub_msg>未作修改</sub_msg><request_id>zq7o4rjf1v4x</request_id></error_response><!--top010178040095.n.et2-->
2015-08-14 08:48:56	<?xml version="1.0" encoding="utf-8" ?><error_response><code>15</code><msg>Remote service error</msg><sub_code>isv.logistics-update-company-or-mailno-error:P07</sub_code><sub_msg>未作修改</sub_msg><request_id>10fjeubb3gjom</request_id></error_response><!--top010178081126.n.et2-->
2015-08-14 08:48:58	<?xml version="1.0" encoding="utf-8" ?><error_response><code>15</code><msg>Remote service error</msg><sub_code>isv.logistics-update-company-or-mailno-error:P07</sub_code><sub_msg>未作修改</sub_msg><request_id>14pd8v9iq1j9x</request_id></error_response><!--top010179075066.s.et2-->
2015-08-14 08:48:59	<?xml version="1.0" encoding="utf-8" ?><error_response><code>15</code><msg>Remote service error</msg><sub_code>isv.logistics-update-company-or-mailno-error:P07</sub_code><sub_msg>未作修改</sub_msg><request_id>15pz9wja5z7z2</request_id></error_response><!--top010179134180.s.et2-->
2015-08-14 09:29:05	<?xml version="1.0" encoding="utf-8" ?><error_response><code>15</code><msg>Remote service error</msg><sub_code>isv.logistics-offline-service-error:B60</sub_code><sub_msg>运单号不符合规则或已经被使用</sub_msg><request_id>101zjeje8nmsk</request_id></error_response><!--top010178059125.n.et2-->
2015-08-14 10:19:55	<?xml version="1.0" encoding="utf-8" ?><error_response><code>15</code><msg>Remote service error</msg><sub_code>isv.logistics-offline-service-error:CONSIGN_FAIL</sub_code><request_id>rp97xz9k77q9</request_id></error_response><!--top010176083052.n.et2-->
2015-08-14 11:14:49	<?xml version="1.0" encoding="utf-8" ?><error_response><code>15</code><msg>Remote service error</msg><sub_code>isv.logistics-offline-service-error:CONSIGN_FAIL</sub_code><request_id>10fiz972ufo15</request_id></error_response><!--top010178081121.n.et2-->
2015-08-14 13:13:08	<?xml version="1.0" encoding="utf-8" ?><error_response><code>520</code><msg>Remote service error</msg><sub_code>isp.top-remote-connection-timeout</sub_code><sub_msg>远程服务调用超时</sub_msg><request_id>12kbh976okcwm</request_id></error_response><!--top010178206040.n.et2-->
2015-08-14 14:12:01	<?xml version="1.0" encoding="utf-8" ?><error_response><code>15</code><msg>Remote service error</msg><sub_code>isv.logistics-update-company-or-mailno-error:P07</sub_code><sub_msg>未作修改</sub_msg><request_id>zqcfmklk8fov</request_id></error_response><!--top010178040150.n.et2-->
2015-08-14 14:12:15	<?xml version="1.0" encoding="utf-8" ?><error_response><code>15</code><msg>Remote service error</msg><sub_code>isv.logistics-offline-service-error:CONSIGN_FAIL</sub_code><request_id>zqdwmrdttbsy</request_id></error_response><!--top010178040167.n.et2-->
2015-08-14 14:13:25	<?xml version="1.0" encoding="utf-8" ?><error_response><code>15</code><msg>Remote service error</msg><sub_code>isv.logistics-update-company-or-mailno-error:P07</sub_code><sub_msg>未作修改</sub_msg><request_id>15q9blda7sfu3</request_id></error_response><!--top010179135040.s.et2-->
2015-08-14 14:13:39	<?xml version="1.0" encoding="utf-8" ?><error_response><code>15</code><msg>Remote service error</msg><sub_code>isv.logistics-offline-service-error:CONSIGN_FAIL</sub_code><request_id>101yhzsztgyd9</request_id></error_response><!--top010178059113.n.et2-->
2015-08-14 14:14:35	<?xml version="1.0" encoding="utf-8" ?><error_response><code>15</code><msg>Remote service error</msg><sub_code>isv.logistics-update-company-or-mailno-error:P07</sub_code><sub_msg>未作修改</sub_msg><request_id>14759hi99feef</request_id></error_response><!--top010179045172.s.et2-->
2015-08-14 14:15:01	<?xml version="1.0" encoding="utf-8" ?><error_response><code>15</code><msg>Remote service error</msg><sub_code>isv.logistics-update-company-or-mailno-error:P07</sub_code><sub_msg>未作修改</sub_msg><request_id>zt9xanjujvf7</request_id></error_response><!--top010178045088.n.et2-->
2015-08-14 14:15:52	<?xml version="1.0" encoding="utf-8" ?><error_response><code>15</code><msg>Remote service error</msg><sub_code>isv.logistics-update-company-or-mailno-error:P07</sub_code><sub_msg>未作修改</sub_msg><request_id>14759hiak5ghe</request_id></error_response><!--top010179045172.s.et2-->
2015-08-14 14:20:45	<?xml version="1.0" encoding="utf-8" ?><error_response><code>15</code><msg>Remote service error</msg><sub_code>isv.logistics-update-company-or-mailno-error:P07</sub_code><sub_msg>未作修改</sub_msg><request_id>r4kq0d4ug8zp</request_id></error_response><!--top010176049160.et2-->
2015-08-14 14:20:53	<?xml version="1.0" encoding="utf-8" ?><error_response><code>15</code><msg>Remote service error</msg><sub_code>isv.logistics-update-company-or-mailno-error:P07</sub_code><sub_msg>未作修改</sub_msg><request_id>r4m3wb1pssch</request_id></error_response><!--top010176049176.et2-->
2015-08-14 14:22:51	<?xml version="1.0" encoding="utf-8" ?><error_response><code>15</code><msg>Remote service error</msg><sub_code>isv.logistics-offline-service-error:AT0011</sub_code><request_id>15q8w057b99xh</request_id></error_response><!--top010179135035.s.et2-->
2015-08-14 14:31:29	<?xml version="1.0" encoding="utf-8" ?><error_response><code>15</code><msg>Remote service error</msg><sub_code>isv.logistics-update-company-or-mailno-error:P07</sub_code><sub_msg>未作修改</sub_msg><request_id>ztaj4e3nj4jo</request_id></error_response><!--top010178045095.n.et2-->
2015-08-14 14:31:41	<?xml version="1.0" encoding="utf-8" ?><error_response><code>15</code><msg>Remote service error</msg><sub_code>isv.logistics-offline-service-error:AT0011</sub_code><request_id>10wc7izneq6il</request_id></error_response><!--top010178108197.n.et2-->
2015-08-14 14:31:42	<?xml version="1.0" encoding="utf-8" ?><error_response><code>15</code><msg>Remote service error</msg><sub_code>isv.logistics-update-company-or-mailno-error:P07</sub_code><sub_msg>未作修改</sub_msg><request_id>10wjtwo5j25ab</request_id></error_response><!--top010178109029.n.et2-->
2015-08-14 14:32:18	<?xml version="1.0" encoding="utf-8" ?><error_response><code>15</code><msg>Remote service error</msg><sub_code>isv.logistics-offline-service-error:CONSIGN_FAIL</sub_code><request_id>zmziynk4r3v3</request_id></error_response><!--top010178035034.n.et2-->
2015-08-14 14:33:25	<?xml version="1.0" encoding="utf-8" ?><error_response><code>15</code><msg>Remote service error</msg><sub_code>isv.logistics-update-company-or-mailno-error:P07</sub_code><sub_msg>未作修改</sub_msg><request_id>1476awh7yi7sd</request_id></error_response><!--top010179045184.s.et2-->
2015-08-14 14:35:15	<?xml version="1.0" encoding="utf-8" ?><error_response><code>15</code><msg>Remote service error</msg><sub_code>isv.logistics-update-company-or-mailno-error:P07</sub_code><sub_msg>未作修改</sub_msg><request_id>r4kw8va5qose</request_id></error_response><!--top010176049162.et2-->
2015-08-14 14:35:43	<?xml version="1.0" encoding="utf-8" ?><error_response><code>15</code><msg>Remote service error</msg><sub_code>isv.logistics-update-company-or-mailno-error:P07</sub_code><sub_msg>未作修改</sub_msg><request_id>10fbvl5go2n9x</request_id></error_response><!--top010178081039.n.et2-->
2015-08-14 14:47:35	<?xml version="1.0" encoding="utf-8" ?><error_response><code>15</code><msg>Remote service error</msg><sub_code>isv.logistics-update-company-or-mailno-error:P07</sub_code><sub_msg>未作修改</sub_msg><request_id>12lrvmbt4zqd7</request_id></error_response><!--top010178208133.n.et2-->
2015-08-14 14:48:26	<?xml version="1.0" encoding="utf-8" ?><error_response><code>15</code><msg>Remote service error</msg><sub_code>isv.logistics-update-company-or-mailno-error:P07</sub_code><sub_msg>未作修改</sub_msg><request_id>r4kgnnb33idr</request_id></error_response><!--top010176049157.et2-->
2015-08-14 14:48:27	<?xml version="1.0" encoding="utf-8" ?><error_response><code>15</code><msg>Remote service error</msg><sub_code>isv.logistics-offline-service-error:CONSIGN_FAIL</sub_code><request_id>zddiqeyogcay</request_id></error_response><!--top010178019135.n.et2-->
2015-08-14 14:49:31	<?xml version="1.0" encoding="utf-8" ?><error_response><code>15</code><msg>Remote service error</msg><sub_code>isv.logistics-offline-service-error:CONSIGN_FAIL</sub_code><request_id>16cfcfghmvcyq</request_id></error_response><!--top010179171038.s.et2-->
2015-08-14 14:50:16	<?xml version="1.0" encoding="utf-8" ?><error_response><code>15</code><msg>Remote service error</msg><sub_code>isv.logistics-offline-service-error:CONSIGN_FAIL</sub_code><request_id>101za21up3zcq</request_id></error_response><!--top010178059122.n.et2-->
2015-08-14 14:51:52	<?xml version="1.0" encoding="utf-8" ?><error_response><code>15</code><msg>Remote service error</msg><sub_code>isv.logistics-update-company-or-mailno-error:P07</sub_code><sub_msg>未作修改</sub_msg><request_id>10wcan937ncin</request_id></error_response><!--top010178108198.n.et2-->
2015-08-14 14:51:55	<?xml version="1.0" encoding="utf-8" ?><error_response><code>15</code><msg>Remote service error</msg><sub_code>isv.logistics-update-company-or-mailno-error:P07</sub_code><sub_msg>未作修改</sub_msg><request_id>1475yfi9k6bk6</request_id></error_response><!--top010179045180.s.et2-->
2015-08-14 14:54:04	<?xml version="1.0" encoding="utf-8" ?><error_response><code>15</code><msg>Remote service error</msg><sub_code>isv.logistics-offline-service-error:CONSIGN_FAIL</sub_code><request_id>101z0pbcod7jm</request_id></error_response><!--top010178059119.n.et2-->
2015-08-14 14:55:45	<?xml version="1.0" encoding="utf-8" ?><error_response><code>15</code><msg>Remote service error</msg><sub_code>isv.logistics-offline-service-error:AT0011</sub_code><request_id>1476tlz2fkrum</request_id></error_response><!--top010179045190.s.et2-->
2015-08-14 14:56:01	<?xml version="1.0" encoding="utf-8" ?><error_response><code>15</code><msg>Remote service error</msg><sub_code>isv.logistics-update-company-or-mailno-error:P07</sub_code><sub_msg>未作修改</sub_msg><request_id>14759hjfctefd</request_id></error_response><!--top010179045172.s.et2-->
2015-08-14 15:00:28	<?xml version="1.0" encoding="utf-8" ?><error_response><code>15</code><msg>Remote service error</msg><sub_code>isv.logistics-update-company-or-mailno-error:P07</sub_code><sub_msg>未作修改</sub_msg><request_id>12louhpqujqwz</request_id></error_response><!--top010178208098.n.et2-->
2015-08-14 15:03:12	<?xml version="1.0" encoding="utf-8" ?><error_response><code>15</code><msg>Remote service error</msg><sub_code>isv.logistics-offline-service-error:CONSIGN_FAIL</sub_code><request_id>zq6mq3sotlpc</request_id></error_response><!--top010178040083.n.et2-->
2015-08-14 15:03:22	<?xml version="1.0" encoding="utf-8" ?><error_response><code>15</code><msg>Remote service error</msg><sub_code>isv.logistics-offline-service-error:CONSIGN_FAIL</sub_code><request_id>ztag064r96ob</request_id></error_response><!--top010178045094.n.et2-->
2015-08-14 15:03:35	<?xml version="1.0" encoding="utf-8" ?><error_response><code>15</code><msg>Remote service error</msg><sub_code>isv.logistics-update-company-or-mailno-error:P07</sub_code><sub_msg>未作修改</sub_msg><request_id>12js2u3kiz5mw</request_id></error_response><!--top010178205072.n.et2-->
2015-08-14 15:03:43	<?xml version="1.0" encoding="utf-8" ?><error_response><code>15</code><msg>Remote service error</msg><sub_code>isv.logistics-offline-service-error:CONSIGN_FAIL</sub_code><request_id>qm2s21x22lm7</request_id></error_response><!--top010176019151.et2-->
2015-08-14 15:03:52	<?xml version="1.0" encoding="utf-8" ?><error_response><code>15</code><msg>Remote service error</msg><sub_code>isv.logistics-offline-service-error:AT0011</sub_code><request_id>ztavlehqpll8</request_id></error_response><!--top010178045099.n.et2-->
2015-08-14 15:04:31	<?xml version="1.0" encoding="utf-8" ?><error_response><code>15</code><msg>Remote service error</msg><sub_code>isv.logistics-offline-service-error:CONSIGN_FAIL</sub_code><request_id>qm514gjl897d</request_id></error_response><!--top010176019177.et2-->
2015-08-14 15:08:12	<?xml version="1.0" encoding="utf-8" ?><error_response><code>15</code><msg>Remote service error</msg><sub_code>isv.logistics-update-company-or-mailno-error:P07</sub_code><sub_msg>未作修改</sub_msg><request_id>10fd38mjtpp6z</request_id></error_response><!--top010178081053.n.et2-->
2015-08-14 15:08:23	<?xml version="1.0" encoding="utf-8" ?><error_response><code>15</code><msg>Remote service error</msg><sub_code>isv.logistics-offline-service-error:AT0011</sub_code><request_id>qm4uvywxfwne</request_id></error_response><!--top010176019175.et2-->
2015-08-14 15:08:52	<?xml version="1.0" encoding="utf-8" ?><error_response><code>15</code><msg>Remote service error</msg><sub_code>isv.logistics-update-company-or-mailno-error:P07</sub_code><sub_msg>未作修改</sub_msg><request_id>1476e0r39frfv</request_id></error_response><!--top010179045185.s.et2-->
2015-08-14 15:09:33	<?xml version="1.0" encoding="utf-8" ?><error_response><code>15</code><msg>Remote service error</msg><sub_code>isv.logistics-offline-service-error:CONSIGN_FAIL</sub_code><request_id>ze2145l25l7v</request_id></error_response><!--top010178020162.n.et2-->
2015-08-14 15:10:08	<?xml version="1.0" encoding="utf-8" ?><error_response><code>15</code><msg>Remote service error</msg><sub_code>isv.logistics-offline-service-error:CONSIGN_FAIL</sub_code><request_id>10fjeum2fex2u</request_id></error_response><!--top010178081126.n.et2-->
2015-08-14 15:15:22	<?xml version="1.0" encoding="utf-8" ?><error_response><code>15</code><msg>Remote service error</msg><sub_code>isv.logistics-offline-service-error:AT0011</sub_code><request_id>r4lob48lbvwm</request_id></error_response><!--top010176049171.et2-->
2015-08-14 16:21:00	<?xml version="1.0" encoding="utf-8" ?><error_response><code>15</code><msg>Remote service error</msg><sub_code>isv.logistics-update-company-or-mailno-error:P07</sub_code><sub_msg>未作修改</sub_msg><request_id>10fbvl8fmtrld</request_id></error_response><!--top010178081039.n.et2-->
2015-08-14 16:21:50	<?xml version="1.0" encoding="utf-8" ?><error_response><code>15</code><msg>Remote service error</msg><sub_code>isv.logistics-update-company-or-mailno-error:P07</sub_code><sub_msg>未作修改</sub_msg><request_id>zddiqhlkue2u</request_id></error_response><!--top010178019135.n.et2-->
2015-08-14 16:22:19	<?xml version="1.0" encoding="utf-8" ?><error_response><code>15</code><msg>Remote service error</msg><sub_code>isv.logistics-offline-service-error:AT0011</sub_code><request_id>10fipwp5eqngb</request_id></error_response><!--top010178081118.n.et2-->
2015-08-14 16:22:35	<?xml version="1.0" encoding="utf-8" ?><error_response><code>15</code><msg>Remote service error</msg><sub_code>isv.logistics-offline-service-error:AT0011</sub_code><request_id>1476qhsncueby</request_id></error_response><!--top010179045189.s.et2-->
2015-08-14 16:22:56	<?xml version="1.0" encoding="utf-8" ?><error_response><code>15</code><msg>Remote service error</msg><sub_code>isv.logistics-update-company-or-mailno-error:P07</sub_code><sub_msg>未作修改</sub_msg><request_id>zoxrmjq2qnnn</request_id></error_response><!--top010178038077.n.et2-->
2015-08-14 16:22:57	<?xml version="1.0" encoding="utf-8" ?><error_response><code>15</code><msg>Remote service error</msg><sub_code>isv.logistics-offline-service-error:AT0011</sub_code><request_id>zddfm8rf0ulh</request_id></error_response><!--top010178019134.n.et2-->
2015-08-14 17:24:28	<?xml version="1.0" encoding="utf-8" ?><error_response><code>15</code><msg>Remote service error</msg><sub_code>isv.logistics-update-company-or-mailno-error:P07</sub_code><sub_msg>未作修改</sub_msg><request_id>15q8w0abv7dmp</request_id></error_response><!--top010179135035.s.et2-->
2015-08-14 17:24:43	<?xml version="1.0" encoding="utf-8" ?><error_response><code>15</code><msg>Remote service error</msg><sub_code>isv.logistics-update-company-or-mailno-error:P07</sub_code><sub_msg>未作修改</sub_msg><request_id>qm3wld7759zn</request_id></error_response><!--top010176019164.et2-->
2015-08-14 17:35:34	<?xml version="1.0" encoding="utf-8" ?><error_response><code>15</code><msg>Remote service error</msg><sub_code>isv.logistics-update-company-or-mailno-error:P07</sub_code><sub_msg>未作修改</sub_msg><request_id>15q087nphnbgw</request_id></error_response><!--top010179134191.s.et2-->
2015-08-14 18:07:40	<?xml version="1.0" encoding="utf-8" ?><error_response><code>15</code><msg>Remote service error</msg><sub_code>isv.logistics-update-company-or-mailno-error:P07</sub_code><sub_msg>未作修改</sub_msg><request_id>10wcanem5y0g2</request_id></error_response><!--top010178108198.n.et2-->
2015-08-14 18:07:57	<?xml version="1.0" encoding="utf-8" ?><error_response><code>15</code><msg>Remote service error</msg><sub_code>isv.logistics-offline-service-error:AT0011</sub_code><request_id>qm3zpnaep2mf</request_id></error_response><!--top010176019165.et2-->
2015-08-14 18:11:25	<?xml version="1.0" encoding="utf-8" ?><error_response><code>15</code><msg>Remote service error</msg><sub_code>isv.logistics-update-company-or-mailno-error:P07</sub_code><sub_msg>未作修改</sub_msg><request_id>10fbvlbjub72d</request_id></error_response><!--top010178081039.n.et2-->
2015-08-14 18:11:52	<?xml version="1.0" encoding="utf-8" ?><error_response><code>15</code><msg>Remote service error</msg><sub_code>isv.logistics-update-company-or-mailno-error:P07</sub_code><sub_msg>未作修改</sub_msg><request_id>zqbwxa5hlx75</request_id></error_response><!--top010178040144.n.et2-->
2015-08-14 18:12:14	<?xml version="1.0" encoding="utf-8" ?><error_response><code>15</code><msg>Remote service error</msg><sub_code>isv.logistics-update-company-or-mailno-error:P07</sub_code><sub_msg>未作修改</sub_msg><request_id>qm42twa2cp31</request_id></error_response><!--top010176019166.et2-->
