2015-07-16 00:00:31	{"error_response":{"code":29,"msg":"Invalid app Key","sub_code":"isv.appkey-not-exists","request_id":"1475r9konlwq8"}}
2015-07-16 00:00:38	{"error_response":{"code":29,"msg":"Invalid app Key","sub_code":"isv.appkey-not-exists","request_id":"zt9t8zvu80xp"}}
2015-07-16 00:00:45	{"error_response":{"code":29,"msg":"Invalid app Key","sub_code":"isv.appkey-not-exists","request_id":"10fjwmmxmpv8v"}}
2015-07-16 00:00:52	{"error_response":{"code":29,"msg":"Invalid app Key","sub_code":"isv.appkey-not-exists","request_id":"ztabyh3uwayp"}}
2015-07-16 01:00:35	{"error_response":{"code":29,"msg":"Invalid app Key","sub_code":"isv.appkey-not-exists","request_id":"zq82sw3zfm8q"}}
2015-07-16 01:00:41	{"error_response":{"code":29,"msg":"Invalid app Key","sub_code":"isv.appkey-not-exists","request_id":"10fj7opo5tslh"}}
2015-07-16 01:00:48	{"error_response":{"code":29,"msg":"Invalid app Key","sub_code":"isv.appkey-not-exists","request_id":"15py7kgybpnwf"}}
2015-07-16 02:00:31	{"error_response":{"code":29,"msg":"Invalid app Key","sub_code":"isv.appkey-not-exists","request_id":"zddo1kcfdjz1"}}
2015-07-16 04:30:33	{"error_response":{"code":29,"msg":"Invalid app Key","sub_code":"isv.appkey-not-exists","request_id":"10fbxs6khjfxt"}}
2015-07-16 05:30:32	{"error_response":{"code":29,"msg":"Invalid app Key","sub_code":"isv.appkey-not-exists","request_id":"zqb0thaddu87"}}
2015-07-16 06:00:32	{"error_response":{"code":29,"msg":"Invalid app Key","sub_code":"isv.appkey-not-exists","request_id":"10fjqefclx10s"}}
2015-07-16 06:00:38	{"error_response":{"code":29,"msg":"Invalid app Key","sub_code":"isv.appkey-not-exists","request_id":"zt9wdiwy32ch"}}
2015-07-16 06:30:32	{"error_response":{"code":29,"msg":"Invalid app Key","sub_code":"isv.appkey-not-exists","request_id":"10fc0witperc4"}}
2015-07-16 06:30:39	{"error_response":{"code":29,"msg":"Invalid app Key","sub_code":"isv.appkey-not-exists","request_id":"qm36q53nqxze"}}
2015-07-16 08:00:33	{"error_response":{"code":29,"msg":"Invalid app Key","sub_code":"isv.appkey-not-exists","request_id":"rp9a5dioxl89"}}
2015-07-16 08:00:39	{"error_response":{"code":29,"msg":"Invalid app Key","sub_code":"isv.appkey-not-exists","request_id":"zqbmnblzkiy0"}}
2015-07-16 08:30:33	{"error_response":{"code":29,"msg":"Invalid app Key","sub_code":"isv.appkey-not-exists","request_id":"1476soxigph98"}}
2015-07-16 08:30:40	{"error_response":{"code":29,"msg":"Invalid app Key","sub_code":"isv.appkey-not-exists","request_id":"zddr6485gf8m"}}
2015-07-16 08:30:46	{"error_response":{"code":29,"msg":"Invalid app Key","sub_code":"isv.appkey-not-exists","request_id":"10fc753yh15h1"}}
2015-07-16 08:50:08	{"error_response":{"code":29,"msg":"Invalid app Key","sub_code":"isv.appkey-not-exists","request_id":"rp74796nn7wi"}}
2015-07-16 09:00:29	{"error_response":{"code":29,"msg":"Invalid app Key","sub_code":"isv.appkey-not-exists","request_id":"16cf8e734lwkq"}}
2015-07-16 09:00:36	{"error_response":{"code":29,"msg":"Invalid app Key","sub_code":"isv.appkey-not-exists","request_id":"12jrskc19bviv"}}
2015-07-16 09:25:03	{"error_response":{"code":29,"msg":"Invalid app Key","sub_code":"isv.appkey-not-exists","request_id":"10fiir4y9wnlv"}}
2015-07-16 09:30:19	{"error_response":{"code":29,"msg":"Invalid app Key","sub_code":"isv.appkey-not-exists","request_id":"10cgsazmux0ck"}}
2015-07-16 10:00:12	{"error_response":{"code":29,"msg":"Invalid app Key","sub_code":"isv.appkey-not-exists","request_id":"15pyk1vnlopbb"}}
2015-07-16 10:00:19	{"error_response":{"code":29,"msg":"Invalid app Key","sub_code":"isv.appkey-not-exists","request_id":"qm3cysrav3mp"}}
2015-07-16 10:02:30	{"error_response":{"code":29,"msg":"Invalid app Key","sub_code":"isv.appkey-not-exists","request_id":"qm2o0tv59vtr"}}
2015-07-16 10:03:50	{"error_response":{"code":29,"msg":"Invalid app Key","sub_code":"isv.appkey-not-exists","request_id":"r4le1e5ln06q"}}
2015-07-16 10:25:06	{"error_response":{"code":29,"msg":"Invalid app Key","sub_code":"isv.appkey-not-exists","request_id":"15q8y7gohkctz"}}
2015-07-16 10:25:22	{"error_response":{"code":29,"msg":"Invalid app Key","sub_code":"isv.appkey-not-exists","request_id":"zt8uyrydi38m"}}
2015-07-16 10:30:10	{"error_response":{"code":29,"msg":"Invalid app Key","sub_code":"isv.appkey-not-exists","request_id":"10fkc8d1ntrl7"}}
2015-07-16 10:50:03	{"error_response":{"code":29,"msg":"Invalid app Key","sub_code":"isv.appkey-not-exists","request_id":"16cemkk3duniz"}}
2015-07-16 10:50:04	{"error_response":{"code":29,"msg":"Invalid app Key","sub_code":"isv.appkey-not-exists","request_id":"15q8ouqryi1y2"}}
2015-07-16 10:55:59	{"error_response":{"code":29,"msg":"Invalid app Key","sub_code":"isv.appkey-not-exists","request_id":"14sqav1rv1bbo"}}
2015-07-16 10:56:07	{"error_response":{"code":29,"msg":"Invalid app Key","sub_code":"isv.appkey-not-exists","request_id":"zq7gzmu12z7v"}}
2015-07-16 10:56:22	{"error_response":{"code":29,"msg":"Invalid app Key","sub_code":"isv.appkey-not-exists","request_id":"15q0t4budm90b"}}
2015-07-16 10:56:34	{"error_response":{"code":29,"msg":"Invalid app Key","sub_code":"isv.appkey-not-exists","request_id":"1476d3tackzn5"}}
2015-07-16 10:56:52	{"error_response":{"code":29,"msg":"Invalid app Key","sub_code":"isv.appkey-not-exists","request_id":"qm2r549os3mo"}}
2015-07-16 10:57:01	{"error_response":{"code":29,"msg":"Invalid app Key","sub_code":"isv.appkey-not-exists","request_id":"15q0q02zquk2q"}}
2015-07-16 10:57:10	{"error_response":{"code":29,"msg":"Invalid app Key","sub_code":"isv.appkey-not-exists","request_id":"zq5qmph608vu"}}
2015-07-16 10:57:17	{"error_response":{"code":29,"msg":"Invalid app Key","sub_code":"isv.appkey-not-exists","request_id":"qm36qcml2zko"}}
2015-07-16 10:57:20	{"error_response":{"code":29,"msg":"Invalid app Key","sub_code":"isv.appkey-not-exists","request_id":"10fkc8dt9hlud"}}
2015-07-16 10:57:24	{"error_response":{"code":29,"msg":"Invalid app Key","sub_code":"isv.appkey-not-exists","request_id":"12l8mipmuqt8k"}}
2015-07-16 10:57:26	{"error_response":{"code":29,"msg":"Invalid app Key","sub_code":"isv.appkey-not-exists","request_id":"r4ltmo0jint3"}}
2015-07-16 11:00:03	{"error_response":{"code":29,"msg":"Invalid app Key","sub_code":"isv.appkey-not-exists","request_id":"15pzf8e1de0rb"}}
2015-07-16 11:00:03	{"error_response":{"code":29,"msg":"Invalid app Key","sub_code":"isv.appkey-not-exists","request_id":"10fed3dwkcxrw"}}
2015-07-16 11:00:06	{"error_response":{"code":29,"msg":"Invalid app Key","sub_code":"isv.appkey-not-exists","request_id":"12lkr17f47pfg"}}
2015-07-16 11:25:02	{"error_response":{"code":29,"msg":"Invalid app Key","sub_code":"isv.appkey-not-exists","request_id":"qm4tz1xfbiu6"}}
2015-07-16 11:25:02	{"error_response":{"code":29,"msg":"Invalid app Key","sub_code":"isv.appkey-not-exists","request_id":"zq6v5xkco52b"}}
2015-07-16 11:25:10	{"error_response":{"code":29,"msg":"Invalid app Key","sub_code":"isv.appkey-not-exists","request_id":"ze26fqb3e8a0"}}
2015-07-16 11:30:06	{"error_response":{"code":29,"msg":"Invalid app Key","sub_code":"isv.appkey-not-exists","request_id":"15pyk1y6xt9mw"}}
2015-07-16 11:30:14	{"error_response":{"code":29,"msg":"Invalid app Key","sub_code":"isv.appkey-not-exists","request_id":"16cfbik6kpxzn"}}
2015-07-16 11:30:22	{"error_response":{"code":29,"msg":"Invalid app Key","sub_code":"isv.appkey-not-exists","request_id":"10wjmram4txr5"}}
2015-07-16 11:30:32	{"error_response":{"code":29,"msg":"Invalid app Key","sub_code":"isv.appkey-not-exists","request_id":"zqb0trg60x44"}}
2015-07-16 11:30:42	{"error_response":{"code":29,"msg":"Invalid app Key","sub_code":"isv.appkey-not-exists","request_id":"qm4tz236df83"}}
2015-07-16 11:50:03	{"error_response":{"code":29,"msg":"Invalid app Key","sub_code":"isv.appkey-not-exists","request_id":"rp747e9hbms1"}}
2015-07-16 12:00:04	{"error_response":{"code":29,"msg":"Invalid app Key","sub_code":"isv.appkey-not-exists","request_id":"qm36qeedi3yn"}}
2015-07-16 12:00:06	{"error_response":{"code":29,"msg":"Invalid app Key","sub_code":"isv.appkey-not-exists","request_id":"16cegc4byp0ym"}}
2015-07-16 12:00:25	{"error_response":{"code":29,"msg":"Invalid app Key","sub_code":"isv.appkey-not-exists","request_id":"101ynbgahh03p"}}
2015-07-16 12:25:02	{"error_response":{"code":29,"msg":"Invalid app Key","sub_code":"isv.appkey-not-exists","request_id":"12cktvug7ft7b"}}
2015-07-16 12:25:09	{"error_response":{"code":29,"msg":"Invalid app Key","sub_code":"isv.appkey-not-exists","request_id":"ztabz244vh9t"}}
2015-07-16 12:30:05	{"error_response":{"code":29,"msg":"Invalid app Key","sub_code":"isv.appkey-not-exists","request_id":"10fj7p94njhcg"}}
2015-07-16 12:30:11	{"error_response":{"code":29,"msg":"Invalid app Key","sub_code":"isv.appkey-not-exists","request_id":"10fkfcpax45x4"}}
2015-07-16 12:30:18	{"error_response":{"code":29,"msg":"Invalid app Key","sub_code":"isv.appkey-not-exists","request_id":"qm3g35uzqm0n"}}
2015-07-16 13:00:06	{"error_response":{"code":29,"msg":"Invalid app Key","sub_code":"isv.appkey-not-exists","request_id":"14pd7ypxcafmm"}}
2015-07-16 13:00:19	{"error_response":{"code":29,"msg":"Invalid app Key","sub_code":"isv.appkey-not-exists","request_id":"qm2o0yvtg3ya"}}
2015-07-16 13:00:28	{"error_response":{"code":29,"msg":"Invalid app Key","sub_code":"isv.appkey-not-exists","request_id":"10fc0wttwrosr"}}
2015-07-16 13:00:34	{"error_response":{"code":29,"msg":"Invalid app Key","sub_code":"isv.appkey-not-exists","request_id":"10fcgi26iaesz"}}
2015-07-16 13:00:41	{"error_response":{"code":29,"msg":"Invalid app Key","sub_code":"isv.appkey-not-exists","request_id":"16cf25w4ll7fi"}}
2015-07-16 13:25:03	{"error_response":{"code":29,"msg":"Invalid app Key","sub_code":"isv.appkey-not-exists","request_id":"15q865dxnuznf"}}
2015-07-16 13:30:05	{"error_response":{"code":29,"msg":"Invalid app Key","sub_code":"isv.appkey-not-exists","request_id":"r4l1kkhzwbv9"}}
2015-07-16 13:30:12	{"error_response":{"code":29,"msg":"Invalid app Key","sub_code":"isv.appkey-not-exists","request_id":"1475xip9zbjdy"}}
2015-07-16 13:30:19	{"error_response":{"code":29,"msg":"Invalid app Key","sub_code":"isv.appkey-not-exists","request_id":"1475uegesq4ol"}}
2015-07-16 13:30:27	{"error_response":{"code":29,"msg":"Invalid app Key","sub_code":"isv.appkey-not-exists","request_id":"r4kp3l163da5"}}
2015-07-16 13:30:33	{"error_response":{"code":29,"msg":"Invalid app Key","sub_code":"isv.appkey-not-exists","request_id":"16cemkomgu7cu"}}
2015-07-16 13:30:40	{"error_response":{"code":29,"msg":"Invalid app Key","sub_code":"isv.appkey-not-exists","request_id":"14pde78izzacz"}}
2015-07-16 13:30:47	{"error_response":{"code":29,"msg":"Invalid app Key","sub_code":"isv.appkey-not-exists","request_id":"10fj4l1z1ct2m"}}
2015-07-16 14:00:06	{"error_response":{"code":29,"msg":"Invalid app Key","sub_code":"isv.appkey-not-exists","request_id":"15q046i2oucue"}}
2015-07-16 14:00:17	{"error_response":{"code":29,"msg":"Invalid app Key","sub_code":"isv.appkey-not-exists","request_id":"r4lqikb1ir7g"}}
2015-07-16 14:00:25	{"error_response":{"code":29,"msg":"Invalid app Key","sub_code":"isv.appkey-not-exists","request_id":"zqco2k73evxa"}}
2015-07-16 14:00:32	{"error_response":{"code":29,"msg":"Invalid app Key","sub_code":"isv.appkey-not-exists","request_id":"zq7gzs1fckui"}}
2015-07-16 14:00:39	{"error_response":{"code":29,"msg":"Invalid app Key","sub_code":"isv.appkey-not-exists","request_id":"15q9n5lpvx5mx"}}
2015-07-16 14:30:07	{"error_response":{"code":29,"msg":"Invalid app Key","sub_code":"isv.appkey-not-exists","request_id":"101zc9jgz3j1e"}}
2015-07-16 14:30:14	{"error_response":{"code":29,"msg":"Invalid app Key","sub_code":"isv.appkey-not-exists","request_id":"16cejghftady1"}}
2015-07-16 15:00:05	{"error_response":{"code":29,"msg":"Invalid app Key","sub_code":"isv.appkey-not-exists","request_id":"qm4nqq9cbdps"}}
2015-07-16 15:00:28	{"error_response":{"code":29,"msg":"Invalid app Key","sub_code":"isv.appkey-not-exists","request_id":"10cgsb8ybt6y3"}}
2015-07-16 15:00:41	{"error_response":{"code":29,"msg":"Invalid app Key","sub_code":"isv.appkey-not-exists","request_id":"zqb0txdpbwda"}}
2015-07-16 15:00:48	{"error_response":{"code":29,"msg":"Invalid app Key","sub_code":"isv.appkey-not-exists","request_id":"zq7n8bh9a21h"}}
2015-07-16 15:25:02	{"error_response":{"code":29,"msg":"Invalid app Key","sub_code":"isv.appkey-not-exists","request_id":"16cf26079t037"}}
2015-07-16 15:25:02	{"error_response":{"code":29,"msg":"Invalid app Key","sub_code":"isv.appkey-not-exists","request_id":"15pz5vuwqngdf"}}
2015-07-16 15:25:15	{"error_response":{"code":29,"msg":"Invalid app Key","sub_code":"isv.appkey-not-exists","request_id":"1476mgrh8yoxw"}}
2015-07-16 15:30:04	{"error_response":{"code":29,"msg":"Invalid app Key","sub_code":"isv.appkey-not-exists","request_id":"12jrmc5aecerf"}}
2015-07-16 15:30:10	{"error_response":{"code":29,"msg":"Invalid app Key","sub_code":"isv.appkey-not-exists","request_id":"10fcpux0enu1l"}}
2015-07-16 15:30:18	{"error_response":{"code":29,"msg":"Invalid app Key","sub_code":"isv.appkey-not-exists","request_id":"r4kp3oey6lvh"}}
2015-07-16 15:30:31	{"error_response":{"code":29,"msg":"Invalid app Key","sub_code":"isv.appkey-not-exists","request_id":"qm4quzzkfp1k"}}
2015-07-16 15:50:03	{"error_response":{"code":29,"msg":"Invalid app Key","sub_code":"isv.appkey-not-exists","request_id":"rp971hwgm15m"}}
2015-07-16 16:00:04	{"error_response":{"code":29,"msg":"Invalid app Key","sub_code":"isv.appkey-not-exists","request_id":"15pzf8mi88p90"}}
2015-07-16 16:00:13	{"error_response":{"code":29,"msg":"Invalid app Key","sub_code":"isv.appkey-not-exists","request_id":"10fj4l66vlrng"}}
2015-07-16 16:00:26	{"error_response":{"code":29,"msg":"Invalid app Key","sub_code":"isv.appkey-not-exists","request_id":"12cktw0j27dsm"}}
2015-07-16 16:00:36	{"error_response":{"code":29,"msg":"Invalid app Key","sub_code":"isv.appkey-not-exists","request_id":"qm3cz2xdlunt"}}
2015-07-16 16:00:44	{"error_response":{"code":29,"msg":"Invalid app Key","sub_code":"isv.appkey-not-exists","request_id":"r4lneeu583x9"}}
2015-07-16 16:00:55	{"error_response":{"code":29,"msg":"Invalid app Key","sub_code":"isv.appkey-not-exists","request_id":"12cl38r5gbfj9"}}
2015-07-16 16:25:02	{"error_response":{"code":29,"msg":"Invalid app Key","sub_code":"isv.appkey-not-exists","request_id":"1476vtjrw57e0"}}
2015-07-16 16:25:09	{"error_response":{"code":29,"msg":"Invalid app Key","sub_code":"isv.appkey-not-exists","request_id":"16cfbisi90m7i"}}
2015-07-16 16:30:03	{"error_response":{"code":29,"msg":"Invalid app Key","sub_code":"isv.appkey-not-exists","request_id":"zq5qmyvf2jzt"}}
2015-07-16 16:31:14	{"error_response":{"code":29,"msg":"Invalid app Key","sub_code":"isv.appkey-not-exists","request_id":"16cf2622j9v6x"}}
2015-07-16 17:00:03	{"error_response":{"code":29,"msg":"Invalid app Key","sub_code":"isv.appkey-not-exists","request_id":"rp971jvlci4k"}}
2015-07-16 17:00:04	{"error_response":{"code":29,"msg":"Invalid app Key","sub_code":"isv.appkey-not-exists","request_id":"16cf262vu36wp"}}
2015-07-16 17:00:21	{"error_response":{"code":29,"msg":"Invalid app Key","sub_code":"isv.appkey-not-exists","request_id":"12lotl2g3tnvy"}}
2015-07-16 17:00:24	{"error_response":{"code":29,"msg":"Invalid app Key","sub_code":"isv.appkey-not-exists","request_id":"qm3cz4m52x0o"}}
2015-07-16 17:25:03	{"error_response":{"code":29,"msg":"Invalid app Key","sub_code":"isv.appkey-not-exists","request_id":"10fbuojk5xeu5"}}
2015-07-16 17:25:10	{"error_response":{"code":29,"msg":"Invalid app Key","sub_code":"isv.appkey-not-exists","request_id":"15q046nv27u4t"}}
2015-07-16 17:25:17	{"error_response":{"code":29,"msg":"Invalid app Key","sub_code":"isv.appkey-not-exists","request_id":"10fcgi9nhi8us"}}
2015-07-16 17:25:25	{"error_response":{"code":29,"msg":"Invalid app Key","sub_code":"isv.appkey-not-exists","request_id":"16cea3vrx5zi9"}}
2015-07-16 17:25:32	{"error_response":{"code":29,"msg":"Invalid app Key","sub_code":"isv.appkey-not-exists","request_id":"1475xivx3auyd"}}
2015-07-16 17:25:38	{"error_response":{"code":29,"msg":"Invalid app Key","sub_code":"isv.appkey-not-exists","request_id":"15q7zx2zjcnva"}}
2015-07-16 17:50:02	{"error_response":{"code":29,"msg":"Invalid app Key","sub_code":"isv.appkey-not-exists","request_id":"10fjzrpzfluhc"}}
2015-07-16 18:00:03	{"error_response":{"code":29,"msg":"Invalid app Key","sub_code":"isv.appkey-not-exists","request_id":"r4kfr21898cg"}}
2015-07-16 18:00:04	{"error_response":{"code":29,"msg":"Invalid app Key","sub_code":"isv.appkey-not-exists","request_id":"14pd7yye50epn"}}
2015-07-16 18:00:17	{"error_response":{"code":29,"msg":"Invalid app Key","sub_code":"isv.appkey-not-exists","request_id":"10fiycrualyp6"}}
2015-07-16 18:00:38	{"error_response":{"code":29,"msg":"Invalid app Key","sub_code":"isv.appkey-not-exists","request_id":"10wjmrlmoabp4"}}
2015-07-16 18:00:51	{"error_response":{"code":29,"msg":"Invalid app Key","sub_code":"isv.appkey-not-exists","request_id":"r4lzvhpdbz9q"}}
2015-07-16 18:30:02	{"error_response":{"code":29,"msg":"Invalid app Key","sub_code":"isv.appkey-not-exists","request_id":"12ckkje570lxr"}}
2015-07-16 18:30:09	{"error_response":{"code":29,"msg":"Invalid app Key","sub_code":"isv.appkey-not-exists","request_id":"qm4b9wplugq7"}}
2015-07-16 19:00:04	{"error_response":{"code":29,"msg":"Invalid app Key","sub_code":"isv.appkey-not-exists","request_id":"ze1x3cjflav4"}}
2015-07-16 19:30:03	{"error_response":{"code":29,"msg":"Invalid app Key","sub_code":"isv.appkey-not-exists","request_id":"qm507xcud3fo"}}
2015-07-16 19:30:10	{"error_response":{"code":29,"msg":"Invalid app Key","sub_code":"isv.appkey-not-exists","request_id":"zq7h01cd4hs2"}}
2015-07-16 19:50:03	{"error_response":{"code":29,"msg":"Invalid app Key","sub_code":"isv.appkey-not-exists","request_id":"12kbgcrphojx5"}}
2015-07-16 20:00:03	{"error_response":{"code":29,"msg":"Invalid app Key","sub_code":"isv.appkey-not-exists","request_id":"15pyn6lgem5uw"}}
2015-07-16 20:00:15	{"error_response":{"code":29,"msg":"Invalid app Key","sub_code":"isv.appkey-not-exists","request_id":"14sq4mzeankpq"}}
2015-07-16 20:00:27	{"error_response":{"code":29,"msg":"Invalid app Key","sub_code":"isv.appkey-not-exists","request_id":"r4klzn65zt14"}}
2015-07-16 20:30:03	{"error_response":{"code":29,"msg":"Invalid app Key","sub_code":"isv.appkey-not-exists","request_id":"ze2confcvebt"}}
2015-07-16 20:30:10	{"error_response":{"code":29,"msg":"Invalid app Key","sub_code":"isv.appkey-not-exists","request_id":"zde3no0fec85"}}
2015-07-16 21:00:04	{"error_response":{"code":29,"msg":"Invalid app Key","sub_code":"isv.appkey-not-exists","request_id":"ze23bxnyuglb"}}
2015-07-16 21:00:22	{"error_response":{"code":29,"msg":"Invalid app Key","sub_code":"isv.appkey-not-exists","request_id":"zt9q5qkkkns2"}}
2015-07-16 21:00:34	{"error_response":{"code":29,"msg":"Invalid app Key","sub_code":"isv.appkey-not-exists","request_id":"16cf269o7nfaz"}}
2015-07-16 21:00:47	{"error_response":{"code":29,"msg":"Invalid app Key","sub_code":"isv.appkey-not-exists","request_id":"10fiirol7gbfw"}}
2015-07-16 21:00:55	{"error_response":{"code":29,"msg":"Invalid app Key","sub_code":"isv.appkey-not-exists","request_id":"r4klzovlu2n3"}}
2015-07-16 21:30:04	{"error_response":{"code":29,"msg":"Invalid app Key","sub_code":"isv.appkey-not-exists","request_id":"12l7ugzo1oqk0"}}
2015-07-16 21:30:11	{"error_response":{"code":29,"msg":"Invalid app Key","sub_code":"isv.appkey-not-exists","request_id":"zt917sghsszg"}}
2015-07-16 21:30:18	{"error_response":{"code":29,"msg":"Invalid app Key","sub_code":"isv.appkey-not-exists","request_id":"zmzi28oay6tu"}}
2015-07-16 21:50:03	{"error_response":{"code":29,"msg":"Invalid app Key","sub_code":"isv.appkey-not-exists","request_id":"1475l23wokjsw"}}
2015-07-16 22:00:04	{"error_response":{"code":29,"msg":"Invalid app Key","sub_code":"isv.appkey-not-exists","request_id":"101yk7oci1b7n"}}
2015-07-16 22:00:15	{"error_response":{"code":29,"msg":"Invalid app Key","sub_code":"isv.appkey-not-exists","request_id":"zt9ta14pngg8"}}
2015-07-16 22:00:22	{"error_response":{"code":29,"msg":"Invalid app Key","sub_code":"isv.appkey-not-exists","request_id":"10ewva4xlo7va"}}
2015-07-16 22:00:28	{"error_response":{"code":29,"msg":"Invalid app Key","sub_code":"isv.appkey-not-exists","request_id":"16cejgu5au5l9"}}
2015-07-16 22:00:35	{"error_response":{"code":29,"msg":"Invalid app Key","sub_code":"isv.appkey-not-exists","request_id":"zq7h05l7icr6"}}
2015-07-16 22:00:42	{"error_response":{"code":29,"msg":"Invalid app Key","sub_code":"isv.appkey-not-exists","request_id":"r4lwrflsjksd"}}
2015-07-16 22:00:49	{"error_response":{"code":29,"msg":"Invalid app Key","sub_code":"isv.appkey-not-exists","request_id":"zq82tvoih0cr"}}
2015-07-16 22:00:55	{"error_response":{"code":29,"msg":"Invalid app Key","sub_code":"isv.appkey-not-exists","request_id":"1476plbilbbz9"}}
2015-07-16 22:30:04	{"error_response":{"code":29,"msg":"Invalid app Key","sub_code":"isv.appkey-not-exists","request_id":"10ficj9dcg4cx"}}
2015-07-16 22:30:11	{"error_response":{"code":29,"msg":"Invalid app Key","sub_code":"isv.appkey-not-exists","request_id":"10wc6mmh2ijsi"}}
2015-07-16 22:30:18	{"error_response":{"code":29,"msg":"Invalid app Key","sub_code":"isv.appkey-not-exists","request_id":"zqbps90xr301"}}
2015-07-16 23:00:05	{"error_response":{"code":29,"msg":"Invalid app Key","sub_code":"isv.appkey-not-exists","request_id":"1476a04u7w9hd"}}
2015-07-16 23:25:03	{"error_response":{"code":29,"msg":"Invalid app Key","sub_code":"isv.appkey-not-exists","request_id":"16cejgwj8md2u"}}
2015-07-16 23:30:04	{"error_response":{"code":29,"msg":"Invalid app Key","sub_code":"isv.appkey-not-exists","request_id":"10as2mxx85zb9"}}
2015-07-16 23:30:11	{"error_response":{"code":29,"msg":"Invalid app Key","sub_code":"isv.appkey-not-exists","request_id":"zt97gdl0s320"}}
2015-07-16 23:30:18	{"error_response":{"code":29,"msg":"Invalid app Key","sub_code":"isv.appkey-not-exists","request_id":"16cfbj4i8ocsu"}}
2015-07-16 23:30:24	{"error_response":{"code":29,"msg":"Invalid app Key","sub_code":"isv.appkey-not-exists","request_id":"15q0q0o99lntd"}}
2015-07-16 23:30:31	{"error_response":{"code":29,"msg":"Invalid app Key","sub_code":"isv.appkey-not-exists","request_id":"qm4tzmelbvbg"}}
2015-07-16 23:30:38	{"error_response":{"code":29,"msg":"Invalid app Key","sub_code":"isv.appkey-not-exists","request_id":"10fjdy9ifwttd"}}
