2015-07-11 06:30:03	{"error_response":{"code":29,"msg":"Invalid app Key","sub_code":"isv.appkey-not-exists","request_id":"ziojv4s0qhh8"}}
2015-07-11 07:00:04	{"error_response":{"code":29,"msg":"Invalid app Key","sub_code":"isv.appkey-not-exists","request_id":"zddr0eg52u2q"}}
2015-07-11 07:50:02	{"error_response":{"code":29,"msg":"Invalid app Key","sub_code":"isv.appkey-not-exists","request_id":"14pd7stybyjf3"}}
2015-07-11 08:00:04	{"error_response":{"code":29,"msg":"Invalid app Key","sub_code":"isv.appkey-not-exists","request_id":"ziodmpkw5if9"}}
2015-07-11 08:25:02	{"error_response":{"code":29,"msg":"Invalid app Key","sub_code":"isv.appkey-not-exists","request_id":"qm4hca5du73t"}}
2015-07-11 09:00:10	{"error_response":{"code":29,"msg":"Invalid app Key","sub_code":"isv.appkey-not-exists","request_id":"101yk1f42utcu"}}
2015-07-11 09:25:07	{"error_response":{"code":29,"msg":"Invalid app Key","sub_code":"isv.appkey-not-exists","request_id":"10fiotzgze5g9"}}
2015-07-11 09:30:04	{"error_response":{"code":29,"msg":"Invalid app Key","sub_code":"isv.appkey-not-exists","request_id":"rp99zstoz978"}}
2015-07-11 09:30:11	{"error_response":{"code":29,"msg":"Invalid app Key","sub_code":"isv.appkey-not-exists","request_id":"13yu646gnfs57"}}
2015-07-11 09:50:03	{"error_response":{"code":29,"msg":"Invalid app Key","sub_code":"isv.appkey-not-exists","request_id":"r4kcgs436eqg"}}
2015-07-11 10:00:03	{"error_response":{"code":29,"msg":"Invalid app Key","sub_code":"isv.appkey-not-exists","request_id":"15pzf2p4g6jrv"}}
2015-07-11 10:00:04	{"error_response":{"code":29,"msg":"Invalid app Key","sub_code":"isv.appkey-not-exists","request_id":"12lotf3d3k0gu"}}
2015-07-11 10:25:03	{"error_response":{"code":29,"msg":"Invalid app Key","sub_code":"isv.appkey-not-exists","request_id":"10fd260nljcwz"}}
2015-07-11 10:25:03	{"error_response":{"code":29,"msg":"Invalid app Key","sub_code":"isv.appkey-not-exists","request_id":"zq88w6k6mz5o"}}
2015-07-11 10:25:03	{"error_response":{"code":29,"msg":"Invalid app Key","sub_code":"isv.appkey-not-exists","request_id":"15q85zlmtb94h"}}
2015-07-11 10:25:26	{"error_response":{"code":29,"msg":"Invalid app Key","sub_code":"isv.appkey-not-exists","request_id":"r4lqcr0scykr"}}
2015-07-11 10:30:11	{"error_response":{"code":29,"msg":"Invalid app Key","sub_code":"isv.appkey-not-exists","request_id":"zq6lni6re681"}}
2015-07-11 10:30:18	{"error_response":{"code":29,"msg":"Invalid app Key","sub_code":"isv.appkey-not-exists","request_id":"10wc9knsx6baz"}}
2015-07-11 10:30:25	{"error_response":{"code":29,"msg":"Invalid app Key","sub_code":"isv.appkey-not-exists","request_id":"12l8md1nh8670"}}
2015-07-11 10:50:22	{"error_response":{"code":29,"msg":"Invalid app Key","sub_code":"isv.appkey-not-exists","request_id":"10fcmkt0tzp10"}}
2015-07-11 11:00:16	{"error_response":{"code":29,"msg":"Invalid app Key","sub_code":"isv.appkey-not-exists","request_id":"zq5qh2cd58ol"}}
2015-07-11 11:00:17	{"error_response":{"code":29,"msg":"Invalid app Key","sub_code":"isv.appkey-not-exists","request_id":"12ckkde84kczp"}}
2015-07-11 11:01:36	{"error_response":{"code":29,"msg":"Invalid app Key","sub_code":"isv.appkey-not-exists","request_id":"r4ldvskckbig"}}
2015-07-11 11:25:04	{"error_response":{"code":29,"msg":"Invalid app Key","sub_code":"isv.appkey-not-exists","request_id":"ziodmvd6yhfz"}}
2015-07-11 11:25:12	{"error_response":{"code":29,"msg":"Invalid app Key","sub_code":"isv.appkey-not-exists","request_id":"10fiou2uztr1s"}}
2015-07-11 11:30:28	{"error_response":{"code":29,"msg":"Invalid app Key","sub_code":"isv.appkey-not-exists","request_id":"13yu649uvs8kk"}}
2015-07-11 11:30:35	{"error_response":{"code":29,"msg":"Invalid app Key","sub_code":"isv.appkey-not-exists","request_id":"ztbd8bsaivzv"}}
2015-07-11 11:30:47	{"error_response":{"code":29,"msg":"Invalid app Key","sub_code":"isv.appkey-not-exists","request_id":"rp99zw8cooid"}}
2015-07-11 11:50:04	{"error_response":{"code":29,"msg":"Invalid app Key","sub_code":"isv.appkey-not-exists","request_id":"qm33gi0yksxg"}}
2015-07-11 12:00:04	{"error_response":{"code":29,"msg":"Invalid app Key","sub_code":"isv.appkey-not-exists","request_id":"qm3pa8e7hx40"}}
2015-07-11 12:25:02	{"error_response":{"code":29,"msg":"Invalid app Key","sub_code":"isv.appkey-not-exists","request_id":"10fcgcdyfolr0"}}
2015-07-11 12:30:05	{"error_response":{"code":29,"msg":"Invalid app Key","sub_code":"isv.appkey-not-exists","request_id":"10fjds3naqud9"}}
2015-07-11 13:00:04	{"error_response":{"code":29,"msg":"Invalid app Key","sub_code":"isv.appkey-not-exists","request_id":"101ydt458mdiw"}}
2015-07-11 13:00:10	{"error_response":{"code":29,"msg":"Invalid app Key","sub_code":"isv.appkey-not-exists","request_id":"12lrujuvhm2bs"}}
2015-07-11 14:00:04	{"error_response":{"code":29,"msg":"Invalid app Key","sub_code":"isv.appkey-not-exists","request_id":"r4m2twk29uqh"}}
2015-07-11 14:30:04	{"error_response":{"code":29,"msg":"Invalid app Key","sub_code":"isv.appkey-not-exists","request_id":"zq82nvqjmkm4"}}
2015-07-11 14:30:10	{"error_response":{"code":29,"msg":"Invalid app Key","sub_code":"isv.appkey-not-exists","request_id":"qm3ctd5jizye"}}
2015-07-11 14:50:03	{"error_response":{"code":29,"msg":"Invalid app Key","sub_code":"isv.appkey-not-exists","request_id":"15pyn0phfzm7q"}}
2015-07-11 15:00:03	{"error_response":{"code":29,"msg":"Invalid app Key","sub_code":"isv.appkey-not-exists","request_id":"r4kfl9qd91qz"}}
2015-07-11 15:00:04	{"error_response":{"code":29,"msg":"Invalid app Key","sub_code":"isv.appkey-not-exists","request_id":"10fe0gxzb0n5o"}}
2015-07-11 15:00:25	{"error_response":{"code":29,"msg":"Invalid app Key","sub_code":"isv.appkey-not-exists","request_id":"zq7n2o8wvmmn"}}
2015-07-11 15:00:45	{"error_response":{"code":29,"msg":"Invalid app Key","sub_code":"isv.appkey-not-exists","request_id":"ze26a967ajsf"}}
2015-07-11 15:00:55	{"error_response":{"code":29,"msg":"Invalid app Key","sub_code":"isv.appkey-not-exists","request_id":"15q00wnp8djps"}}
2015-07-11 15:30:05	{"error_response":{"code":29,"msg":"Invalid app Key","sub_code":"isv.appkey-not-exists","request_id":"14pd7t6xsm98s"}}
2015-07-11 15:30:35	{"error_response":{"code":29,"msg":"Invalid app Key","sub_code":"isv.appkey-not-exists","request_id":"10fdhrhmjcf8r"}}
2015-07-11 15:31:08	{"error_response":{"code":29,"msg":"Invalid app Key","sub_code":"isv.appkey-not-exists","request_id":"14pd7t6yunq4c"}}
2015-07-11 15:31:42	{"error_response":{"code":29,"msg":"Invalid app Key","sub_code":"isv.appkey-not-exists","request_id":"zta5l2f4p7h9"}}
2015-07-11 15:32:47	{"error_response":{"code":29,"msg":"Invalid app Key","sub_code":"isv.appkey-not-exists","request_id":"12kbd2ocu2ky7"}}
2015-07-11 15:50:03	{"error_response":{"code":29,"msg":"Invalid app Key","sub_code":"isv.appkey-not-exists","request_id":"zq8rlwy6w755"}}
2015-07-11 15:50:13	{"error_response":{"code":29,"msg":"Invalid app Key","sub_code":"isv.appkey-not-exists","request_id":"qm39p6jku41s"}}
2015-07-11 15:50:24	{"error_response":{"code":29,"msg":"Invalid app Key","sub_code":"isv.appkey-not-exists","request_id":"12lkqvse4uqgd"}}
2015-07-11 16:00:03	{"error_response":{"code":29,"msg":"Invalid app Key","sub_code":"isv.appkey-not-exists","request_id":"qm2u3yh3gfgm"}}
2015-07-11 16:00:12	{"error_response":{"code":29,"msg":"Invalid app Key","sub_code":"isv.appkey-not-exists","request_id":"15q0a9fzd2x5o"}}
2015-07-11 16:00:20	{"error_response":{"code":29,"msg":"Invalid app Key","sub_code":"isv.appkey-not-exists","request_id":"r4l1f1ipcxvo"}}
2015-07-11 16:00:29	{"error_response":{"code":29,"msg":"Invalid app Key","sub_code":"isv.appkey-not-exists","request_id":"zqbpmasvrgby"}}
2015-07-11 16:00:38	{"error_response":{"code":29,"msg":"Invalid app Key","sub_code":"isv.appkey-not-exists","request_id":"r4l7nj9lnqgo"}}
2015-07-11 16:25:02	{"error_response":{"code":29,"msg":"Invalid app Key","sub_code":"isv.appkey-not-exists","request_id":"13yu64i672i9v"}}
2015-07-11 16:25:03	{"error_response":{"code":29,"msg":"Invalid app Key","sub_code":"isv.appkey-not-exists","request_id":"ziojvlkleedc"}}
2015-07-11 16:25:09	{"error_response":{"code":29,"msg":"Invalid app Key","sub_code":"isv.appkey-not-exists","request_id":"15py17230hch5"}}
2015-07-11 16:30:03	{"error_response":{"code":29,"msg":"Invalid app Key","sub_code":"isv.appkey-not-exists","request_id":"zq8f4ylnm5gu"}}
2015-07-11 16:30:10	{"error_response":{"code":29,"msg":"Invalid app Key","sub_code":"isv.appkey-not-exists","request_id":"qm3pag0ng4un"}}
2015-07-11 16:50:03	{"error_response":{"code":29,"msg":"Invalid app Key","sub_code":"isv.appkey-not-exists","request_id":"1476g2owv6b5s"}}
2015-07-11 16:50:03	{"error_response":{"code":29,"msg":"Invalid app Key","sub_code":"isv.appkey-not-exists","request_id":"r4kv6l6mj5g7"}}
2015-07-11 17:00:04	{"error_response":{"code":29,"msg":"Invalid app Key","sub_code":"isv.appkey-not-exists","request_id":"ze1qp46yot8z"}}
2015-07-11 17:00:18	{"error_response":{"code":29,"msg":"Invalid app Key","sub_code":"isv.appkey-not-exists","request_id":"ze2fn35kb69n"}}
2015-07-11 17:30:02	{"error_response":{"code":29,"msg":"Invalid app Key","sub_code":"isv.appkey-not-exists","request_id":"15pydo3e4p6rq"}}
2015-07-11 17:30:09	{"error_response":{"code":29,"msg":"Invalid app Key","sub_code":"isv.appkey-not-exists","request_id":"qm44vq238vbe"}}
2015-07-11 18:00:32	{"error_response":{"code":29,"msg":"Invalid app Key","sub_code":"isv.appkey-not-exists","request_id":"101yqac3qvsog"}}
2015-07-11 18:01:09	{"error_response":{"code":29,"msg":"Invalid app Key","sub_code":"isv.appkey-not-exists","request_id":"zqdvkjxwjiwk"}}
2015-07-11 18:30:02	{"error_response":{"code":29,"msg":"Invalid app Key","sub_code":"isv.appkey-not-exists","request_id":"zddho7bc19i7"}}
2015-07-11 19:00:03	{"error_response":{"code":29,"msg":"Invalid app Key","sub_code":"isv.appkey-not-exists","request_id":"zt9120zzczif"}}
2015-07-11 19:50:02	{"error_response":{"code":29,"msg":"Invalid app Key","sub_code":"isv.appkey-not-exists","request_id":"qm3vj3ec4anh"}}
2015-07-11 20:00:03	{"error_response":{"code":29,"msg":"Invalid app Key","sub_code":"isv.appkey-not-exists","request_id":"15q8opj2uh712"}}
2015-07-11 20:50:03	{"error_response":{"code":29,"msg":"Invalid app Key","sub_code":"isv.appkey-not-exists","request_id":"ztai2avsi0d8"}}
2015-07-11 21:00:03	{"error_response":{"code":29,"msg":"Invalid app Key","sub_code":"isv.appkey-not-exists","request_id":"r4klu1mrk87j"}}
2015-07-11 21:00:16	{"error_response":{"code":29,"msg":"Invalid app Key","sub_code":"isv.appkey-not-exists","request_id":"rp96w3fpmvsu"}}
2015-07-11 21:30:02	{"error_response":{"code":29,"msg":"Invalid app Key","sub_code":"isv.appkey-not-exists","request_id":"zq8i9fxrhm34"}}
2015-07-11 22:30:02	{"error_response":{"code":29,"msg":"Invalid app Key","sub_code":"isv.appkey-not-exists","request_id":"zq9437ptaw84"}}
2015-07-11 23:00:04	{"error_response":{"code":29,"msg":"Invalid app Key","sub_code":"isv.appkey-not-exists","request_id":"10fc7059t7itg"}}
2015-07-11 23:00:15	{"error_response":{"code":29,"msg":"Invalid app Key","sub_code":"isv.appkey-not-exists","request_id":"15q041a3lcot6"}}
